Reading timing models for corner nom_tt_025C_1v80…
Reading timing library for the 'nom_tt_025C_1v80' corner at '/Users/rein/projects/librelane/pdks/ciel/ciel/sky130/versions/8afc8346a57fe1ab7934ba5a6056ea8b43078e71/sky130A/libs.ref/sky130_fd_sc_hd/lib/sky130_fd_sc_hd__tt_025C_1v80.lib'…
Reading OpenROAD database at '/Users/rein/mips_pipeline/runs/RUN_2026-05-15_12-29-19/21-openroad-generatepdn/mips_top.odb'…
Reading design constraints file at '/nix/store/7xzs1bi9a4c6d3r2fd77rbyy4dv6cqs8-python3-3.13.9-env/lib/python3.13/site-packages/librelane/scripts/base.sdc'…
[INFO] Using clock clk…
[INFO] Setting output delay to: 4
[INFO] Setting input delay to: 4
[INFO] Setting load to: 0.033442
[INFO] Setting clock uncertainty to: 0.25
[INFO] Setting clock transition to: 0.1499999999999999944488848768742172978818416595458984375
[INFO] Setting timing derate to: 5%
+ global_placement -density 0.45 -skip_io -pad_right 0 -pad_left 0 -init_wirelength_coef 0.25
[INFO GPL-0001] ---- Initialize GPL Main Data Structures
[INFO GPL-0002] DBU: 1000
[INFO GPL-0003] SiteSize: (  0.460  2.720 ) um
[INFO GPL-0004] CoreBBox: (  5.520 10.880 ) ( 68.540 73.440 ) um
[INFO GPL-0036] Movable instances area:       1591.526 um^2
[INFO GPL-0037] Total instances area:         1826.752 um^2
[INFO GPL-0035] Pin density area adjust:       165.686 um^2
[INFO GPL-0032] ---- Initialize Region: Top-level
[INFO GPL-0006] Number of instances:               276
[INFO GPL-0007] Movable instances:                 180
[INFO GPL-0008] Fixed instances:                    96
[INFO GPL-0009] Dummy instances:                     0
[INFO GPL-0010] Number of nets:                    182
[INFO GPL-0011] Number of pins:                    479
[INFO GPL-0012] Die BBox:  (  0.000  0.000 ) ( 74.115 84.835 ) um
[INFO GPL-0013] Core BBox: (  5.520 10.880 ) ( 68.540 73.440 ) um
[INFO GPL-0016] Core area:                    3942.531 um^2
[INFO GPL-0014] Region name: top-level.
[INFO GPL-0015] Region area:                  3942.531 um^2
[INFO GPL-0017] Fixed instances area:          235.226 um^2
[INFO GPL-0018] Movable instances area:       1757.213 um^2
[INFO GPL-0019] Utilization:                    47.399 %
[INFO GPL-0020] Standard cells area:          1757.213 um^2
[INFO GPL-0021] Large instances area:            0.000 um^2
[INFO GPL-0005] ---- Execute Conjugate Gradient Initial Placement.
[INFO GPL-0051] Source of initial instance position counters:
	Odb location = 0	Core center = 180	Region center = 0
[INFO GPL-0033] ---- Initialize Nesterov Region: Top-level
[WARNING GPL-0302] Target density 0.4500 is too low for the available free area.
Automatically adjusting to uniform density 0.4800.
[INFO GPL-0023] Placement target density:       0.4800
[INFO GPL-0024] Movable insts average area:      9.762 um^2
[INFO GPL-0025] Ideal bin area:                 20.338 um^2
[INFO GPL-0026] Ideal bin count:                   193
[INFO GPL-0027] Total bin area:               3942.531 um^2
[INFO GPL-0028] Bin count (X, Y):           8 ,      8
[INFO GPL-0029] Bin size (W * H):       7.878 *  7.820 um
[INFO GPL-0030] Number of bins:                     64
[INFO GPL-0007] ---- Execute Nesterov Global Placement.
[INFO GPL-0031] HPWL: Half-Perimeter Wirelength
Iteration | Overflow |     HPWL (um) |  HPWL(%) |   Penalty | Group
---------------------------------------------------------------
        0 |   0.9345 |  2.884900e+02 |   +0.00% |  9.16e-14 |      
       10 |   0.9345 |  2.341720e+02 |  -18.83% |  1.49e-13 |      
       20 |   0.9345 |  2.343540e+02 |   +0.08% |  2.43e-13 |      
       30 |   0.9345 |  2.343760e+02 |   +0.01% |  3.96e-13 |      
       40 |   0.9345 |  2.343610e+02 |   -0.01% |  6.45e-13 |      
       50 |   0.9345 |  2.343350e+02 |   -0.01% |  1.05e-12 |      
       60 |   0.9345 |  2.343040e+02 |   -0.01% |  1.71e-12 |      
       70 |   0.9345 |  2.343900e+02 |   +0.04% |  2.79e-12 |      
       80 |   0.9345 |  2.345860e+02 |   +0.08% |  4.54e-12 |      
       90 |   0.9339 |  2.359130e+02 |   +0.57% |  7.40e-12 |      
      100 |   0.9195 |  2.422440e+02 |   +2.68% |  1.20e-11 |      
      110 |   0.8700 |  2.620490e+02 |   +8.18% |  1.96e-11 |      
      120 |   0.8100 |  2.823290e+02 |   +7.74% |  3.20e-11 |      
      130 |   0.7932 |  2.851990e+02 |   +1.02% |  5.21e-11 |      
      140 |   0.7911 |  2.661590e+02 |   -6.68% |  8.48e-11 |      
      150 |   0.7777 |  2.619440e+02 |   -1.58% |  1.38e-10 |      
      160 |   0.7249 |  3.046370e+02 |  +16.30% |  2.25e-10 |      
      170 |   0.6584 |  3.321110e+02 |   +9.02% |  3.67e-10 |      
      180 |   0.6729 |  3.383160e+02 |   +1.87% |  5.97e-10 |      
      190 |   0.5652 |  4.099490e+02 |  +21.17% |  9.73e-10 |      
      200 |   0.5550 |  4.136240e+02 |   +0.90% |  1.58e-09 |      
      210 |   0.4724 |  4.496380e+02 |   +8.71% |  2.58e-09 |      
      220 |   0.4780 |  4.576520e+02 |   +1.78% |  4.20e-09 |      
      230 |   0.4340 |  5.100220e+02 |  +11.44% |  6.85e-09 |      
      240 |   0.4172 |  5.444890e+02 |   +6.76% |  1.12e-08 |      
      250 |   0.3788 |  5.754230e+02 |   +5.68% |  1.82e-08 |      
      260 |   0.3530 |  6.198350e+02 |   +7.72% |  2.96e-08 |      
      270 |   0.3391 |  6.628750e+02 |   +6.94% |  4.49e-08 |      
      280 |   0.3079 |  7.113450e+02 |   +7.31% |  6.62e-08 |      
      290 |   0.2709 |  7.443750e+02 |   +4.64% |  9.75e-08 |      
      300 |   0.2373 |  7.909180e+02 |   +6.25% |  1.44e-07 |      
      310 |   0.2088 |  8.305870e+02 |   +5.02% |  2.12e-07 |      
      320 |   0.1775 |  8.602520e+02 |   +3.57% |  3.12e-07 |      
      330 |   0.1529 |  8.923990e+02 |   +3.74% |  4.59e-07 |      
      340 |   0.1234 |  9.117690e+02 |   +2.17% |  6.77e-07 |      
      350 |   0.0974 |  9.250480e+02 |   +1.46% |  9.97e-07 |      
      350 |   0.0974 |  9.250480e+02 |          |  1.04e-06 |      
---------------------------------------------------------------
[INFO GPL-1001] Global placement finished at iteration 350
[INFO GPL-1002] Placed Cell Area             1757.2127
[INFO GPL-1003] Available Free Area          3707.3056
[INFO GPL-1004] Minimum Feasible Density        0.4800 (cell_area / free_area)
[INFO GPL-1006]   Suggested Target Densities:
[INFO GPL-1007]     - For 90% usage of free space: 0.5267
[INFO GPL-1008]     - For 80% usage of free space: 0.5925
[INFO GPL-1009]     - For 50% usage of free space: 0.9480
[INFO GPL-1014] Final placement area: 1757.21 (+0.00%)
Setting global connections for newly added cells…
[INFO] Setting global connections...
[INFO ODB-0403] 0 connections made, 0 conflicts skipped.
Updating metrics…
Cell type report:                       Count       Area
  Fill cell                                46     172.67
  Tap cell                                 50      62.56
  Sequential cell                          30     638.11
  Multi-Input combinational cell          150     953.41
  Total                                   276    1826.75
Writing OpenROAD database to '/Users/rein/mips_pipeline/runs/RUN_2026-05-15_12-29-19/24-openroad-globalplacementskipio/mips_top.odb'…
Writing netlist to '/Users/rein/mips_pipeline/runs/RUN_2026-05-15_12-29-19/24-openroad-globalplacementskipio/mips_top.nl.v'…
Writing powered netlist to '/Users/rein/mips_pipeline/runs/RUN_2026-05-15_12-29-19/24-openroad-globalplacementskipio/mips_top.pnl.v'…
Writing layout to '/Users/rein/mips_pipeline/runs/RUN_2026-05-15_12-29-19/24-openroad-globalplacementskipio/mips_top.def'…
Writing timing constraints to '/Users/rein/mips_pipeline/runs/RUN_2026-05-15_12-29-19/24-openroad-globalplacementskipio/mips_top.sdc'…
