                               Cells by Function                                
┏━━━━━━━━━━━━━━━━━━━━━━━━━━━━━━━━━━━━━━━━━━━━━━━━━━━━━━━━━━━━━━━━┳━━━━━━━━━━━━━┓
┃ Cell Function                                                  ┃ Count       ┃
┡━━━━━━━━━━━━━━━━━━━━━━━━━━━━━━━━━━━━━━━━━━━━━━━━━━━━━━━━━━━━━━━━╇━━━━━━━━━━━━━┩
│ sky130_fd_sc_hd__a21oi                                         │ 19          │
│ sky130_fd_sc_hd__and2                                          │ 9           │
│ sky130_fd_sc_hd__and3                                          │ 9           │
│ sky130_fd_sc_hd__and4                                          │ 7           │
│ sky130_fd_sc_hd__buf                                           │ 2           │
│ sky130_fd_sc_hd__clkbuf                                        │ 7           │
│ sky130_fd_sc_hd__clkdlybuf4s25                                 │ 35          │
│ sky130_fd_sc_hd__conb                                          │ 66          │
│ sky130_fd_sc_hd__decap                                         │ 331         │
│ sky130_fd_sc_hd__dfxtp                                         │ 30          │
│ sky130_fd_sc_hd__dlygate4sd3                                   │ 35          │
│ sky130_fd_sc_hd__fill                                          │ 107         │
│ sky130_fd_sc_hd__nor2                                          │ 11          │
│ sky130_fd_sc_hd__nor3                                          │ 9           │
│ sky130_fd_sc_hd__o21a                                          │ 20          │
│ sky130_fd_sc_hd__tapvpwrvgnd                                   │ 50          │
└────────────────────────────────────────────────────────────────┴─────────────┘
