[WARNING ORD-0039] .openroad ignored with -python
                                Cells by Master                                 
┏━━━━━━━━━━━━━━━━━━━━━━━━━━━━━━━━━━━━━━━━━━━━━━━━━━━━━━━━━━━━━━━━┳━━━━━━━━━━━━━┓
┃ Cell                                                           ┃ Count       ┃
┡━━━━━━━━━━━━━━━━━━━━━━━━━━━━━━━━━━━━━━━━━━━━━━━━━━━━━━━━━━━━━━━━╇━━━━━━━━━━━━━┩
│ sky130_fd_sc_hd__a21oi_2                                       │ 19          │
│ sky130_fd_sc_hd__and2_2                                        │ 9           │
│ sky130_fd_sc_hd__and3_2                                        │ 9           │
│ sky130_fd_sc_hd__and4_2                                        │ 7           │
│ sky130_fd_sc_hd__buf_4                                         │ 2           │
│ sky130_fd_sc_hd__clkbuf_16                                     │ 5           │
│ sky130_fd_sc_hd__clkbuf_4                                      │ 2           │
│ sky130_fd_sc_hd__clkdlybuf4s25_1                               │ 35          │
│ sky130_fd_sc_hd__conb_1                                        │ 66          │
│ sky130_fd_sc_hd__decap_3                                       │ 331         │
│ sky130_fd_sc_hd__dfxtp_2                                       │ 30          │
│ sky130_fd_sc_hd__dlygate4sd3_1                                 │ 35          │
│ sky130_fd_sc_hd__fill_1                                        │ 62          │
│ sky130_fd_sc_hd__fill_2                                        │ 45          │
│ sky130_fd_sc_hd__nor2_2                                        │ 11          │
│ sky130_fd_sc_hd__nor3_2                                        │ 9           │
│ sky130_fd_sc_hd__o21a_2                                        │ 20          │
│ sky130_fd_sc_hd__tapvpwrvgnd_1                                 │ 50          │
└────────────────────────────────────────────────────────────────┴─────────────┘
                               Cells by Function                                
┏━━━━━━━━━━━━━━━━━━━━━━━━━━━━━━━━━━━━━━━━━━━━━━━━━━━━━━━━━━━━━━━━┳━━━━━━━━━━━━━┓
┃ Cell Function                                                  ┃ Count       ┃
┡━━━━━━━━━━━━━━━━━━━━━━━━━━━━━━━━━━━━━━━━━━━━━━━━━━━━━━━━━━━━━━━━╇━━━━━━━━━━━━━┩
│ sky130_fd_sc_hd__a21oi                                         │ 19          │
│ sky130_fd_sc_hd__and2                                          │ 9           │
│ sky130_fd_sc_hd__and3                                          │ 9           │
│ sky130_fd_sc_hd__and4                                          │ 7           │
│ sky130_fd_sc_hd__buf                                           │ 2           │
│ sky130_fd_sc_hd__clkbuf                                        │ 7           │
│ sky130_fd_sc_hd__clkdlybuf4s25                                 │ 35          │
│ sky130_fd_sc_hd__conb                                          │ 66          │
│ sky130_fd_sc_hd__decap                                         │ 331         │
│ sky130_fd_sc_hd__dfxtp                                         │ 30          │
│ sky130_fd_sc_hd__dlygate4sd3                                   │ 35          │
│ sky130_fd_sc_hd__fill                                          │ 107         │
│ sky130_fd_sc_hd__nor2                                          │ 11          │
│ sky130_fd_sc_hd__nor3                                          │ 9           │
│ sky130_fd_sc_hd__o21a                                          │ 20          │
│ sky130_fd_sc_hd__tapvpwrvgnd                                   │ 50          │
└────────────────────────────────────────────────────────────────┴─────────────┘
                                  Cells by SCL                                  
┏━━━━━━━━━━━━━━━━━━━━━━━━━━━━━━━━━━━━━━━━━━━━━━━━━━━━━━━┳━━━━━━━━━━━━━━━━━━━━━━┓
┃ SCL                                                   ┃ Count                ┃
┡━━━━━━━━━━━━━━━━━━━━━━━━━━━━━━━━━━━━━━━━━━━━━━━━━━━━━━━╇━━━━━━━━━━━━━━━━━━━━━━┩
│ sky130_fd_sc_hd                                       │ 747                  │
└───────────────────────────────────────────────────────┴──────────────────────┘
                             Buffers by Cell Master                             
┏━━━━━━━━━━━━━━━━━━━━━━━━━━━━━━━━━━━━━━━━━━━━━━━━━━━━━━━━━━━━━━━━┳━━━━━━━━━━━━━┓
┃ Buffer                                                         ┃ Count       ┃
┡━━━━━━━━━━━━━━━━━━━━━━━━━━━━━━━━━━━━━━━━━━━━━━━━━━━━━━━━━━━━━━━━╇━━━━━━━━━━━━━┩
│ sky130_fd_sc_hd__buf_4                                         │ 2           │
│ sky130_fd_sc_hd__clkbuf_16                                     │ 5           │
│ sky130_fd_sc_hd__clkbuf_4                                      │ 2           │
│ sky130_fd_sc_hd__clkdlybuf4s25_1                               │ 35          │
│ sky130_fd_sc_hd__dlygate4sd3_1                                 │ 35          │
└────────────────────────────────────────────────────────────────┴─────────────┘
