Clock: clk
Sources: clk 
Generated: no
Virtual: yes
Propagated: no
Period: 20.000000

===========================================================================
report_clock_properties
============================================================================
Clock                   Period          Waveform
----------------------------------------------------
clk                  20.000000    0.000000 10.000000

===========================================================================
report_clock_latency
============================================================================
Clock clk
rise -> rise
    min     max
0.000000 0.000000 source latency
0.250971         network latency _172_/CLK
        0.251506 network latency _185_/CLK
---------------
0.250971 0.251506 latency
        0.000535 skew

fall -> fall
    min     max
0.000000 0.000000 source latency
0.120141         network latency _172_/CLK
        0.120639 network latency _185_/CLK
---------------
0.120141 0.120639 latency
        0.000497 skew



===========================================================================
report_clock_min_period
============================================================================
clk period_min = 3.37 fmax = 296.93
