Reading technology LEF file at '/Users/rein/projects/librelane/pdks/ciel/ciel/sky130/versions/8afc8346a57fe1ab7934ba5a6056ea8b43078e71/sky130A/libs.ref/sky130_fd_sc_hd/techlef/sky130_fd_sc_hd__max.tlef'…
[INFO ODB-0227] LEF file: /Users/rein/projects/librelane/pdks/ciel/ciel/sky130/versions/8afc8346a57fe1ab7934ba5a6056ea8b43078e71/sky130A/libs.ref/sky130_fd_sc_hd/techlef/sky130_fd_sc_hd__max.tlef, created 14 layers, 25 vias
Reading cell LEF file at '/Users/rein/projects/librelane/pdks/ciel/ciel/sky130/versions/8afc8346a57fe1ab7934ba5a6056ea8b43078e71/sky130A/libs.ref/sky130_fd_sc_hd/lef/sky130_ef_sc_hd.lef'…
[WARNING ODB-0220] WARNING (LEFPARS-2008): NOWIREEXTENSIONATPIN statement is obsolete in version 5.6 or later.
The NOWIREEXTENSIONATPIN statement will be ignored. See file /Users/rein/projects/librelane/pdks/ciel/ciel/sky130/versions/8afc8346a57fe1ab7934ba5a6056ea8b43078e71/sky130A/libs.ref/sky130_fd_sc_hd/lef/sky130_ef_sc_hd.lef at line 2.

[INFO ODB-0227] LEF file: /Users/rein/projects/librelane/pdks/ciel/ciel/sky130/versions/8afc8346a57fe1ab7934ba5a6056ea8b43078e71/sky130A/libs.ref/sky130_fd_sc_hd/lef/sky130_ef_sc_hd.lef, created 8 library cells
Reading cell LEF file at '/Users/rein/projects/librelane/pdks/ciel/ciel/sky130/versions/8afc8346a57fe1ab7934ba5a6056ea8b43078e71/sky130A/libs.ref/sky130_fd_sc_hd/lef/sky130_fd_sc_hd.lef'…
[WARNING ODB-0220] WARNING (LEFPARS-2008): NOWIREEXTENSIONATPIN statement is obsolete in version 5.6 or later.
The NOWIREEXTENSIONATPIN statement will be ignored. See file /Users/rein/projects/librelane/pdks/ciel/ciel/sky130/versions/8afc8346a57fe1ab7934ba5a6056ea8b43078e71/sky130A/libs.ref/sky130_fd_sc_hd/lef/sky130_fd_sc_hd.lef at line 2.

[INFO ODB-0227] LEF file: /Users/rein/projects/librelane/pdks/ciel/ciel/sky130/versions/8afc8346a57fe1ab7934ba5a6056ea8b43078e71/sky130A/libs.ref/sky130_fd_sc_hd/lef/sky130_fd_sc_hd.lef, created 437 library cells
[INFO ODB-0127] Reading DEF file: /Users/rein/mips_pipeline/runs/RUN_2026-05-15_12-29-19/53-odb-cellfrequencytables/mips_top.def
[INFO ODB-0128] Design: mips_top
[INFO ODB-0130]     Created 100 pins.
[INFO ODB-0131]     Created 747 components and 3591 component-terminals.
[INFO ODB-0132]     Created 2 special nets and 2888 connections.
[INFO ODB-0133]     Created 259 nets and 635 connections.
[INFO ODB-0134] Finished DEF file: /Users/rein/mips_pipeline/runs/RUN_2026-05-15_12-29-19/53-odb-cellfrequencytables/mips_top.def
Using RCX ruleset '/Users/rein/projects/librelane/pdks/ciel/ciel/sky130/versions/8afc8346a57fe1ab7934ba5a6056ea8b43078e71/sky130A/libs.tech/openlane/rules.openrcx.sky130A.max.calibre'…
[INFO RCX-0431] Defined process_corner CURRENT_CORNER with ext_model_index 0
[INFO RCX-0029] Defined extraction corner CURRENT_CORNER
+ extract_parasitics  -ext_model_file /Users/rein/projects/librelane/pdks/ciel/ciel/sky130/versions/8afc8346a57fe1ab7934ba5a6056ea8b43078e71/sky130A/libs.tech/openlane/rules.openrcx.sky130A.max.calibre -lef_res
[INFO RCX-0435] Reading extraction model file /Users/rein/projects/librelane/pdks/ciel/ciel/sky130/versions/8afc8346a57fe1ab7934ba5a6056ea8b43078e71/sky130A/libs.tech/openlane/rules.openrcx.sky130A.max.calibre ...
[INFO RCX-0436] RC segment generation mips_top (max_merge_res 50.0) ...
[INFO RCX-0040] Final 897 rc segments
[INFO RCX-0439] Coupling Cap extraction mips_top ...
[INFO RCX-0440] Coupling threshhold is 0.1000 fF, coupling capacitance less than 0.1000 fF will be grounded.
[INFO RCX-0442] 55% of 1209 wires extracted
[INFO RCX-0442] 100% of 1209 wires extracted
[INFO RCX-0045] Extract 259 nets, 1156 rsegs, 1156 caps, 1055 ccs
Setting global connections for newly added cells…
[INFO] Setting global connections...
[INFO ODB-0403] 0 connections made, 0 conflicts skipped.
Updating metrics…
Cell type report:                       Count       Area
  Fill cell                               438    1432.62
  Tap cell                                 50      62.56
  Standard cell                           259    2447.35
  Total                                   747    3942.53
Writing extracted parasitics to '/Users/rein/mips_pipeline/runs/RUN_2026-05-15_12-29-19/54-openroad-rcx/max/mips_top.max.spef'…
[INFO RCX-0443] 259 nets finished
