Reading timing models for corner nom_tt_025C_1v80…
Reading timing library for the 'nom_tt_025C_1v80' corner at '/Users/rein/projects/librelane/pdks/ciel/ciel/sky130/versions/8afc8346a57fe1ab7934ba5a6056ea8b43078e71/sky130A/libs.ref/sky130_fd_sc_hd/lib/sky130_fd_sc_hd__tt_025C_1v80.lib'…
Reading OpenROAD database at '/Users/rein/mips_pipeline/runs/RUN_2026-05-15_12-29-19/48-odb-reportdisconnectedpins/mips_top.odb'…
Reading design constraints file at '/nix/store/7xzs1bi9a4c6d3r2fd77rbyy4dv6cqs8-python3-3.13.9-env/lib/python3.13/site-packages/librelane/scripts/base.sdc'…
[INFO] Using clock clk…
[INFO] Setting output delay to: 4
[INFO] Setting input delay to: 4
[INFO] Setting load to: 0.033442
[INFO] Setting clock uncertainty to: 0.25
[INFO] Setting clock transition to: 0.1499999999999999944488848768742172978818416595458984375
[INFO] Setting timing derate to: 5%
sky130_fd_sc_hd__decap_3 sky130_fd_sc_hd__fill_2 sky130_fd_sc_hd__fill_1
[INFO DPL-0001] Placed 392 filler instances.
Setting global connections for newly added cells…
[INFO] Setting global connections...
[INFO ODB-0403] 1568 connections made, 0 conflicts skipped.
Updating metrics…
Cell type report:                       Count       Area
  Fill cell                               438    1432.62
  Tap cell                                 50      62.56
  Clock buffer                              7     140.13
  Timing Repair Buffer                     72     715.69
  Sequential cell                          30     638.11
  Multi-Input combinational cell          150     953.41
  Total                                   747    3942.53
Writing OpenROAD database to '/Users/rein/mips_pipeline/runs/RUN_2026-05-15_12-29-19/52-openroad-fillinsertion/mips_top.odb'…
Writing netlist to '/Users/rein/mips_pipeline/runs/RUN_2026-05-15_12-29-19/52-openroad-fillinsertion/mips_top.nl.v'…
Writing powered netlist to '/Users/rein/mips_pipeline/runs/RUN_2026-05-15_12-29-19/52-openroad-fillinsertion/mips_top.pnl.v'…
Writing layout to '/Users/rein/mips_pipeline/runs/RUN_2026-05-15_12-29-19/52-openroad-fillinsertion/mips_top.def'…
Writing timing constraints to '/Users/rein/mips_pipeline/runs/RUN_2026-05-15_12-29-19/52-openroad-fillinsertion/mips_top.sdc'…
