
===========================================================================
report_checks -unconstrained
===========================================================================
======================= nom_tt_025C_1v80 Corner ===================================

Startpoint: rst (input port clocked by clk)
Endpoint: _190_ (rising edge-triggered flip-flop clocked by clk)
Path Group: clk
Path Type: max

Fanout         Cap        Slew       Delay        Time   Description
---------------------------------------------------------------------------------------------
                                  0.000000    0.000000   clock clk (rise edge)
                                  0.000000    0.000000   clock network delay (propagated)
                                  4.000000    4.000000 ^ input external delay
     1    0.003610    0.023246    0.013157    4.013157 ^ rst (in)
                                                         rst (net)
                      0.023246    0.000000    4.013157 ^ input1/A (sky130_fd_sc_hd__clkdlybuf4s25_1)
     1    0.003344    0.048853    0.239212    4.252369 ^ input1/X (sky130_fd_sc_hd__clkdlybuf4s25_1)
                                                         net1 (net)
                      0.048853    0.000103    4.252472 ^ fanout37/A (sky130_fd_sc_hd__clkdlybuf4s25_1)
     7    0.042970    0.430742    0.519406    4.771878 ^ fanout37/X (sky130_fd_sc_hd__clkdlybuf4s25_1)
                                                         net37 (net)
                      0.430742    0.000878    4.772756 ^ fanout35/A (sky130_fd_sc_hd__clkdlybuf4s25_1)
     6    0.032768    0.331455    0.535171    5.307927 ^ fanout35/X (sky130_fd_sc_hd__clkdlybuf4s25_1)
                                                         net35 (net)
                      0.331455    0.000665    5.308592 ^ load_slew36/A (sky130_fd_sc_hd__buf_4)
     5    0.031190    0.097162    0.229177    5.537769 ^ load_slew36/X (sky130_fd_sc_hd__buf_4)
                                                         net36 (net)
                      0.097178    0.001284    5.539053 ^ _147_/A (sky130_fd_sc_hd__nor2_2)
     1    0.002869    0.037348    0.046764    5.585817 v _147_/Y (sky130_fd_sc_hd__nor2_2)
                                                         _046_ (net)
                      0.037348    0.000084    5.585901 v _148_/B1 (sky130_fd_sc_hd__o21a_2)
     1    0.002137    0.031365    0.102949    5.688850 v _148_/X (sky130_fd_sc_hd__o21a_2)
                                                         _022_ (net)
                      0.031365    0.000061    5.688911 v _190_/D (sky130_fd_sc_hd__dfxtp_2)
                                              5.688911   data arrival time

                                 20.000000   20.000000   clock clk (rise edge)
                                  0.000000   20.000000   clock source latency
     1    0.013603    0.067204    0.045707   20.045708 ^ clk (in)
                                                         clk (net)
                      0.067207    0.000000   20.045708 ^ clkbuf_0_clk/A (sky130_fd_sc_hd__clkbuf_16)
     4    0.039247    0.059068    0.149202   20.194910 ^ clkbuf_0_clk/X (sky130_fd_sc_hd__clkbuf_16)
                                                         clknet_0_clk (net)
                      0.059088    0.000972   20.195881 ^ clkbuf_2_3__f_clk/A (sky130_fd_sc_hd__clkbuf_16)
     8    0.024654    0.045963    0.134953   20.330835 ^ clkbuf_2_3__f_clk/X (sky130_fd_sc_hd__clkbuf_16)
                                                         clknet_2_3__leaf_clk (net)
                      0.045965    0.000320   20.331154 ^ _190_/CLK (sky130_fd_sc_hd__dfxtp_2)
                                 -0.250000   20.081156   clock uncertainty
                                  0.000000   20.081156   clock reconvergence pessimism
                                 -0.106708   19.974447   library setup time
                                             19.974447   data required time
---------------------------------------------------------------------------------------------
                                             19.974447   data required time
                                             -5.688911   data arrival time
---------------------------------------------------------------------------------------------
                                             14.285537   slack (MET)




===========================================================================
report_checks --slack_max -0.01
============================================================================
======================= nom_tt_025C_1v80 Corner ===================================

No paths found.


===========================================================================
 report_check_types -max_slew -max_cap -max_fanout -violators
============================================================================
======================= nom_tt_025C_1v80 Corner ===================================



===========================================================================
report_parasitic_annotation -report_unannotated
============================================================================
Found 68 unannotated drivers.
 clkload0/X
 clkload1/X
 mips_top/HI
 mips_top_100/HI
 mips_top_101/HI
 mips_top_102/HI
 mips_top_38/HI
 mips_top_39/HI
 mips_top_40/HI
 mips_top_41/HI
 mips_top_42/HI
 mips_top_43/HI
 mips_top_44/HI
 mips_top_45/HI
 mips_top_46/HI
 mips_top_47/HI
 mips_top_48/HI
 mips_top_49/HI
 mips_top_50/HI
 mips_top_51/HI
 mips_top_52/HI
 mips_top_53/HI
 mips_top_54/HI
 mips_top_55/HI
 mips_top_56/HI
 mips_top_57/HI
 mips_top_58/HI
 mips_top_59/HI
 mips_top_60/HI
 mips_top_61/HI
 mips_top_62/HI
 mips_top_63/HI
 mips_top_64/HI
 mips_top_65/HI
 mips_top_66/HI
 mips_top_67/HI
 mips_top_68/HI
 mips_top_69/HI
 mips_top_70/HI
 mips_top_71/HI
 mips_top_72/HI
 mips_top_73/HI
 mips_top_74/HI
 mips_top_75/HI
 mips_top_76/HI
 mips_top_77/HI
 mips_top_78/HI
 mips_top_79/HI
 mips_top_80/HI
 mips_top_81/HI
 mips_top_82/HI
 mips_top_83/HI
 mips_top_84/HI
 mips_top_85/HI
 mips_top_86/HI
 mips_top_87/HI
 mips_top_88/HI
 mips_top_89/HI
 mips_top_90/HI
 mips_top_91/HI
 mips_top_92/HI
 mips_top_93/HI
 mips_top_94/HI
 mips_top_95/HI
 mips_top_96/HI
 mips_top_97/HI
 mips_top_98/HI
 mips_top_99/HI
Found 0 partially unannotated drivers.

===========================================================================
max slew violation count 0
max fanout violation count 0
max cap violation count 0
============================================================================

===========================================================================
check_setup -verbose -unconstrained_endpoints -multiple_clock -no_clock -no_input_delay -loops -generated_clocks
===========================================================================
