[WARNING ORD-0039] .openroad ignored with -python
Unannotated report:
['report_parasitic_annotation -report_unannotated\n',
 '============================================================================\n',
 'Found 68 unannotated drivers.\n',
 ' clkload0/X\n',
 ' clkload1/X\n',
 ' mips_top/HI\n',
 ' mips_top_100/HI\n',
 ' mips_top_101/HI\n',
 ' mips_top_102/HI\n',
 ' mips_top_38/HI\n',
 ' mips_top_39/HI\n',
 ' mips_top_40/HI\n',
 ' mips_top_41/HI\n',
 ' mips_top_42/HI\n',
 ' mips_top_43/HI\n',
 ' mips_top_44/HI\n',
 ' mips_top_45/HI\n',
 ' mips_top_46/HI\n',
 ' mips_top_47/HI\n',
 ' mips_top_48/HI\n',
 ' mips_top_49/HI\n',
 ' mips_top_50/HI\n',
 ' mips_top_51/HI\n',
 ' mips_top_52/HI\n',
 ' mips_top_53/HI\n',
 ' mips_top_54/HI\n',
 ' mips_top_55/HI\n',
 ' mips_top_56/HI\n',
 ' mips_top_57/HI\n',
 ' mips_top_58/HI\n',
 ' mips_top_59/HI\n',
 ' mips_top_60/HI\n',
 ' mips_top_61/HI\n',
 ' mips_top_62/HI\n',
 ' mips_top_63/HI\n',
 ' mips_top_64/HI\n',
 ' mips_top_65/HI\n',
 ' mips_top_66/HI\n',
 ' mips_top_67/HI\n',
 ' mips_top_68/HI\n',
 ' mips_top_69/HI\n',
 ' mips_top_70/HI\n',
 ' mips_top_71/HI\n',
 ' mips_top_72/HI\n',
 ' mips_top_73/HI\n',
 ' mips_top_74/HI\n',
 ' mips_top_75/HI\n',
 ' mips_top_76/HI\n',
 ' mips_top_77/HI\n',
 ' mips_top_78/HI\n',
 ' mips_top_79/HI\n',
 ' mips_top_80/HI\n',
 ' mips_top_81/HI\n',
 ' mips_top_82/HI\n',
 ' mips_top_83/HI\n',
 ' mips_top_84/HI\n',
 ' mips_top_85/HI\n',
 ' mips_top_86/HI\n',
 ' mips_top_87/HI\n',
 ' mips_top_88/HI\n',
 ' mips_top_89/HI\n',
 ' mips_top_90/HI\n',
 ' mips_top_91/HI\n',
 ' mips_top_92/HI\n',
 ' mips_top_93/HI\n',
 ' mips_top_94/HI\n',
 ' mips_top_95/HI\n',
 ' mips_top_96/HI\n',
 ' mips_top_97/HI\n',
 ' mips_top_98/HI\n',
 ' mips_top_99/HI\n',
 'Found 0 partially unannotated drivers.\n',
 '\n']
Reported nets:
['clkload0/X',
 'clkload1/X',
 'mips_top/HI',
 'mips_top_100/HI',
 'mips_top_101/HI',
 'mips_top_102/HI',
 'mips_top_38/HI',
 'mips_top_39/HI',
 'mips_top_40/HI',
 'mips_top_41/HI',
 'mips_top_42/HI',
 'mips_top_43/HI',
 'mips_top_44/HI',
 'mips_top_45/HI',
 'mips_top_46/HI',
 'mips_top_47/HI',
 'mips_top_48/HI',
 'mips_top_49/HI',
 'mips_top_50/HI',
 'mips_top_51/HI',
 'mips_top_52/HI',
 'mips_top_53/HI',
 'mips_top_54/HI',
 'mips_top_55/HI',
 'mips_top_56/HI',
 'mips_top_57/HI',
 'mips_top_58/HI',
 'mips_top_59/HI',
 'mips_top_60/HI',
 'mips_top_61/HI',
 'mips_top_62/HI',
 'mips_top_63/HI',
 'mips_top_64/HI',
 'mips_top_65/HI',
 'mips_top_66/HI',
 'mips_top_67/HI',
 'mips_top_68/HI',
 'mips_top_69/HI',
 'mips_top_70/HI',
 'mips_top_71/HI',
 'mips_top_72/HI',
 'mips_top_73/HI',
 'mips_top_74/HI',
 'mips_top_75/HI',
 'mips_top_76/HI',
 'mips_top_77/HI',
 'mips_top_78/HI',
 'mips_top_79/HI',
 'mips_top_80/HI',
 'mips_top_81/HI',
 'mips_top_82/HI',
 'mips_top_83/HI',
 'mips_top_84/HI',
 'mips_top_85/HI',
 'mips_top_86/HI',
 'mips_top_87/HI',
 'mips_top_88/HI',
 'mips_top_89/HI',
 'mips_top_90/HI',
 'mips_top_91/HI',
 'mips_top_92/HI',
 'mips_top_93/HI',
 'mips_top_94/HI',
 'mips_top_95/HI',
 'mips_top_96/HI',
 'mips_top_97/HI',
 'mips_top_98/HI',
 'mips_top_99/HI']
Filtered nets:
[]
done
