+ analyze_power_grid -net VPWR -voltage_file /Users/rein/mips_pipeline/runs/RUN_2026-05-15_12-29-19/56-openroad-irdropreport/net-VPWR.csv
[INFO PSM-0040] All shapes on net VPWR are connected.
########## IR report #################
Net              : VPWR
Corner           : nom_tt_025C_1v80
Total power      : 1.38e-04 W
Supply voltage   : 1.80e+00 V
Worstcase voltage: 1.80e+00 V
Average voltage  : 1.80e+00 V
Average IR drop  : 2.79e-05 V
Worstcase IR drop: 1.22e-04 V
Percentage drop  : 0.01 %
######################################
+ analyze_power_grid -net VGND -voltage_file /Users/rein/mips_pipeline/runs/RUN_2026-05-15_12-29-19/56-openroad-irdropreport/net-VGND.csv
[INFO PSM-0040] All shapes on net VGND are connected.
########## IR report #################
Net              : VGND
Corner           : nom_tt_025C_1v80
Total power      : 1.38e-04 W
Supply voltage   : 0.00e+00 V
Worstcase voltage: 9.62e-05 V
Average voltage  : 2.56e-05 V
Average IR drop  : 2.56e-05 V
Worstcase IR drop: 9.62e-05 V
Percentage drop  : 0.01 %
######################################
