Netgen 1.5.316 compiled on Tue Feb 10 11:19:51 UTC 2026
Warning: netgen command 'format' use fully-qualified name '::netgen::format'
Warning: netgen command 'global' use fully-qualified name '::netgen::global'
Warning:  A case-insensitive file has been read and so the	verilog file must be treated case-insensitive to match.
Reading SPICE netlist file '/Users/rein/projects/librelane/pdks/ciel/ciel/sky130/versions/8afc8346a57fe1ab7934ba5a6056ea8b43078e71/sky130A/libs.ref/sky130_fd_sc_hd/spice/sky130_ef_sc_hd__decap_12.spice'...
Call to undefined subcircuit sky130_fd_pr__pfet_01v8_hvt
Creating placeholder cell definition.
Call to undefined subcircuit sky130_fd_pr__nfet_01v8
Creating placeholder cell definition.
Reading SPICE netlist file '/Users/rein/projects/librelane/pdks/ciel/ciel/sky130/versions/8afc8346a57fe1ab7934ba5a6056ea8b43078e71/sky130A/libs.ref/sky130_fd_sc_hd/spice/sky130_ef_sc_hd__decap_20_12.spice'...
Reading SPICE netlist file '/Users/rein/projects/librelane/pdks/ciel/ciel/sky130/versions/8afc8346a57fe1ab7934ba5a6056ea8b43078e71/sky130A/libs.ref/sky130_fd_sc_hd/spice/sky130_ef_sc_hd__decap_40_12.spice'...
Reading SPICE netlist file '/Users/rein/projects/librelane/pdks/ciel/ciel/sky130/versions/8afc8346a57fe1ab7934ba5a6056ea8b43078e71/sky130A/libs.ref/sky130_fd_sc_hd/spice/sky130_ef_sc_hd__decap_60_12.spice'...
Reading SPICE netlist file '/Users/rein/projects/librelane/pdks/ciel/ciel/sky130/versions/8afc8346a57fe1ab7934ba5a6056ea8b43078e71/sky130A/libs.ref/sky130_fd_sc_hd/spice/sky130_ef_sc_hd__decap_80_12.spice'...
Reading SPICE netlist file '/Users/rein/projects/librelane/pdks/ciel/ciel/sky130/versions/8afc8346a57fe1ab7934ba5a6056ea8b43078e71/sky130A/libs.ref/sky130_fd_sc_hd/spice/sky130_ef_sc_hd__fill_12.spice'...
Reading SPICE netlist file '/Users/rein/projects/librelane/pdks/ciel/ciel/sky130/versions/8afc8346a57fe1ab7934ba5a6056ea8b43078e71/sky130A/libs.ref/sky130_fd_sc_hd/spice/sky130_ef_sc_hd__fill_2.spice'...
Reading SPICE netlist file '/Users/rein/projects/librelane/pdks/ciel/ciel/sky130/versions/8afc8346a57fe1ab7934ba5a6056ea8b43078e71/sky130A/libs.ref/sky130_fd_sc_hd/spice/sky130_ef_sc_hd__fill_4.spice'...
Reading SPICE netlist file '/Users/rein/projects/librelane/pdks/ciel/ciel/sky130/versions/8afc8346a57fe1ab7934ba5a6056ea8b43078e71/sky130A/libs.ref/sky130_fd_sc_hd/spice/sky130_ef_sc_hd__fill_8.spice'...
Reading SPICE netlist file '/Users/rein/projects/librelane/pdks/ciel/ciel/sky130/versions/8afc8346a57fe1ab7934ba5a6056ea8b43078e71/sky130A/libs.ref/sky130_fd_sc_hd/spice/sky130_fd_sc_hd.spice'...
Call to undefined subcircuit sky130_fd_pr__res_generic_po
Creating placeholder cell definition.
Call to undefined subcircuit sky130_fd_pr__special_nfet_01v8
Creating placeholder cell definition.
Call to undefined subcircuit sky130_fd_pr__diode_pw2nd_05v5
Creating placeholder cell definition.
Call to undefined subcircuit sky130_fd_pr__special_pfet_01v8_hvt
Creating placeholder cell definition.
Call to undefined subcircuit sky130_fd_sc_hd__nand2_2
Creating placeholder cell definition.
Call to undefined subcircuit sky130_fd_sc_hd__nor2_2
Creating placeholder cell definition.
Reading Verilog netlist file '/Users/rein/mips_pipeline/runs/RUN_2026-05-15_12-29-19/52-openroad-fillinsertion/mips_top.pnl.v'...
Warning:  A case-insensitive file has been read and so the	verilog file must be treated case-insensitive to match.
Note:  Implicit pin X in instance clkload0 of sky130_fd_sc_hd__clkbuf_4 in cell mips_top
Note:  Implicit pin X in instance clkload1 of sky130_fd_sc_hd__clkbuf_4 in cell mips_top
Note:  Implicit pin HI in instance mips_top of sky130_fd_sc_hd__conb_1 in cell mips_top
Note:  Implicit pin HI in instance mips_top_100 of sky130_fd_sc_hd__conb_1 in cell mips_top
Note:  Implicit pin HI in instance mips_top_101 of sky130_fd_sc_hd__conb_1 in cell mips_top
Note:  Implicit pin HI in instance mips_top_102 of sky130_fd_sc_hd__conb_1 in cell mips_top
Note:  Implicit pin HI in instance mips_top_38 of sky130_fd_sc_hd__conb_1 in cell mips_top
Note:  Implicit pin HI in instance mips_top_39 of sky130_fd_sc_hd__conb_1 in cell mips_top
Note:  Implicit pin HI in instance mips_top_40 of sky130_fd_sc_hd__conb_1 in cell mips_top
Note:  Implicit pin HI in instance mips_top_41 of sky130_fd_sc_hd__conb_1 in cell mips_top
Note:  Implicit pin HI in instance mips_top_42 of sky130_fd_sc_hd__conb_1 in cell mips_top
Note:  Implicit pin HI in instance mips_top_43 of sky130_fd_sc_hd__conb_1 in cell mips_top
Note:  Implicit pin HI in instance mips_top_44 of sky130_fd_sc_hd__conb_1 in cell mips_top
Note:  Implicit pin HI in instance mips_top_45 of sky130_fd_sc_hd__conb_1 in cell mips_top
Note:  Implicit pin HI in instance mips_top_46 of sky130_fd_sc_hd__conb_1 in cell mips_top
Note:  Implicit pin HI in instance mips_top_47 of sky130_fd_sc_hd__conb_1 in cell mips_top
Note:  Implicit pin HI in instance mips_top_48 of sky130_fd_sc_hd__conb_1 in cell mips_top
Note:  Implicit pin HI in instance mips_top_49 of sky130_fd_sc_hd__conb_1 in cell mips_top
Note:  Implicit pin HI in instance mips_top_50 of sky130_fd_sc_hd__conb_1 in cell mips_top
Note:  Implicit pin HI in instance mips_top_51 of sky130_fd_sc_hd__conb_1 in cell mips_top
Note:  Implicit pin HI in instance mips_top_52 of sky130_fd_sc_hd__conb_1 in cell mips_top
Note:  Implicit pin HI in instance mips_top_53 of sky130_fd_sc_hd__conb_1 in cell mips_top
Note:  Implicit pin HI in instance mips_top_54 of sky130_fd_sc_hd__conb_1 in cell mips_top
Note:  Implicit pin HI in instance mips_top_55 of sky130_fd_sc_hd__conb_1 in cell mips_top
Note:  Implicit pin HI in instance mips_top_56 of sky130_fd_sc_hd__conb_1 in cell mips_top
Note:  Implicit pin HI in instance mips_top_57 of sky130_fd_sc_hd__conb_1 in cell mips_top
Note:  Implicit pin HI in instance mips_top_58 of sky130_fd_sc_hd__conb_1 in cell mips_top
Note:  Implicit pin HI in instance mips_top_59 of sky130_fd_sc_hd__conb_1 in cell mips_top
Note:  Implicit pin HI in instance mips_top_60 of sky130_fd_sc_hd__conb_1 in cell mips_top
Note:  Implicit pin HI in instance mips_top_61 of sky130_fd_sc_hd__conb_1 in cell mips_top
Note:  Implicit pin HI in instance mips_top_62 of sky130_fd_sc_hd__conb_1 in cell mips_top
Note:  Implicit pin HI in instance mips_top_63 of sky130_fd_sc_hd__conb_1 in cell mips_top
Note:  Implicit pin HI in instance mips_top_64 of sky130_fd_sc_hd__conb_1 in cell mips_top
Note:  Implicit pin HI in instance mips_top_65 of sky130_fd_sc_hd__conb_1 in cell mips_top
Note:  Implicit pin HI in instance mips_top_66 of sky130_fd_sc_hd__conb_1 in cell mips_top
Note:  Implicit pin HI in instance mips_top_67 of sky130_fd_sc_hd__conb_1 in cell mips_top
Note:  Implicit pin HI in instance mips_top_68 of sky130_fd_sc_hd__conb_1 in cell mips_top
Note:  Implicit pin HI in instance mips_top_69 of sky130_fd_sc_hd__conb_1 in cell mips_top
Note:  Implicit pin HI in instance mips_top_70 of sky130_fd_sc_hd__conb_1 in cell mips_top
Note:  Implicit pin HI in instance mips_top_71 of sky130_fd_sc_hd__conb_1 in cell mips_top
Note:  Implicit pin HI in instance mips_top_72 of sky130_fd_sc_hd__conb_1 in cell mips_top
Note:  Implicit pin HI in instance mips_top_73 of sky130_fd_sc_hd__conb_1 in cell mips_top
Note:  Implicit pin HI in instance mips_top_74 of sky130_fd_sc_hd__conb_1 in cell mips_top
Note:  Implicit pin HI in instance mips_top_75 of sky130_fd_sc_hd__conb_1 in cell mips_top
Note:  Implicit pin HI in instance mips_top_76 of sky130_fd_sc_hd__conb_1 in cell mips_top
Note:  Implicit pin HI in instance mips_top_77 of sky130_fd_sc_hd__conb_1 in cell mips_top
Note:  Implicit pin HI in instance mips_top_78 of sky130_fd_sc_hd__conb_1 in cell mips_top
Note:  Implicit pin HI in instance mips_top_79 of sky130_fd_sc_hd__conb_1 in cell mips_top
Note:  Implicit pin HI in instance mips_top_80 of sky130_fd_sc_hd__conb_1 in cell mips_top
Note:  Implicit pin HI in instance mips_top_81 of sky130_fd_sc_hd__conb_1 in cell mips_top
Note:  Implicit pin HI in instance mips_top_82 of sky130_fd_sc_hd__conb_1 in cell mips_top
Note:  Implicit pin HI in instance mips_top_83 of sky130_fd_sc_hd__conb_1 in cell mips_top
Note:  Implicit pin HI in instance mips_top_84 of sky130_fd_sc_hd__conb_1 in cell mips_top
Note:  Implicit pin HI in instance mips_top_85 of sky130_fd_sc_hd__conb_1 in cell mips_top
Note:  Implicit pin HI in instance mips_top_86 of sky130_fd_sc_hd__conb_1 in cell mips_top
Note:  Implicit pin HI in instance mips_top_87 of sky130_fd_sc_hd__conb_1 in cell mips_top
Note:  Implicit pin HI in instance mips_top_88 of sky130_fd_sc_hd__conb_1 in cell mips_top
Note:  Implicit pin HI in instance mips_top_89 of sky130_fd_sc_hd__conb_1 in cell mips_top
Note:  Implicit pin HI in instance mips_top_90 of sky130_fd_sc_hd__conb_1 in cell mips_top
Note:  Implicit pin HI in instance mips_top_91 of sky130_fd_sc_hd__conb_1 in cell mips_top
Note:  Implicit pin HI in instance mips_top_92 of sky130_fd_sc_hd__conb_1 in cell mips_top
Note:  Implicit pin HI in instance mips_top_93 of sky130_fd_sc_hd__conb_1 in cell mips_top
Note:  Implicit pin HI in instance mips_top_94 of sky130_fd_sc_hd__conb_1 in cell mips_top
Note:  Implicit pin HI in instance mips_top_95 of sky130_fd_sc_hd__conb_1 in cell mips_top
Note:  Implicit pin HI in instance mips_top_96 of sky130_fd_sc_hd__conb_1 in cell mips_top
Note:  Implicit pin HI in instance mips_top_97 of sky130_fd_sc_hd__conb_1 in cell mips_top
Note:  Implicit pin HI in instance mips_top_98 of sky130_fd_sc_hd__conb_1 in cell mips_top
Note:  Implicit pin HI in instance mips_top_99 of sky130_fd_sc_hd__conb_1 in cell mips_top
Treating empty subcircuits as black-box cells
Generating JSON file result

Reading setup file /nix/store/7xzs1bi9a4c6d3r2fd77rbyy4dv6cqs8-python3-3.13.9-env/lib/python3.13/site-packages/librelane/scripts/netgen/setup.tcl

Model sky130_fd_pr__res_generic_po pin 1 == 2
No property value found for device sky130_fd_pr__res_generic_po
No property mult found for device sky130_fd_pr__res_generic_po
Model sky130_fd_pr__nfet_01v8 pin 1 == 3
No property mult found for device sky130_fd_pr__nfet_01v8
No property sa found for device sky130_fd_pr__nfet_01v8
No property sb found for device sky130_fd_pr__nfet_01v8
No property sd found for device sky130_fd_pr__nfet_01v8
No property nf found for device sky130_fd_pr__nfet_01v8
No property nrd found for device sky130_fd_pr__nfet_01v8
No property nrs found for device sky130_fd_pr__nfet_01v8
No property area found for device sky130_fd_pr__nfet_01v8
No property perim found for device sky130_fd_pr__nfet_01v8
No property topography found for device sky130_fd_pr__nfet_01v8
Model sky130_fd_pr__pfet_01v8_hvt pin 1 == 3
No property mult found for device sky130_fd_pr__pfet_01v8_hvt
No property sa found for device sky130_fd_pr__pfet_01v8_hvt
No property sb found for device sky130_fd_pr__pfet_01v8_hvt
No property sd found for device sky130_fd_pr__pfet_01v8_hvt
No property nf found for device sky130_fd_pr__pfet_01v8_hvt
No property nrd found for device sky130_fd_pr__pfet_01v8_hvt
No property nrs found for device sky130_fd_pr__pfet_01v8_hvt
No property area found for device sky130_fd_pr__pfet_01v8_hvt
No property perim found for device sky130_fd_pr__pfet_01v8_hvt
No property topography found for device sky130_fd_pr__pfet_01v8_hvt
Model sky130_fd_pr__special_nfet_01v8 pin 1 == 3
No property as found for device sky130_fd_pr__special_nfet_01v8
No property ad found for device sky130_fd_pr__special_nfet_01v8
No property ps found for device sky130_fd_pr__special_nfet_01v8
No property pd found for device sky130_fd_pr__special_nfet_01v8
No property mult found for device sky130_fd_pr__special_nfet_01v8
No property sa found for device sky130_fd_pr__special_nfet_01v8
No property sb found for device sky130_fd_pr__special_nfet_01v8
No property sd found for device sky130_fd_pr__special_nfet_01v8
No property nf found for device sky130_fd_pr__special_nfet_01v8
No property nrd found for device sky130_fd_pr__special_nfet_01v8
No property nrs found for device sky130_fd_pr__special_nfet_01v8
No property area found for device sky130_fd_pr__special_nfet_01v8
No property perim found for device sky130_fd_pr__special_nfet_01v8
No property topography found for device sky130_fd_pr__special_nfet_01v8
Model sky130_fd_pr__special_pfet_01v8_hvt pin 1 == 3
No property as found for device sky130_fd_pr__special_pfet_01v8_hvt
No property ad found for device sky130_fd_pr__special_pfet_01v8_hvt
No property ps found for device sky130_fd_pr__special_pfet_01v8_hvt
No property pd found for device sky130_fd_pr__special_pfet_01v8_hvt
No property mult found for device sky130_fd_pr__special_pfet_01v8_hvt
No property sa found for device sky130_fd_pr__special_pfet_01v8_hvt
No property sb found for device sky130_fd_pr__special_pfet_01v8_hvt
No property sd found for device sky130_fd_pr__special_pfet_01v8_hvt
No property nf found for device sky130_fd_pr__special_pfet_01v8_hvt
No property nrd found for device sky130_fd_pr__special_pfet_01v8_hvt
No property nrs found for device sky130_fd_pr__special_pfet_01v8_hvt
No property area found for device sky130_fd_pr__special_pfet_01v8_hvt
No property perim found for device sky130_fd_pr__special_pfet_01v8_hvt
No property topography found for device sky130_fd_pr__special_pfet_01v8_hvt
No property value found for device sky130_fd_pr__diode_pw2nd_05v5
No property mult found for device sky130_fd_pr__diode_pw2nd_05v5
Comparison output logged to file /Users/rein/mips_pipeline/runs/RUN_2026-05-15_12-29-19/70-netgen-lvs/reports/lvs.netgen.rpt
Logging to file "/Users/rein/mips_pipeline/runs/RUN_2026-05-15_12-29-19/70-netgen-lvs/reports/lvs.netgen.rpt" enabled

Contents of circuit 1:  Circuit: 'sky130_fd_sc_hd__fill_1'
Circuit sky130_fd_sc_hd__fill_1 contains 0 device instances.
Circuit contains 0 nets, and 4 disconnected pins.
Contents of circuit 2:  Circuit: 'sky130_fd_sc_hd__fill_1'
Circuit sky130_fd_sc_hd__fill_1 contains 0 device instances.
Circuit contains 0 nets, and 4 disconnected pins.

Circuit sky130_fd_sc_hd__fill_1 contains no devices.

Contents of circuit 1:  Circuit: 'sky130_fd_sc_hd__decap_3'
Circuit sky130_fd_sc_hd__decap_3 contains 0 device instances.
Circuit contains 0 nets, and 4 disconnected pins.
Contents of circuit 2:  Circuit: 'sky130_fd_sc_hd__decap_3'
Circuit sky130_fd_sc_hd__decap_3 contains 2 device instances.
  Class: sky130_fd_pr__nfet_01v8 instances:   1
  Class: sky130_fd_pr__pfet_01v8_hvt instances:   1
Circuit contains 4 nets.

Circuit sky130_fd_sc_hd__decap_3 contains no devices.

Contents of circuit 1:  Circuit: 'sky130_fd_sc_hd__conb_1'
Circuit sky130_fd_sc_hd__conb_1 contains 0 device instances.
Circuit contains 0 nets, and 6 disconnected pins.
Contents of circuit 2:  Circuit: 'sky130_fd_sc_hd__conb_1'
Circuit sky130_fd_sc_hd__conb_1 contains 2 device instances.
  Class: sky130_fd_pr__res_generic_po instances:   2
Circuit contains 4 nets, and 2 disconnected pins.

Circuit sky130_fd_sc_hd__conb_1 contains no devices.

Contents of circuit 1:  Circuit: 'sky130_fd_sc_hd__a21oi_2'
Circuit sky130_fd_sc_hd__a21oi_2 contains 0 device instances.
Circuit contains 0 nets, and 8 disconnected pins.
Contents of circuit 2:  Circuit: 'sky130_fd_sc_hd__a21oi_2'
Circuit sky130_fd_sc_hd__a21oi_2 contains 12 device instances.
  Class: sky130_fd_pr__nfet_01v8 instances:   6
  Class: sky130_fd_pr__pfet_01v8_hvt instances:   6
Circuit contains 11 nets.

Circuit sky130_fd_sc_hd__a21oi_2 contains no devices.

Contents of circuit 1:  Circuit: 'sky130_fd_sc_hd__fill_2'
Circuit sky130_fd_sc_hd__fill_2 contains 0 device instances.
Circuit contains 0 nets, and 4 disconnected pins.
Contents of circuit 2:  Circuit: 'sky130_fd_sc_hd__fill_2'
Circuit sky130_fd_sc_hd__fill_2 contains 0 device instances.
Circuit contains 0 nets, and 4 disconnected pins.

Circuit sky130_fd_sc_hd__fill_2 contains no devices.

Contents of circuit 1:  Circuit: 'sky130_fd_sc_hd__and4_2'
Circuit sky130_fd_sc_hd__and4_2 contains 0 device instances.
Circuit contains 0 nets, and 9 disconnected pins.
Contents of circuit 2:  Circuit: 'sky130_fd_sc_hd__and4_2'
Circuit sky130_fd_sc_hd__and4_2 contains 12 device instances.
  Class: sky130_fd_pr__nfet_01v8 instances:   6
  Class: sky130_fd_pr__pfet_01v8_hvt instances:   6
Circuit contains 13 nets.

Circuit sky130_fd_sc_hd__and4_2 contains no devices.

Contents of circuit 1:  Circuit: 'sky130_fd_sc_hd__clkdlybuf4s25_1'
Circuit sky130_fd_sc_hd__clkdlybuf4s25_1 contains 0 device instances.
Circuit contains 0 nets, and 6 disconnected pins.
Contents of circuit 2:  Circuit: 'sky130_fd_sc_hd__clkdlybuf4s25_1'
Circuit sky130_fd_sc_hd__clkdlybuf4s25_1 contains 8 device instances.
  Class: sky130_fd_pr__nfet_01v8 instances:   4
  Class: sky130_fd_pr__pfet_01v8_hvt instances:   4
Circuit contains 9 nets.

Circuit sky130_fd_sc_hd__clkdlybuf4s25_1 contains no devices.

Contents of circuit 1:  Circuit: 'sky130_fd_sc_hd__o21a_2'
Circuit sky130_fd_sc_hd__o21a_2 contains 0 device instances.
Circuit contains 0 nets, and 8 disconnected pins.
Contents of circuit 2:  Circuit: 'sky130_fd_sc_hd__o21a_2'
Circuit sky130_fd_sc_hd__o21a_2 contains 10 device instances.
  Class: sky130_fd_pr__nfet_01v8 instances:   5
  Class: sky130_fd_pr__pfet_01v8_hvt instances:   5
Circuit contains 11 nets.

Circuit sky130_fd_sc_hd__o21a_2 contains no devices.

Contents of circuit 1:  Circuit: 'sky130_fd_sc_hd__tapvpwrvgnd_1'
Circuit sky130_fd_sc_hd__tapvpwrvgnd_1 contains 0 device instances.
Circuit contains 0 nets, and 2 disconnected pins.
Contents of circuit 2:  Circuit: 'sky130_fd_sc_hd__tapvpwrvgnd_1'
Circuit sky130_fd_sc_hd__tapvpwrvgnd_1 contains 0 device instances.
Circuit contains 0 nets, and 2 disconnected pins.

Circuit sky130_fd_sc_hd__tapvpwrvgnd_1 contains no devices.

Contents of circuit 1:  Circuit: 'sky130_fd_sc_hd__dfxtp_2'
Circuit sky130_fd_sc_hd__dfxtp_2 contains 0 device instances.
Circuit contains 0 nets, and 7 disconnected pins.
Contents of circuit 2:  Circuit: 'sky130_fd_sc_hd__dfxtp_2'
Circuit sky130_fd_sc_hd__dfxtp_2 contains 26 device instances.
  Class: sky130_fd_pr__nfet_01v8 instances:   9
  Class: sky130_fd_pr__pfet_01v8_hvt instances:  13
  Class: sky130_fd_pr__special_nfet_01v8 instances:   4
Circuit contains 18 nets.

Circuit sky130_fd_sc_hd__dfxtp_2 contains no devices.

Contents of circuit 1:  Circuit: 'sky130_fd_sc_hd__nor2_2'
Circuit sky130_fd_sc_hd__nor2_2 contains 0 device instances.
Circuit contains 0 nets, and 7 disconnected pins.
Contents of circuit 2:  Circuit: 'sky130_fd_sc_hd__nor2_2'
Circuit sky130_fd_sc_hd__nor2_2 contains 8 device instances.
  Class: sky130_fd_pr__nfet_01v8 instances:   4
  Class: sky130_fd_pr__pfet_01v8_hvt instances:   4
Circuit contains 8 nets.

Circuit sky130_fd_sc_hd__nor2_2 contains no devices.

Contents of circuit 1:  Circuit: 'sky130_fd_sc_hd__buf_4'
Circuit sky130_fd_sc_hd__buf_4 contains 0 device instances.
Circuit contains 0 nets, and 6 disconnected pins.
Contents of circuit 2:  Circuit: 'sky130_fd_sc_hd__buf_4'
Circuit sky130_fd_sc_hd__buf_4 contains 10 device instances.
  Class: sky130_fd_pr__nfet_01v8 instances:   5
  Class: sky130_fd_pr__pfet_01v8_hvt instances:   5
Circuit contains 7 nets.

Circuit sky130_fd_sc_hd__buf_4 contains no devices.

Contents of circuit 1:  Circuit: 'sky130_fd_sc_hd__and3_2'
Circuit sky130_fd_sc_hd__and3_2 contains 0 device instances.
Circuit contains 0 nets, and 8 disconnected pins.
Contents of circuit 2:  Circuit: 'sky130_fd_sc_hd__and3_2'
Circuit sky130_fd_sc_hd__and3_2 contains 10 device instances.
  Class: sky130_fd_pr__nfet_01v8 instances:   5
  Class: sky130_fd_pr__pfet_01v8_hvt instances:   5
Circuit contains 11 nets.

Circuit sky130_fd_sc_hd__and3_2 contains no devices.

Contents of circuit 1:  Circuit: 'sky130_fd_sc_hd__dlygate4sd3_1'
Circuit sky130_fd_sc_hd__dlygate4sd3_1 contains 0 device instances.
Circuit contains 0 nets, and 6 disconnected pins.
Contents of circuit 2:  Circuit: 'sky130_fd_sc_hd__dlygate4sd3_1'
Circuit sky130_fd_sc_hd__dlygate4sd3_1 contains 8 device instances.
  Class: sky130_fd_pr__nfet_01v8 instances:   4
  Class: sky130_fd_pr__pfet_01v8_hvt instances:   4
Circuit contains 9 nets.

Circuit sky130_fd_sc_hd__dlygate4sd3_1 contains no devices.

Contents of circuit 1:  Circuit: 'sky130_fd_sc_hd__clkbuf_4'
Circuit sky130_fd_sc_hd__clkbuf_4 contains 0 device instances.
Circuit contains 0 nets, and 6 disconnected pins.
Contents of circuit 2:  Circuit: 'sky130_fd_sc_hd__clkbuf_4'
Circuit sky130_fd_sc_hd__clkbuf_4 contains 10 device instances.
  Class: sky130_fd_pr__nfet_01v8 instances:   5
  Class: sky130_fd_pr__pfet_01v8_hvt instances:   5
Circuit contains 7 nets.

Circuit sky130_fd_sc_hd__clkbuf_4 contains no devices.

Contents of circuit 1:  Circuit: 'sky130_fd_sc_hd__nor3_2'
Circuit sky130_fd_sc_hd__nor3_2 contains 0 device instances.
Circuit contains 0 nets, and 8 disconnected pins.
Contents of circuit 2:  Circuit: 'sky130_fd_sc_hd__nor3_2'
Circuit sky130_fd_sc_hd__nor3_2 contains 12 device instances.
  Class: sky130_fd_pr__nfet_01v8 instances:   6
  Class: sky130_fd_pr__pfet_01v8_hvt instances:   6
Circuit contains 10 nets.

Circuit sky130_fd_sc_hd__nor3_2 contains no devices.

Contents of circuit 1:  Circuit: 'sky130_fd_sc_hd__clkbuf_16'
Circuit sky130_fd_sc_hd__clkbuf_16 contains 0 device instances.
Circuit contains 0 nets, and 6 disconnected pins.
Contents of circuit 2:  Circuit: 'sky130_fd_sc_hd__clkbuf_16'
Circuit sky130_fd_sc_hd__clkbuf_16 contains 40 device instances.
  Class: sky130_fd_pr__nfet_01v8 instances:  20
  Class: sky130_fd_pr__pfet_01v8_hvt instances:  20
Circuit contains 7 nets.

Circuit sky130_fd_sc_hd__clkbuf_16 contains no devices.

Contents of circuit 1:  Circuit: 'sky130_fd_sc_hd__and2_2'
Circuit sky130_fd_sc_hd__and2_2 contains 0 device instances.
Circuit contains 0 nets, and 7 disconnected pins.
Contents of circuit 2:  Circuit: 'sky130_fd_sc_hd__and2_2'
Circuit sky130_fd_sc_hd__and2_2 contains 8 device instances.
  Class: sky130_fd_pr__nfet_01v8 instances:   4
  Class: sky130_fd_pr__pfet_01v8_hvt instances:   4
Circuit contains 9 nets.

Circuit sky130_fd_sc_hd__and2_2 contains no devices.

Contents of circuit 1:  Circuit: 'mips_top'
Circuit mips_top contains 747 device instances.
  Class: sky130_fd_sc_hd__clkdlybuf4s25_1 instances:  35
  Class: sky130_fd_sc_hd__clkbuf_16 instances:   5
  Class: sky130_fd_sc_hd__dfxtp_2 instances:  30
  Class: sky130_fd_sc_hd__buf_4 instances:   2
  Class: sky130_fd_sc_hd__and4_2 instances:   7
  Class: sky130_fd_sc_hd__clkbuf_4 instances:   2
  Class: sky130_fd_sc_hd__conb_1 instances:  66
  Class: sky130_fd_sc_hd__and3_2 instances:   9
  Class: sky130_fd_sc_hd__decap_3 instances: 331
  Class: sky130_fd_sc_hd__dlygate4sd3_1 instances:  35
  Class: sky130_fd_sc_hd__and2_2 instances:   9
  Class: sky130_fd_sc_hd__nor3_2 instances:   9
  Class: sky130_fd_sc_hd__o21a_2 instances:  20
  Class: sky130_fd_sc_hd__tapvpwrvgnd_1 instances:  50
  Class: sky130_fd_sc_hd__a21oi_2 instances:  19
  Class: sky130_fd_sc_hd__fill_1 instances:  62
  Class: sky130_fd_sc_hd__fill_2 instances:  45
  Class: sky130_fd_sc_hd__nor2_2 instances:  11
Circuit contains 329 nets.
Contents of circuit 2:  Circuit: 'mips_top'
Circuit mips_top contains 747 device instances.
  Class: sky130_fd_sc_hd__clkdlybuf4s25_1 instances:  35
  Class: sky130_fd_sc_hd__clkbuf_16 instances:   5
  Class: sky130_fd_sc_hd__dfxtp_2 instances:  30
  Class: sky130_fd_sc_hd__buf_4 instances:   2
  Class: sky130_fd_sc_hd__and4_2 instances:   7
  Class: sky130_fd_sc_hd__clkbuf_4 instances:   2
  Class: sky130_fd_sc_hd__conb_1 instances:  66
  Class: sky130_fd_sc_hd__and3_2 instances:   9
  Class: sky130_fd_sc_hd__decap_3 instances: 331
  Class: sky130_fd_sc_hd__dlygate4sd3_1 instances:  35
  Class: sky130_fd_sc_hd__and2_2 instances:   9
  Class: sky130_fd_sc_hd__nor3_2 instances:   9
  Class: sky130_fd_sc_hd__o21a_2 instances:  20
  Class: sky130_fd_sc_hd__tapvpwrvgnd_1 instances:  50
  Class: sky130_fd_sc_hd__a21oi_2 instances:  19
  Class: sky130_fd_sc_hd__fill_1 instances:  62
  Class: sky130_fd_sc_hd__fill_2 instances:  45
  Class: sky130_fd_sc_hd__nor2_2 instances:  11
Circuit contains 329 nets.

Circuit was modified by parallel/series device merging.
New circuit summary:

Contents of circuit 1:  Circuit: 'mips_top'
Circuit mips_top contains 263 device instances.
  Class: sky130_fd_sc_hd__clkdlybuf4s25_1 instances:  35
  Class: sky130_fd_sc_hd__clkbuf_16 instances:   5
  Class: sky130_fd_sc_hd__dfxtp_2 instances:  30
  Class: sky130_fd_sc_hd__buf_4 instances:   2
  Class: sky130_fd_sc_hd__and4_2 instances:   7
  Class: sky130_fd_sc_hd__clkbuf_4 instances:   2
  Class: sky130_fd_sc_hd__conb_1 instances:  66
  Class: sky130_fd_sc_hd__and3_2 instances:   9
  Class: sky130_fd_sc_hd__decap_3 instances:   1
  Class: sky130_fd_sc_hd__dlygate4sd3_1 instances:  35
  Class: sky130_fd_sc_hd__and2_2 instances:   9
  Class: sky130_fd_sc_hd__nor3_2 instances:   9
  Class: sky130_fd_sc_hd__o21a_2 instances:  20
  Class: sky130_fd_sc_hd__tapvpwrvgnd_1 instances:   1
  Class: sky130_fd_sc_hd__a21oi_2 instances:  19
  Class: sky130_fd_sc_hd__fill_1 instances:   1
  Class: sky130_fd_sc_hd__fill_2 instances:   1
  Class: sky130_fd_sc_hd__nor2_2 instances:  11
Circuit contains 329 nets.
Contents of circuit 2:  Circuit: 'mips_top'
Circuit mips_top contains 263 device instances.
  Class: sky130_fd_sc_hd__clkdlybuf4s25_1 instances:  35
  Class: sky130_fd_sc_hd__clkbuf_16 instances:   5
  Class: sky130_fd_sc_hd__dfxtp_2 instances:  30
  Class: sky130_fd_sc_hd__buf_4 instances:   2
  Class: sky130_fd_sc_hd__and4_2 instances:   7
  Class: sky130_fd_sc_hd__clkbuf_4 instances:   2
  Class: sky130_fd_sc_hd__conb_1 instances:  66
  Class: sky130_fd_sc_hd__and3_2 instances:   9
  Class: sky130_fd_sc_hd__decap_3 instances:   1
  Class: sky130_fd_sc_hd__dlygate4sd3_1 instances:  35
  Class: sky130_fd_sc_hd__and2_2 instances:   9
  Class: sky130_fd_sc_hd__nor3_2 instances:   9
  Class: sky130_fd_sc_hd__o21a_2 instances:  20
  Class: sky130_fd_sc_hd__tapvpwrvgnd_1 instances:   1
  Class: sky130_fd_sc_hd__a21oi_2 instances:  19
  Class: sky130_fd_sc_hd__fill_1 instances:   1
  Class: sky130_fd_sc_hd__fill_2 instances:   1
  Class: sky130_fd_sc_hd__nor2_2 instances:  11
Circuit contains 329 nets.

Circuit 1 contains 263 devices, Circuit 2 contains 263 devices.
Circuit 1 contains 329 nets,    Circuit 2 contains 329 nets.


Final result: 
Circuits match uniquely.
.
Logging to file "/Users/rein/mips_pipeline/runs/RUN_2026-05-15_12-29-19/70-netgen-lvs/reports/lvs.netgen.rpt" disabled
LVS Done.
