Clock: clk
Sources: clk 
Generated: no
Virtual: yes
Propagated: no
Period: 20.000000

===========================================================================
report_clock_properties
============================================================================
Clock                   Period          Waveform
----------------------------------------------------
clk                  20.000000    0.000000 10.000000

===========================================================================
report_clock_latency
============================================================================
Clock clk
rise -> rise
    min     max
0.000000 0.000000 source latency
0.579918         network latency _194_/CLK
        0.582100 network latency _192_/CLK
---------------
0.579918 0.582100 latency
        0.002181 skew

fall -> fall
    min     max
0.000000 0.000000 source latency
0.576476         network latency _194_/CLK
        0.578300 network latency _179_/CLK
---------------
0.576476 0.578300 latency
        0.001824 skew



===========================================================================
report_clock_min_period
============================================================================
clk period_min = 6.64 fmax = 150.51
