Clock: clk
Sources: clk 
Generated: no
Virtual: no
Propagated: no
Period: 20.000000

===========================================================================
report_clock_properties
============================================================================
Clock                   Period          Waveform
----------------------------------------------------
clk                  20.000000    0.000000 10.000000

===========================================================================
report_clock_latency
============================================================================
Clock clk
rise -> rise
    min     max
0.000000 0.000000 source latency
0.177799         network latency _168_/CLK
        0.177799 network latency _168_/CLK
---------------
0.177799 0.177799 latency
        0.000000 skew

fall -> fall
    min     max
0.000000 0.000000 source latency
0.081604         network latency _168_/CLK
        0.081604 network latency _168_/CLK
---------------
0.081604 0.081604 latency
        0.000000 skew



===========================================================================
report_clock_min_period
============================================================================
clk period_min = 0.00 fmax = inf
