
===========================================================================
report_checks -unconstrained
===========================================================================
======================= min_tt_025C_1v80 Corner ===================================

Startpoint: rst (input port clocked by clk)
Endpoint: _190_ (rising edge-triggered flip-flop clocked by clk)
Path Group: clk
Path Type: max

Fanout         Cap        Slew       Delay        Time   Description
---------------------------------------------------------------------------------------------
                                  0.000000    0.000000   clock clk (rise edge)
                                  0.000000    0.000000   clock network delay (propagated)
                                  4.000000    4.000000 ^ input external delay
     1    0.003466    0.022615    0.012627    4.012627 ^ rst (in)
                                                         rst (net)
                      0.022615    0.000000    4.012627 ^ input1/A (sky130_fd_sc_hd__clkdlybuf4s25_1)
     1    0.003254    0.048060    0.238349    4.250976 ^ input1/X (sky130_fd_sc_hd__clkdlybuf4s25_1)
                                                         net1 (net)
                      0.048060    0.000040    4.251015 ^ fanout37/A (sky130_fd_sc_hd__clkdlybuf4s25_1)
     7    0.041300    0.414359    0.508285    4.759300 ^ fanout37/X (sky130_fd_sc_hd__clkdlybuf4s25_1)
                                                         net37 (net)
                      0.414359    0.000356    4.759656 ^ fanout35/A (sky130_fd_sc_hd__clkdlybuf4s25_1)
     6    0.032053    0.324445    0.528172    5.287828 ^ fanout35/X (sky130_fd_sc_hd__clkdlybuf4s25_1)
                                                         net35 (net)
                      0.324445    0.000335    5.288163 ^ load_slew36/A (sky130_fd_sc_hd__buf_4)
     5    0.030417    0.095252    0.226909    5.515072 ^ load_slew36/X (sky130_fd_sc_hd__buf_4)
                                                         net36 (net)
                      0.095255    0.000692    5.515764 ^ _147_/A (sky130_fd_sc_hd__nor2_2)
     1    0.002820    0.036619    0.046209    5.561973 v _147_/Y (sky130_fd_sc_hd__nor2_2)
                                                         _046_ (net)
                      0.036619    0.000028    5.562001 v _148_/B1 (sky130_fd_sc_hd__o21a_2)
     1    0.002095    0.031239    0.102481    5.664482 v _148_/X (sky130_fd_sc_hd__o21a_2)
                                                         _022_ (net)
                      0.031239    0.000019    5.664501 v _190_/D (sky130_fd_sc_hd__dfxtp_2)
                                              5.664501   data arrival time

                                 20.000000   20.000000   clock clk (rise edge)
                                  0.000000   20.000000   clock source latency
     1    0.013103    0.064966    0.044061   20.044062 ^ clk (in)
                                                         clk (net)
                      0.064967    0.000000   20.044062 ^ clkbuf_0_clk/A (sky130_fd_sc_hd__clkbuf_16)
     4    0.038637    0.058578    0.148182   20.192244 ^ clkbuf_0_clk/X (sky130_fd_sc_hd__clkbuf_16)
                                                         clknet_0_clk (net)
                      0.058580    0.000412   20.192656 ^ clkbuf_2_3__f_clk/A (sky130_fd_sc_hd__clkbuf_16)
     8    0.023805    0.045185    0.134042   20.326696 ^ clkbuf_2_3__f_clk/X (sky130_fd_sc_hd__clkbuf_16)
                                                         clknet_2_3__leaf_clk (net)
                      0.045185    0.000119   20.326817 ^ _190_/CLK (sky130_fd_sc_hd__dfxtp_2)
                                 -0.250000   20.076817   clock uncertainty
                                  0.000000   20.076817   clock reconvergence pessimism
                                 -0.106835   19.969982   library setup time
                                             19.969982   data required time
---------------------------------------------------------------------------------------------
                                             19.969982   data required time
                                             -5.664501   data arrival time
---------------------------------------------------------------------------------------------
                                             14.305482   slack (MET)




===========================================================================
report_checks --slack_max -0.01
============================================================================
======================= min_tt_025C_1v80 Corner ===================================

No paths found.


===========================================================================
 report_check_types -max_slew -max_cap -max_fanout -violators
============================================================================
======================= min_tt_025C_1v80 Corner ===================================



===========================================================================
report_parasitic_annotation -report_unannotated
============================================================================
Found 68 unannotated drivers.
 clkload0/X
 clkload1/X
 mips_top/HI
 mips_top_100/HI
 mips_top_101/HI
 mips_top_102/HI
 mips_top_38/HI
 mips_top_39/HI
 mips_top_40/HI
 mips_top_41/HI
 mips_top_42/HI
 mips_top_43/HI
 mips_top_44/HI
 mips_top_45/HI
 mips_top_46/HI
 mips_top_47/HI
 mips_top_48/HI
 mips_top_49/HI
 mips_top_50/HI
 mips_top_51/HI
 mips_top_52/HI
 mips_top_53/HI
 mips_top_54/HI
 mips_top_55/HI
 mips_top_56/HI
 mips_top_57/HI
 mips_top_58/HI
 mips_top_59/HI
 mips_top_60/HI
 mips_top_61/HI
 mips_top_62/HI
 mips_top_63/HI
 mips_top_64/HI
 mips_top_65/HI
 mips_top_66/HI
 mips_top_67/HI
 mips_top_68/HI
 mips_top_69/HI
 mips_top_70/HI
 mips_top_71/HI
 mips_top_72/HI
 mips_top_73/HI
 mips_top_74/HI
 mips_top_75/HI
 mips_top_76/HI
 mips_top_77/HI
 mips_top_78/HI
 mips_top_79/HI
 mips_top_80/HI
 mips_top_81/HI
 mips_top_82/HI
 mips_top_83/HI
 mips_top_84/HI
 mips_top_85/HI
 mips_top_86/HI
 mips_top_87/HI
 mips_top_88/HI
 mips_top_89/HI
 mips_top_90/HI
 mips_top_91/HI
 mips_top_92/HI
 mips_top_93/HI
 mips_top_94/HI
 mips_top_95/HI
 mips_top_96/HI
 mips_top_97/HI
 mips_top_98/HI
 mips_top_99/HI
Found 0 partially unannotated drivers.

===========================================================================
max slew violation count 0
max fanout violation count 0
max cap violation count 0
============================================================================

===========================================================================
check_setup -verbose -unconstrained_endpoints -multiple_clock -no_clock -no_input_delay -loops -generated_clocks
===========================================================================
