
===========================================================================
report_checks -unconstrained
===========================================================================
======================= nom_ss_100C_1v60 Corner ===================================

Startpoint: _168_ (rising edge-triggered flip-flop clocked by clk)
Endpoint: _197_ (rising edge-triggered flip-flop clocked by clk)
Path Group: clk
Path Type: max

Fanout         Cap        Slew       Delay        Time   Description
---------------------------------------------------------------------------------------------
                      0.150000    0.000000    0.000000   clock clk (rise edge)
                                  0.000000    0.000000   clock network delay (ideal)
                      0.150000    0.000000    0.000000 ^ _168_/CLK (sky130_fd_sc_hd__dfxtp_2)
     7    0.052493    0.425220    0.957371    0.957371 ^ _168_/Q (sky130_fd_sc_hd__dfxtp_2)
                                                         pc_out[2] (net)
                      0.425220    0.000000    0.957371 ^ _090_/A (sky130_fd_sc_hd__and4_2)
     7    0.021716    0.247257    0.707630    1.665001 ^ _090_/X (sky130_fd_sc_hd__and4_2)
                                                         _062_ (net)
                      0.247257    0.000000    1.665001 ^ _102_/C (sky130_fd_sc_hd__and4_2)
     7    0.021716    0.246744    0.673022    2.338022 ^ _102_/X (sky130_fd_sc_hd__and4_2)
                                                         _070_ (net)
                      0.246744    0.000000    2.338022 ^ _114_/C (sky130_fd_sc_hd__and4_2)
     7    0.021716    0.246744    0.672864    3.010887 ^ _114_/X (sky130_fd_sc_hd__and4_2)
                                                         _078_ (net)
                      0.246744    0.000000    3.010887 ^ _126_/C (sky130_fd_sc_hd__and4_2)
     7    0.021716    0.246744    0.672864    3.683751 ^ _126_/X (sky130_fd_sc_hd__and4_2)
                                                         _032_ (net)
                      0.246744    0.000000    3.683751 ^ _138_/C (sky130_fd_sc_hd__and4_2)
     6    0.020376    0.237051    0.664460    4.348212 ^ _138_/X (sky130_fd_sc_hd__and4_2)
                                                         _040_ (net)
                      0.237051    0.000000    4.348212 ^ _146_/D (sky130_fd_sc_hd__and4_2)
     7    0.021817    0.247776    0.680911    5.029123 ^ _146_/X (sky130_fd_sc_hd__and4_2)
                                                         _045_ (net)
                      0.247776    0.000000    5.029123 ^ _164_/B (sky130_fd_sc_hd__and4_2)
     3    0.012248    0.176310    0.589004    5.618126 ^ _164_/X (sky130_fd_sc_hd__and4_2)
                                                         _057_ (net)
                      0.176310    0.000000    5.618126 ^ _166_/A2 (sky130_fd_sc_hd__a21oi_2)
     1    0.002359    0.182968    0.138000    5.756126 v _166_/Y (sky130_fd_sc_hd__a21oi_2)
                                                         _058_ (net)
                      0.182968    0.000000    5.756126 v _167_/B1 (sky130_fd_sc_hd__o21a_2)
     1    0.001577    0.052987    0.251005    6.007132 v _167_/X (sky130_fd_sc_hd__o21a_2)
                                                         _029_ (net)
                      0.052987    0.000000    6.007132 v _197_/D (sky130_fd_sc_hd__dfxtp_2)
                                              6.007132   data arrival time

                      0.150000   20.000000   20.000000   clock clk (rise edge)
                                  0.000000   20.000000   clock network delay (ideal)
                                 -0.250000   19.750002   clock uncertainty
                                  0.000000   19.750002   clock reconvergence pessimism
                                             19.750002 ^ _197_/CLK (sky130_fd_sc_hd__dfxtp_2)
                                 -0.245657   19.504345   library setup time
                                             19.504345   data required time
---------------------------------------------------------------------------------------------
                                             19.504345   data required time
                                             -6.007132   data arrival time
---------------------------------------------------------------------------------------------
                                             13.497214   slack (MET)




===========================================================================
report_checks --slack_max -0.01
============================================================================
======================= nom_ss_100C_1v60 Corner ===================================

No paths found.


===========================================================================
 report_check_types -max_slew -max_cap -max_fanout -violators
============================================================================
======================= nom_ss_100C_1v60 Corner ===================================

max slew

Pin                                        Limit        Slew       Slack
------------------------------------------------------------------------
rst                                     0.750000    0.995733   -0.245733 (VIOLATED)
_084_/B                                 0.750000    0.995733   -0.245733 (VIOLATED)
_085_/B1                                0.750000    0.995733   -0.245733 (VIOLATED)
_089_/A                                 0.750000    0.995733   -0.245733 (VIOLATED)
_091_/A                                 0.750000    0.995733   -0.245733 (VIOLATED)
_093_/B1                                0.750000    0.995733   -0.245733 (VIOLATED)
_098_/A                                 0.750000    0.995733   -0.245733 (VIOLATED)
_100_/A                                 0.750000    0.995733   -0.245733 (VIOLATED)
_103_/A                                 0.750000    0.995733   -0.245733 (VIOLATED)
_105_/B1                                0.750000    0.995733   -0.245733 (VIOLATED)
_110_/A                                 0.750000    0.995733   -0.245733 (VIOLATED)
_112_/A                                 0.750000    0.995733   -0.245733 (VIOLATED)
_115_/A                                 0.750000    0.995733   -0.245733 (VIOLATED)
_117_/B1                                0.750000    0.995733   -0.245733 (VIOLATED)
_122_/A                                 0.750000    0.995733   -0.245733 (VIOLATED)
_124_/A                                 0.750000    0.995733   -0.245733 (VIOLATED)
_127_/A                                 0.750000    0.995733   -0.245733 (VIOLATED)
_129_/B1                                0.750000    0.995733   -0.245733 (VIOLATED)
_134_/A                                 0.750000    0.995733   -0.245733 (VIOLATED)
_136_/A                                 0.750000    0.995733   -0.245733 (VIOLATED)
_139_/A                                 0.750000    0.995733   -0.245733 (VIOLATED)
_141_/B1                                0.750000    0.995733   -0.245733 (VIOLATED)
_145_/A                                 0.750000    0.995733   -0.245733 (VIOLATED)
_147_/A                                 0.750000    0.995733   -0.245733 (VIOLATED)
_149_/B1                                0.750000    0.995733   -0.245733 (VIOLATED)
_153_/A                                 0.750000    0.995733   -0.245733 (VIOLATED)
_154_/B1                                0.750000    0.995733   -0.245733 (VIOLATED)
_159_/A                                 0.750000    0.995733   -0.245733 (VIOLATED)
_160_/B1                                0.750000    0.995733   -0.245733 (VIOLATED)
_165_/A                                 0.750000    0.995733   -0.245733 (VIOLATED)
_166_/B1                                0.750000    0.995733   -0.245733 (VIOLATED)

max fanout

Pin                                   Limit Fanout  Slack
---------------------------------------------------------
rst                                      10     30    -20 (VIOLATED)



===========================================================================
report_parasitic_annotation -report_unannotated
============================================================================
Found 248 unannotated drivers.
 clk
 rst
 _084_/Y
 _085_/Y
 _086_/X
 _087_/Y
 _088_/X
 _089_/Y
 _090_/X
 _091_/Y
 _092_/X
 _093_/Y
 _094_/X
 _095_/Y
 _096_/X
 _097_/X
 _098_/Y
 _099_/X
 _100_/Y
 _101_/X
 _102_/X
 _103_/Y
 _104_/X
 _105_/Y
 _106_/X
 _107_/Y
 _108_/X
 _109_/X
 _110_/Y
 _111_/X
 _112_/Y
 _113_/X
 _114_/X
 _115_/Y
 _116_/X
 _117_/Y
 _118_/X
 _119_/Y
 _120_/X
 _121_/X
 _122_/Y
 _123_/X
 _124_/Y
 _125_/X
 _126_/X
 _127_/Y
 _128_/X
 _129_/Y
 _130_/X
 _131_/Y
 _132_/X
 _133_/X
 _134_/Y
 _135_/X
 _136_/Y
 _137_/X
 _138_/X
 _139_/Y
 _140_/X
 _141_/Y
 _142_/X
 _143_/Y
 _144_/X
 _145_/Y
 _146_/X
 _147_/Y
 _148_/X
 _149_/Y
 _150_/X
 _151_/Y
 _152_/X
 _153_/Y
 _154_/Y
 _155_/X
 _156_/Y
 _157_/X
 _158_/X
 _159_/Y
 _160_/Y
 _161_/X
 _162_/Y
 _163_/X
 _164_/X
 _165_/Y
 _166_/Y
 _167_/X
 _168_/Q
 _169_/Q
 _170_/Q
 _171_/Q
 _172_/Q
 _173_/Q
 _174_/Q
 _175_/Q
 _176_/Q
 _177_/Q
 _178_/Q
 _179_/Q
 _180_/Q
 _181_/Q
 _182_/Q
 _183_/Q
 _184_/Q
 _185_/Q
 _186_/Q
 _187_/Q
 _188_/Q
 _189_/Q
 _190_/Q
 _191_/Q
 _192_/Q
 _193_/Q
 _194_/Q
 _195_/Q
 _196_/Q
 _197_/Q
 _198_/HI
 _198_/LO
 _199_/HI
 _199_/LO
 _200_/HI
 _200_/LO
 _201_/HI
 _201_/LO
 _202_/HI
 _202_/LO
 _203_/HI
 _203_/LO
 _204_/HI
 _204_/LO
 _205_/HI
 _205_/LO
 _206_/HI
 _206_/LO
 _207_/HI
 _207_/LO
 _208_/HI
 _208_/LO
 _209_/HI
 _209_/LO
 _210_/HI
 _210_/LO
 _211_/HI
 _211_/LO
 _212_/HI
 _212_/LO
 _213_/HI
 _213_/LO
 _214_/HI
 _214_/LO
 _215_/HI
 _215_/LO
 _216_/HI
 _216_/LO
 _217_/HI
 _217_/LO
 _218_/HI
 _218_/LO
 _219_/HI
 _219_/LO
 _220_/HI
 _220_/LO
 _221_/HI
 _221_/LO
 _222_/HI
 _222_/LO
 _223_/HI
 _223_/LO
 _224_/HI
 _224_/LO
 _225_/HI
 _225_/LO
 _226_/HI
 _226_/LO
 _227_/HI
 _227_/LO
 _228_/HI
 _228_/LO
 _229_/HI
 _229_/LO
 _230_/HI
 _230_/LO
 _231_/HI
 _231_/LO
 _232_/HI
 _232_/LO
 _233_/HI
 _233_/LO
 _234_/HI
 _234_/LO
 _235_/HI
 _235_/LO
 _236_/HI
 _236_/LO
 _237_/HI
 _237_/LO
 _238_/HI
 _238_/LO
 _239_/HI
 _239_/LO
 _240_/HI
 _240_/LO
 _241_/HI
 _241_/LO
 _242_/HI
 _242_/LO
 _243_/HI
 _243_/LO
 _244_/HI
 _244_/LO
 _245_/HI
 _245_/LO
 _246_/HI
 _246_/LO
 _247_/HI
 _247_/LO
 _248_/HI
 _248_/LO
 _249_/HI
 _249_/LO
 _250_/HI
 _250_/LO
 _251_/HI
 _251_/LO
 _252_/HI
 _252_/LO
 _253_/HI
 _253_/LO
 _254_/HI
 _254_/LO
 _255_/HI
 _255_/LO
 _256_/HI
 _256_/LO
 _257_/HI
 _257_/LO
 _258_/HI
 _258_/LO
 _259_/HI
 _259_/LO
 _260_/HI
 _260_/LO
 _261_/HI
 _261_/LO
 _262_/HI
 _262_/LO
 _263_/HI
 _263_/LO
Found 0 partially unannotated drivers.

===========================================================================
max slew violation count 31
max fanout violation count 1
max cap violation count 0
============================================================================

===========================================================================
check_setup -verbose -unconstrained_endpoints -multiple_clock -no_clock -no_input_delay -loops -generated_clocks
===========================================================================
