Clock: clk
Sources: clk 
Generated: no
Virtual: no
Propagated: no
Period: 20.000000

===========================================================================
report_clock_properties
============================================================================
Clock                   Period          Waveform
----------------------------------------------------
clk                  20.000000    0.000000 10.000000

===========================================================================
report_clock_latency
============================================================================
Clock clk
rise -> rise
    min     max
0.000000 0.000000 source latency
0.257720         network latency _168_/CLK
        0.257720 network latency _168_/CLK
---------------
0.257720 0.257720 latency
        0.000000 skew

fall -> fall
    min     max
0.000000 0.000000 source latency
0.146798         network latency _168_/CLK
        0.146798 network latency _168_/CLK
---------------
0.146798 0.146798 latency
        0.000000 skew



===========================================================================
report_clock_min_period
============================================================================
clk period_min = 6.50 fmax = 153.78
