
===========================================================================
report_checks -unconstrained
===========================================================================
======================= nom_tt_025C_1v80 Corner ===================================

Startpoint: rst (input port clocked by clk)
Endpoint: _190_ (rising edge-triggered flip-flop clocked by clk)
Path Group: clk
Path Type: max

Fanout         Cap        Slew       Delay        Time   Description
---------------------------------------------------------------------------------------------
                                  0.000000    0.000000   clock clk (rise edge)
                                  0.000000    0.000000   clock network delay (propagated)
                                  4.000000    4.000000 ^ input external delay
     1    0.004414    0.026742    0.015975    4.015975 ^ rst (in)
                                                         rst (net)
                      0.026742    0.000000    4.015975 ^ input1/A (sky130_fd_sc_hd__clkdlybuf4s25_1)
     1    0.003719    0.052229    0.243090    4.259064 ^ input1/X (sky130_fd_sc_hd__clkdlybuf4s25_1)
                                                         net1 (net)
                      0.052258    0.000101    4.259165 ^ fanout37/A (sky130_fd_sc_hd__clkdlybuf4s25_1)
     7    0.037378    0.376135    0.482770    4.741935 ^ fanout37/X (sky130_fd_sc_hd__clkdlybuf4s25_1)
                                                         net37 (net)
                      0.376135    0.000435    4.742370 ^ fanout35/A (sky130_fd_sc_hd__clkdlybuf4s25_1)
     6    0.032411    0.328042    0.524986    5.267356 ^ fanout35/X (sky130_fd_sc_hd__clkdlybuf4s25_1)
                                                         net35 (net)
                      0.328042    0.000571    5.267927 ^ load_slew36/A (sky130_fd_sc_hd__buf_4)
     5    0.028653    0.090757    0.223845    5.491772 ^ load_slew36/X (sky130_fd_sc_hd__buf_4)
                                                         net36 (net)
                      0.090769    0.001077    5.492849 ^ _147_/A (sky130_fd_sc_hd__nor2_2)
     1    0.003533    0.038198    0.047202    5.540051 v _147_/Y (sky130_fd_sc_hd__nor2_2)
                                                         _046_ (net)
                      0.038198    0.000119    5.540170 v _148_/B1 (sky130_fd_sc_hd__o21a_2)
     1    0.002751    0.032989    0.105695    5.645864 v _148_/X (sky130_fd_sc_hd__o21a_2)
                                                         _022_ (net)
                      0.032989    0.000084    5.645948 v _190_/D (sky130_fd_sc_hd__dfxtp_2)
                                              5.645948   data arrival time

                                 20.000000   20.000000   clock clk (rise edge)
                                  0.000000   20.000000   clock source latency
     1    0.011574    0.058458    0.039213   20.039213 ^ clk (in)
                                                         clk (net)
                      0.058461    0.000000   20.039213 ^ clkbuf_0_clk/A (sky130_fd_sc_hd__clkbuf_16)
     4    0.038381    0.058252    0.145176   20.184389 ^ clkbuf_0_clk/X (sky130_fd_sc_hd__clkbuf_16)
                                                         clknet_0_clk (net)
                      0.058296    0.001378   20.185768 ^ clkbuf_2_3__f_clk/A (sky130_fd_sc_hd__clkbuf_16)
     8    0.024368    0.045724    0.134234   20.320002 ^ clkbuf_2_3__f_clk/X (sky130_fd_sc_hd__clkbuf_16)
                                                         clknet_2_3__leaf_clk (net)
                      0.045737    0.000707   20.320709 ^ _190_/CLK (sky130_fd_sc_hd__dfxtp_2)
                                 -0.250000   20.070709   clock uncertainty
                                  0.000000   20.070709   clock reconvergence pessimism
                                 -0.107470   19.963240   library setup time
                                             19.963240   data required time
---------------------------------------------------------------------------------------------
                                             19.963240   data required time
                                             -5.645948   data arrival time
---------------------------------------------------------------------------------------------
                                             14.317292   slack (MET)




===========================================================================
report_checks --slack_max -0.01
============================================================================
======================= nom_tt_025C_1v80 Corner ===================================

No paths found.


===========================================================================
 report_check_types -max_slew -max_cap -max_fanout -violators
============================================================================
======================= nom_tt_025C_1v80 Corner ===================================



===========================================================================
report_parasitic_annotation -report_unannotated
============================================================================
Found 68 unannotated drivers.
 clkload0/X
 clkload1/X
 mips_top/HI
 mips_top_100/HI
 mips_top_101/HI
 mips_top_102/HI
 mips_top_38/HI
 mips_top_39/HI
 mips_top_40/HI
 mips_top_41/HI
 mips_top_42/HI
 mips_top_43/HI
 mips_top_44/HI
 mips_top_45/HI
 mips_top_46/HI
 mips_top_47/HI
 mips_top_48/HI
 mips_top_49/HI
 mips_top_50/HI
 mips_top_51/HI
 mips_top_52/HI
 mips_top_53/HI
 mips_top_54/HI
 mips_top_55/HI
 mips_top_56/HI
 mips_top_57/HI
 mips_top_58/HI
 mips_top_59/HI
 mips_top_60/HI
 mips_top_61/HI
 mips_top_62/HI
 mips_top_63/HI
 mips_top_64/HI
 mips_top_65/HI
 mips_top_66/HI
 mips_top_67/HI
 mips_top_68/HI
 mips_top_69/HI
 mips_top_70/HI
 mips_top_71/HI
 mips_top_72/HI
 mips_top_73/HI
 mips_top_74/HI
 mips_top_75/HI
 mips_top_76/HI
 mips_top_77/HI
 mips_top_78/HI
 mips_top_79/HI
 mips_top_80/HI
 mips_top_81/HI
 mips_top_82/HI
 mips_top_83/HI
 mips_top_84/HI
 mips_top_85/HI
 mips_top_86/HI
 mips_top_87/HI
 mips_top_88/HI
 mips_top_89/HI
 mips_top_90/HI
 mips_top_91/HI
 mips_top_92/HI
 mips_top_93/HI
 mips_top_94/HI
 mips_top_95/HI
 mips_top_96/HI
 mips_top_97/HI
 mips_top_98/HI
 mips_top_99/HI
Found 0 partially unannotated drivers.

===========================================================================
max slew violation count 0
Writing metric design__max_slew_violation__count__corner:nom_tt_025C_1v80: 0
max fanout violation count 0
Writing metric design__max_fanout_violation__count__corner:nom_tt_025C_1v80: 0
max cap violation count 0
Writing metric design__max_cap_violation__count__corner:nom_tt_025C_1v80: 0
============================================================================

===========================================================================
check_setup -verbose -unconstrained_endpoints -multiple_clock -no_clock -no_input_delay -loops -generated_clocks
===========================================================================
