173. Printing statistics.

=== mips_top ===

        +----------Local Count, excluding submodules.
        |        +-Local Area, excluding submodules.
        |        | 
       85        - wires
      209        - wire bits
        6        - public wires
      130        - public wire bits
        5        - ports
       98        - port bits
      139  638.112 cells
       14        -   $_ANDNOT_
       30        -   $_MUX_
       14        -   $_NAND_
        1        -   $_NOT_
       21        -   $_OR_
       14        -   $_XNOR_
       15        -   $_XOR_
       30  638.112   sky130_fd_sc_hd__dfxtp_2

   Area for cell type $_ANDNOT_ is unknown!
   Area for cell type $_MUX_ is unknown!
   Area for cell type $_NAND_ is unknown!
   Area for cell type $_NOT_ is unknown!
   Area for cell type $_OR_ is unknown!
   Area for cell type $_XNOR_ is unknown!
   Area for cell type $_XOR_ is unknown!

   Chip area for module '\mips_top': 638.112000
     of which used for sequential elements: 638.112000 (100.00%)

