167. Printing statistics.

=== mips_top ===

        +----------Local Count, excluding submodules.
        | 
       55 wires
      179 wire bits
        6 public wires
      130 public wire bits
        5 ports
       98 port bits
      109 cells
       14   $_ANDNOT_
       14   $_NAND_
        1   $_NOT_
       21   $_OR_
       30   $_SDFF_PP0_
       14   $_XNOR_
       15   $_XOR_

   Area for cell type $_ANDNOT_ is unknown!
   Area for cell type $_NAND_ is unknown!
   Area for cell type $_NOT_ is unknown!
   Area for cell type $_OR_ is unknown!
   Area for cell type $_SDFF_PP0_ is unknown!
   Area for cell type $_XNOR_ is unknown!
   Area for cell type $_XOR_ is unknown!

