181. Printing statistics.

=== mips_top ===

        +----------Local Count, excluding submodules.
        |        +-Local Area, excluding submodules.
        |        | 
       89        - wires
      182        - wire bits
        5        - public wires
       98        - public wire bits
        5        - ports
       98        - port bits
      180 1.59E+03 cells
       19   166.41   sky130_fd_sc_hd__a21oi_2
        9   67.565   sky130_fd_sc_hd__and2_2
        9   67.565   sky130_fd_sc_hd__and3_2
        7   70.067   sky130_fd_sc_hd__and4_2
       66  247.738   sky130_fd_sc_hd__conb_1
       30  638.112   sky130_fd_sc_hd__dfxtp_2
       11   68.816   sky130_fd_sc_hd__nor2_2
        9   90.086   sky130_fd_sc_hd__nor3_2
       20  175.168   sky130_fd_sc_hd__o21a_2

   Chip area for module '\mips_top': 1591.526400
     of which used for sequential elements: 638.112000 (40.09%)

