Reading timing models for corner nom_tt_025C_1v80…
Reading timing library for the 'nom_tt_025C_1v80' corner at '/Users/rein/projects/librelane/pdks/ciel/ciel/sky130/versions/8afc8346a57fe1ab7934ba5a6056ea8b43078e71/sky130A/libs.ref/sky130_fd_sc_hd/lib/sky130_fd_sc_hd__tt_025C_1v80.lib'…
Reading OpenROAD database at '/Users/rein/mips_pipeline/runs/RUN_2026-05-15_12-29-19/42-openroad-repairantennas/1-openroad-diodeinsertion/mips_top.odb'…
Reading design constraints file at '/nix/store/7xzs1bi9a4c6d3r2fd77rbyy4dv6cqs8-python3-3.13.9-env/lib/python3.13/site-packages/librelane/scripts/base.sdc'…
[INFO] Using clock clk…
[INFO] Setting output delay to: 4
[INFO] Setting input delay to: 4
[INFO] Setting load to: 0.033442
[INFO] Setting clock uncertainty to: 0.25
[INFO] Setting clock transition to: 0.1499999999999999944488848768742172978818416595458984375
[INFO] Setting timing derate to: 5%
[INFO ORD-0030] Using 10 thread(s).
+ detailed_route -droute_end_iter 64 -or_seed 42 -verbose 1 -output_drc /Users/rein/mips_pipeline/runs/RUN_2026-05-15_12-29-19/44-openroad-detailedrouting/drt-run-0/mips_top.drc
[INFO DRT-0149] Reading tech and libs.
[WARNING DRT-0349] LEF58_ENCLOSURE with no CUTCLASS is not supported. Skipping for layer mcon
[WARNING DRT-0349] LEF58_ENCLOSURE with no CUTCLASS is not supported. Skipping for layer mcon
[WARNING DRT-0349] LEF58_ENCLOSURE with no CUTCLASS is not supported. Skipping for layer via
[WARNING DRT-0349] LEF58_ENCLOSURE with no CUTCLASS is not supported. Skipping for layer via
[WARNING DRT-0349] LEF58_ENCLOSURE with no CUTCLASS is not supported. Skipping for layer via2
[WARNING DRT-0349] LEF58_ENCLOSURE with no CUTCLASS is not supported. Skipping for layer via2
[WARNING DRT-0349] LEF58_ENCLOSURE with no CUTCLASS is not supported. Skipping for layer via3
[WARNING DRT-0349] LEF58_ENCLOSURE with no CUTCLASS is not supported. Skipping for layer via3
[WARNING DRT-0349] LEF58_ENCLOSURE with no CUTCLASS is not supported. Skipping for layer via4
[WARNING DRT-0349] LEF58_ENCLOSURE with no CUTCLASS is not supported. Skipping for layer via4

Units:                1000
Number of layers:     13
Number of macros:     445
Number of vias:       29
Number of viarulegen: 25

[INFO DRT-0150] Reading design.

Design:                   mips_top
Die area:                 ( 0 0 ) ( 74115 84835 )
Number of track patterns: 12
Number of DEF vias:       0
Number of components:     355
Number of terminals:      100
Number of snets:          2
Number of nets:           259

[INFO DRT-0167] List of default vias:
  Layer via
    default via: M1M2_PR
  Layer via2
    default via: M2M3_PR
  Layer via3
    default via: M3M4_PR
  Layer via4
    default via: M4M5_PR
[INFO DRT-0162] Library cell analysis.
[INFO DRT-0163] Instance analysis.
[INFO DRT-0164] Number of unique instances = 57.
[INFO DRT-0168] Init region query.
[INFO DRT-0024]   Complete FR_MASTERSLICE.
[INFO DRT-0024]   Complete licon.
[INFO DRT-0024]   Complete li1.
[INFO DRT-0024]   Complete mcon.
[INFO DRT-0024]   Complete met1.
[INFO DRT-0024]   Complete via.
[INFO DRT-0024]   Complete met2.
[INFO DRT-0024]   Complete via2.
[INFO DRT-0024]   Complete met3.
[INFO DRT-0024]   Complete via3.
[INFO DRT-0024]   Complete met4.
[INFO DRT-0024]   Complete via4.
[INFO DRT-0024]   Complete met5.
[INFO DRT-0033] FR_MASTERSLICE shape region query size = 0.
[INFO DRT-0033] licon shape region query size = 0.
[INFO DRT-0033] li1 shape region query size = 6791.
[INFO DRT-0033] mcon shape region query size = 0.
[INFO DRT-0033] met1 shape region query size = 998.
[INFO DRT-0033] via shape region query size = 120.
[INFO DRT-0033] met2 shape region query size = 87.
[INFO DRT-0033] via2 shape region query size = 96.
[INFO DRT-0033] met3 shape region query size = 155.
[INFO DRT-0033] via3 shape region query size = 96.
[INFO DRT-0033] met4 shape region query size = 30.
[INFO DRT-0033] via4 shape region query size = 2.
[INFO DRT-0033] met5 shape region query size = 6.
[INFO DRT-0165] Start pin access.
[INFO DRT-0078]   Complete 379 pins.
[INFO DRT-0081]   Complete 57 unique inst patterns.
[INFO DRT-0084]   Complete 148 groups.
#scanned instances     = 355
#unique  instances     = 57
#stdCellGenAp          = 1139
#stdCellValidPlanarAp  = 0
#stdCellValidViaAp     = 789
#stdCellPinNoAp        = 0
#stdCellPinCnt         = 635
#instTermValidViaApCnt = 0
#macroGenAp            = 0
#macroValidPlanarAp    = 0
#macroValidViaAp       = 0
#macroNoAp             = 0
[INFO DRT-0166] Complete pin access.
[INFO DRT-0267] cpu time = 00:00:27, elapsed time = 00:00:04, memory = 111.88 (MB), peak = 111.88 (MB)

[INFO DRT-0157] Number of guides:     1623

[INFO DRT-0169] Post process guides.
[INFO DRT-0176] GCELLGRID X 0 DO 10 STEP 6900 ;
[INFO DRT-0177] GCELLGRID Y 0 DO 12 STEP 6900 ;
[INFO DRT-0028]   Complete FR_MASTERSLICE.
[INFO DRT-0028]   Complete licon.
[INFO DRT-0028]   Complete li1.
[INFO DRT-0028]   Complete mcon.
[INFO DRT-0028]   Complete met1.
[INFO DRT-0028]   Complete via.
[INFO DRT-0028]   Complete met2.
[INFO DRT-0028]   Complete via2.
[INFO DRT-0028]   Complete met3.
[INFO DRT-0028]   Complete via3.
[INFO DRT-0028]   Complete met4.
[INFO DRT-0028]   Complete via4.
[INFO DRT-0028]   Complete met5.
[INFO DRT-0178] Init guide query.
[INFO DRT-0035]   Complete FR_MASTERSLICE (guide).
[INFO DRT-0035]   Complete licon (guide).
[INFO DRT-0035]   Complete li1 (guide).
[INFO DRT-0035]   Complete mcon (guide).
[INFO DRT-0035]   Complete met1 (guide).
[INFO DRT-0035]   Complete via (guide).
[INFO DRT-0035]   Complete met2 (guide).
[INFO DRT-0035]   Complete via2 (guide).
[INFO DRT-0035]   Complete met3 (guide).
[INFO DRT-0035]   Complete via3 (guide).
[INFO DRT-0035]   Complete met4 (guide).
[INFO DRT-0035]   Complete via4 (guide).
[INFO DRT-0035]   Complete met5 (guide).
[INFO DRT-0036] FR_MASTERSLICE guide region query size = 0.
[INFO DRT-0036] licon guide region query size = 0.
[INFO DRT-0036] li1 guide region query size = 513.
[INFO DRT-0036] mcon guide region query size = 0.
[INFO DRT-0036] met1 guide region query size = 437.
[INFO DRT-0036] via guide region query size = 0.
[INFO DRT-0036] met2 guide region query size = 256.
[INFO DRT-0036] via2 guide region query size = 0.
[INFO DRT-0036] met3 guide region query size = 83.
[INFO DRT-0036] via3 guide region query size = 0.
[INFO DRT-0036] met4 guide region query size = 0.
[INFO DRT-0036] via4 guide region query size = 0.
[INFO DRT-0036] met5 guide region query size = 0.
[INFO DRT-0179] Init gr pin query.
[INFO DRT-0267] cpu time = 00:00:00, elapsed time = 00:00:00, memory = 113.00 (MB), peak = 113.00 (MB)
[INFO DRT-0245] skipped writing guide updates to database.
[INFO DRT-0185] Post process initialize RPin region query.
[INFO DRT-0181] Start track assignment.
[INFO DRT-0184] Done with 769 vertical wires in 1 frboxes and 520 horizontal wires in 1 frboxes.
[INFO DRT-0186] Done with 51 vertical wires in 1 frboxes and 90 horizontal wires in 1 frboxes.
[INFO DRT-0182] Complete track assignment.
[INFO DRT-0267] cpu time = 00:00:00, elapsed time = 00:00:00, memory = 115.42 (MB), peak = 115.42 (MB)
[INFO DRT-0187] Start routing data preparation.
[INFO DRT-0267] cpu time = 00:00:00, elapsed time = 00:00:00, memory = 115.47 (MB), peak = 115.47 (MB)
[INFO DRT-0194] Start detail routing.
[INFO DRT-0195] Start 0th optimization iteration.
    Completing 20% with 0 violations.
    elapsed time = 00:00:00, memory = 133.98 (MB).
    Completing 50% with 10 violations.
    elapsed time = 00:00:00, memory = 134.14 (MB).
    Completing 70% with 12 violations.
    elapsed time = 00:00:01, memory = 138.83 (MB).
    Completing 100% with 15 violations.
    elapsed time = 00:00:01, memory = 138.92 (MB).
[INFO DRT-0199]   Number of violations = 21.
Viol/Layer        met1   met2
Metal Spacing        6      2
Recheck              5      1
Short                7      0
[INFO DRT-0267] cpu time = 00:00:01, elapsed time = 00:00:01, memory = 374.09 (MB), peak = 413.86 (MB)
Total wire length = 3644 um.
Total wire length on LAYER li1 = 0 um.
Total wire length on LAYER met1 = 1438 um.
Total wire length on LAYER met2 = 1621 um.
Total wire length on LAYER met3 = 584 um.
Total wire length on LAYER met4 = 0 um.
Total wire length on LAYER met5 = 0 um.
Total number of vias = 1339.
Up-via summary (total 1339):

-----------------------
 FR_MASTERSLICE       0
            li1     653
           met1     603
           met2      83
           met3       0
           met4       0
-----------------------
               1339


[INFO DRT-0195] Start 1st optimization iteration.
    Completing 20% with 21 violations.
    elapsed time = 00:00:00, memory = 374.14 (MB).
    Completing 50% with 20 violations.
    elapsed time = 00:00:00, memory = 381.66 (MB).
    Completing 70% with 16 violations.
    elapsed time = 00:00:00, memory = 381.66 (MB).
    Completing 100% with 3 violations.
    elapsed time = 00:00:01, memory = 389.38 (MB).
[INFO DRT-0199]   Number of violations = 3.
Viol/Layer        met1
Metal Spacing        2
Short                1
[INFO DRT-0267] cpu time = 00:00:01, elapsed time = 00:00:01, memory = 419.48 (MB), peak = 419.48 (MB)
Total wire length = 3620 um.
Total wire length on LAYER li1 = 0 um.
Total wire length on LAYER met1 = 1425 um.
Total wire length on LAYER met2 = 1611 um.
Total wire length on LAYER met3 = 584 um.
Total wire length on LAYER met4 = 0 um.
Total wire length on LAYER met5 = 0 um.
Total number of vias = 1332.
Up-via summary (total 1332):

-----------------------
 FR_MASTERSLICE       0
            li1     652
           met1     597
           met2      83
           met3       0
           met4       0
-----------------------
               1332


[INFO DRT-0195] Start 2nd optimization iteration.
    Completing 10% with 3 violations.
    elapsed time = 00:00:00, memory = 419.52 (MB).
    Completing 20% with 3 violations.
    elapsed time = 00:00:00, memory = 419.52 (MB).
    Completing 30% with 3 violations.
    elapsed time = 00:00:00, memory = 419.52 (MB).
    Completing 40% with 3 violations.
    elapsed time = 00:00:00, memory = 419.52 (MB).
    Completing 50% with 3 violations.
    elapsed time = 00:00:00, memory = 419.52 (MB).
    Completing 60% with 3 violations.
    elapsed time = 00:00:00, memory = 419.52 (MB).
    Completing 70% with 3 violations.
    elapsed time = 00:00:00, memory = 419.52 (MB).
    Completing 80% with 3 violations.
    elapsed time = 00:00:00, memory = 419.52 (MB).
    Completing 100% with 1 violations.
    elapsed time = 00:00:00, memory = 442.27 (MB).
[INFO DRT-0199]   Number of violations = 1.
Viol/Layer        met1
Short                1
[INFO DRT-0267] cpu time = 00:00:00, elapsed time = 00:00:00, memory = 442.38 (MB), peak = 442.38 (MB)
Total wire length = 3633 um.
Total wire length on LAYER li1 = 0 um.
Total wire length on LAYER met1 = 1449 um.
Total wire length on LAYER met2 = 1599 um.
Total wire length on LAYER met3 = 584 um.
Total wire length on LAYER met4 = 0 um.
Total wire length on LAYER met5 = 0 um.
Total number of vias = 1329.
Up-via summary (total 1329):

-----------------------
 FR_MASTERSLICE       0
            li1     658
           met1     588
           met2      83
           met3       0
           met4       0
-----------------------
               1329


[INFO DRT-0195] Start 3rd guides tiles iteration.
    Completing 100% with 0 violations.
    elapsed time = 00:00:00, memory = 442.42 (MB).
[INFO DRT-0199]   Number of violations = 0.
[INFO DRT-0267] cpu time = 00:00:00, elapsed time = 00:00:00, memory = 442.42 (MB), peak = 442.42 (MB)
Total wire length = 3633 um.
Total wire length on LAYER li1 = 0 um.
Total wire length on LAYER met1 = 1449 um.
Total wire length on LAYER met2 = 1599 um.
Total wire length on LAYER met3 = 584 um.
Total wire length on LAYER met4 = 0 um.
Total wire length on LAYER met5 = 0 um.
Total number of vias = 1331.
Up-via summary (total 1331):

-----------------------
 FR_MASTERSLICE       0
            li1     658
           met1     590
           met2      83
           met3       0
           met4       0
-----------------------
               1331


[INFO DRT-0198] Complete detail routing.
Total wire length = 3633 um.
Total wire length on LAYER li1 = 0 um.
Total wire length on LAYER met1 = 1449 um.
Total wire length on LAYER met2 = 1599 um.
Total wire length on LAYER met3 = 584 um.
Total wire length on LAYER met4 = 0 um.
Total wire length on LAYER met5 = 0 um.
Total number of vias = 1331.
Up-via summary (total 1331):

-----------------------
 FR_MASTERSLICE       0
            li1     658
           met1     590
           met2      83
           met3       0
           met4       0
-----------------------
               1331


[INFO DRT-0267] cpu time = 00:00:03, elapsed time = 00:00:03, memory = 442.48 (MB), peak = 442.48 (MB)

[INFO DRT-0180] Post processing.
+ check_antennas 
[INFO ANT-0002] Found 0 net violations.
[INFO ANT-0001] Found 0 pin violations.
Setting global connections for newly added cells…
[INFO] Setting global connections...
[INFO ODB-0403] 0 connections made, 0 conflicts skipped.
Updating metrics…
Cell type report:                       Count       Area
  Fill cell                                46     172.67
  Tap cell                                 50      62.56
  Clock buffer                              7     140.13
  Timing Repair Buffer                     72     715.69
  Sequential cell                          30     638.11
  Multi-Input combinational cell          150     953.41
  Total                                   355    2682.57
Writing OpenROAD database to '/Users/rein/mips_pipeline/runs/RUN_2026-05-15_12-29-19/44-openroad-detailedrouting/mips_top.odb'…
Writing netlist to '/Users/rein/mips_pipeline/runs/RUN_2026-05-15_12-29-19/44-openroad-detailedrouting/mips_top.nl.v'…
Writing powered netlist to '/Users/rein/mips_pipeline/runs/RUN_2026-05-15_12-29-19/44-openroad-detailedrouting/mips_top.pnl.v'…
Writing layout to '/Users/rein/mips_pipeline/runs/RUN_2026-05-15_12-29-19/44-openroad-detailedrouting/mips_top.def'…
Writing timing constraints to '/Users/rein/mips_pipeline/runs/RUN_2026-05-15_12-29-19/44-openroad-detailedrouting/mips_top.sdc'…
