%Warning-UNDRIVEN: /Users/rein/mips_pipeline/src/mips_top.v:6:48: Signal is not driven: 'instr_mem'
                                                                : ... note: In instance 'mips_top'
    6 |     (* ram_style = "distributed" *) reg [31:0] instr_mem [0:255];
      |                                                ^~~~~~~~~
                   ... For warning description see https://verilator.org/warn/UNDRIVEN?v=5.044
                   ... Use "/* verilator lint_off UNDRIVEN */" and lint_on around source to disable this message.
%Warning-UNUSEDSIGNAL: /Users/rein/mips_pipeline/src/mips_top.v:41:17: Signal is not used: 'idex_pc'
                                                                     : ... note: In instance 'mips_top'
   41 |     wire [31:0] idex_pc, idex_rd1, idex_rd2, idex_imm;
      |                 ^~~~~~~
                       ... For warning description see https://verilator.org/warn/UNUSEDSIGNAL?v=5.044
                       ... Use "/* verilator lint_off UNUSEDSIGNAL */" and lint_on around source to disable this message.
%Warning-UNUSEDSIGNAL: /Users/rein/mips_pipeline/src/mips_top.v:62:17: Signal is not used: 'exmem_zero'
                                                                     : ... note: In instance 'mips_top'
   62 |     wire        exmem_zero, exmem_branch, exmem_mem_read, exmem_mem_write;
      |                 ^~~~~~~~~~
%Warning-UNUSEDSIGNAL: /Users/rein/mips_pipeline/src/mips_top.v:62:29: Signal is not used: 'exmem_branch'
                                                                     : ... note: In instance 'mips_top'
   62 |     wire        exmem_zero, exmem_branch, exmem_mem_read, exmem_mem_write;
      |                             ^~~~~~~~~~~~
%Warning-UNUSEDSIGNAL: /Users/rein/mips_pipeline/src/data_memory.v:3:19: Bits of signal are not used: 'addr'[31:10,1:0]
                                                                       : ... note: In instance 'mips_top.dmem'
    3 |     input  [31:0] addr, wd,
      |                   ^~~~
%Warning-SYNCASYNCNET: /Users/rein/mips_pipeline/src/mips_top.v:2:16: Signal flopped as both synchronous and async: 'rst'
                       /Users/rein/mips_pipeline/src/if_id_reg.v:7:13: ... Location of async usage
    7 |         if (rst) {pc_plus4_out, instr_out} <= 64'd0;
      |             ^~~
                       /Users/rein/mips_pipeline/src/mips_top.v:10:15: ... Location of sync usage
   10 |         pc <= rst ? 32'd0 : pc_plus4;
      |               ^~~
                       ... For warning description see https://verilator.org/warn/SYNCASYNCNET?v=5.044
                       ... Use "/* verilator lint_off SYNCASYNCNET */" and lint_on around source to disable this message.
- V e r i l a t i o n   R e p o r t: Verilator 5.044 2026-01-01 rev v5.040
- Verilator: Built from 1.914 MB sources in 456 modules, into 0.002 MB in 3 C++ files needing 0.000 MB
- Verilator: Walltime 0.069 s (elab=0.015, cvt=0.017, bld=0.000); cpu 0.055 s on 1 threads; alloced 20.703 MB
