
 /----------------------------------------------------------------------------\
 |  yosys -- Yosys Open SYnthesis Suite                                       |
 |  Copyright (C) 2012 - 2026  Claire Xenia Wolf <claire@yosyshq.com>         |
 |  Distributed under an ISC-like license, type "license" to see terms        |
 \----------------------------------------------------------------------------/
 Yosys 0.62 (git sha1 7326bb7d6641500ecb285c291a54a662cb1e76cf, clang++ 21.1.2 -fPIC -O3)

1. Executing Liberty frontend: /Users/rein/projects/librelane/pdks/ciel/ciel/sky130/versions/8afc8346a57fe1ab7934ba5a6056ea8b43078e71/sky130A/libs.ref/sky130_fd_sc_hd/lib/sky130_fd_sc_hd__tt_025C_1v80.lib
Imported 428 cell types from liberty file.
[INFO] Using SDC file '/Users/rein/mips_pipeline/runs/RUN_2026-05-15_12-25-34/06-yosys-synthesis/synthesis.abc.sdc' for ABC…wtaf

2. Executing Verilog-2005 frontend: /Users/rein/mips_pipeline/src/mips_top.v
Parsing SystemVerilog input from `/Users/rein/mips_pipeline/src/mips_top.v' to AST representation.
Storing AST representation for module `$abstract\mips_top'.
Successfully finished Verilog frontend.

3. Executing Verilog-2005 frontend: /Users/rein/mips_pipeline/src/control_unit.v
Parsing SystemVerilog input from `/Users/rein/mips_pipeline/src/control_unit.v' to AST representation.
Storing AST representation for module `$abstract\control_unit'.
Successfully finished Verilog frontend.

4. Executing Verilog-2005 frontend: /Users/rein/mips_pipeline/src/alu.v
Parsing SystemVerilog input from `/Users/rein/mips_pipeline/src/alu.v' to AST representation.
Storing AST representation for module `$abstract\alu'.
Successfully finished Verilog frontend.

5. Executing Verilog-2005 frontend: /Users/rein/mips_pipeline/src/register_file.v
Parsing SystemVerilog input from `/Users/rein/mips_pipeline/src/register_file.v' to AST representation.
Storing AST representation for module `$abstract\register_file'.
Successfully finished Verilog frontend.

6. Executing Verilog-2005 frontend: /Users/rein/mips_pipeline/src/data_memory.v
Parsing SystemVerilog input from `/Users/rein/mips_pipeline/src/data_memory.v' to AST representation.
Storing AST representation for module `$abstract\data_memory'.
Successfully finished Verilog frontend.

7. Executing Verilog-2005 frontend: /Users/rein/mips_pipeline/src/if_id_reg.v
Parsing SystemVerilog input from `/Users/rein/mips_pipeline/src/if_id_reg.v' to AST representation.
Storing AST representation for module `$abstract\if_id_reg'.
Successfully finished Verilog frontend.

8. Executing Verilog-2005 frontend: /Users/rein/mips_pipeline/src/id_ex_reg.v
Parsing SystemVerilog input from `/Users/rein/mips_pipeline/src/id_ex_reg.v' to AST representation.
Storing AST representation for module `$abstract\id_ex_reg'.
Successfully finished Verilog frontend.

9. Executing Verilog-2005 frontend: /Users/rein/mips_pipeline/src/ex_mem_reg.v
Parsing SystemVerilog input from `/Users/rein/mips_pipeline/src/ex_mem_reg.v' to AST representation.
Storing AST representation for module `$abstract\ex_mem_reg'.
Successfully finished Verilog frontend.

10. Executing Verilog-2005 frontend: /Users/rein/mips_pipeline/src/mem_wb_reg.v
Parsing SystemVerilog input from `/Users/rein/mips_pipeline/src/mem_wb_reg.v' to AST representation.
Storing AST representation for module `$abstract\mem_wb_reg'.
Successfully finished Verilog frontend.

11. Executing HIERARCHY pass (managing design hierarchy).

12. Executing AST frontend in derive mode using pre-parsed AST for module `\mips_top'.
Generating RTLIL representation for module `\mips_top'.

12.1. Analyzing design hierarchy..
Top module:  \mips_top

12.2. Executing AST frontend in derive mode using pre-parsed AST for module `\mem_wb_reg'.
Generating RTLIL representation for module `\mem_wb_reg'.

12.3. Executing AST frontend in derive mode using pre-parsed AST for module `\data_memory'.
Generating RTLIL representation for module `\data_memory'.

12.4. Executing AST frontend in derive mode using pre-parsed AST for module `\ex_mem_reg'.
Generating RTLIL representation for module `\ex_mem_reg'.

12.5. Executing AST frontend in derive mode using pre-parsed AST for module `\alu'.
Generating RTLIL representation for module `\alu'.

12.6. Executing AST frontend in derive mode using pre-parsed AST for module `\id_ex_reg'.
Generating RTLIL representation for module `\id_ex_reg'.

12.7. Executing AST frontend in derive mode using pre-parsed AST for module `\register_file'.
Generating RTLIL representation for module `\register_file'.

12.8. Executing AST frontend in derive mode using pre-parsed AST for module `\control_unit'.
Generating RTLIL representation for module `\control_unit'.

12.9. Executing AST frontend in derive mode using pre-parsed AST for module `\if_id_reg'.
Generating RTLIL representation for module `\if_id_reg'.

12.10. Analyzing design hierarchy..
Top module:  \mips_top
Used module:     \mem_wb_reg
Used module:     \data_memory
Used module:     \ex_mem_reg
Used module:     \alu
Used module:     \id_ex_reg
Used module:     \register_file
Used module:     \control_unit
Used module:     \if_id_reg

12.11. Analyzing design hierarchy..
Top module:  \mips_top
Used module:     \mem_wb_reg
Used module:     \data_memory
Used module:     \ex_mem_reg
Used module:     \alu
Used module:     \id_ex_reg
Used module:     \register_file
Used module:     \control_unit
Used module:     \if_id_reg
Removing unused module `$abstract\mem_wb_reg'.
Removing unused module `$abstract\ex_mem_reg'.
Removing unused module `$abstract\id_ex_reg'.
Removing unused module `$abstract\if_id_reg'.
Removing unused module `$abstract\data_memory'.
Removing unused module `$abstract\register_file'.
Removing unused module `$abstract\alu'.
Removing unused module `$abstract\control_unit'.
Removing unused module `$abstract\mips_top'.
Removed 9 unused modules.
Renaming module mips_top to mips_top.

13. Executing ATTRMAP pass (move or copy attributes).

14. Executing TRIBUF pass.

15. Executing HIERARCHY pass (managing design hierarchy).

15.1. Analyzing design hierarchy..
Top module:  \mips_top
Used module:     \mem_wb_reg
Used module:     \data_memory
Used module:     \ex_mem_reg
Used module:     \alu
Used module:     \id_ex_reg
Used module:     \register_file
Used module:     \control_unit
Used module:     \if_id_reg

15.2. Analyzing design hierarchy..
Top module:  \mips_top
Used module:     \mem_wb_reg
Used module:     \data_memory
Used module:     \ex_mem_reg
Used module:     \alu
Used module:     \id_ex_reg
Used module:     \register_file
Used module:     \control_unit
Used module:     \if_id_reg
Removed 0 unused modules.

16. Executing PROC_CLEAN pass (remove empty switches from decision trees).
Cleaned up 0 empty switches.

17. Executing PROC_RMDEAD pass (remove dead branches from decision trees).
Marked 1 switch rules as full_case in process $proc$/Users/rein/mips_pipeline/src/control_unit.v:7$141 in module control_unit.
Marked 1 switch rules as full_case in process $proc$/Users/rein/mips_pipeline/src/register_file.v:11$65 in module register_file.
Marked 1 switch rules as full_case in process $proc$/Users/rein/mips_pipeline/src/id_ex_reg.v:10$31 in module id_ex_reg.
Marked 1 switch rules as full_case in process $proc$/Users/rein/mips_pipeline/src/alu.v:7$23 in module alu.
Marked 1 switch rules as full_case in process $proc$/Users/rein/mips_pipeline/src/ex_mem_reg.v:10$22 in module ex_mem_reg.
Marked 1 switch rules as full_case in process $proc$/Users/rein/mips_pipeline/src/data_memory.v:7$13 in module data_memory.
Marked 1 switch rules as full_case in process $proc$/Users/rein/mips_pipeline/src/mem_wb_reg.v:10$11 in module mem_wb_reg.
Marked 1 switch rules as full_case in process $proc$/Users/rein/mips_pipeline/src/if_id_reg.v:6$142 in module if_id_reg.
Removed a total of 0 dead cases.

18. Executing PROC_PRUNE pass (remove redundant assignments in processes).
Removed 23 redundant assignments.
Promoted 49 assignments to connections.

19. Executing PROC_INIT pass (extract init attributes).

20. Executing PROC_ARST pass (detect async resets in processes).
Found async reset \rst in `\id_ex_reg.$proc$/Users/rein/mips_pipeline/src/id_ex_reg.v:10$31'.
Found async reset \rst in `\ex_mem_reg.$proc$/Users/rein/mips_pipeline/src/ex_mem_reg.v:10$22'.
Found async reset \rst in `\mem_wb_reg.$proc$/Users/rein/mips_pipeline/src/mem_wb_reg.v:10$11'.
Found async reset \rst in `\if_id_reg.$proc$/Users/rein/mips_pipeline/src/if_id_reg.v:6$142'.

21. Executing PROC_ROM pass (convert switches to ROMs).
Converted 0 switches.
<suppressed ~4 debug messages>

22. Executing PROC_MUX pass (convert decision trees to multiplexers).
Creating decoders for process `\mips_top.$proc$/Users/rein/mips_pipeline/src/mips_top.v:9$4'.
Creating decoders for process `\control_unit.$proc$/Users/rein/mips_pipeline/src/control_unit.v:7$141'.
     1/1: { $1\reg_dst[0:0] $1\alu_src[0:0] $1\mem_to_reg[0:0] $1\reg_write[0:0] $1\mem_read[0:0] $1\mem_write[0:0] $1\branch[0:0] $1\alu_op[1:0] }
Creating decoders for process `\register_file.$proc$/Users/rein/mips_pipeline/src/register_file.v:9$108'.
Creating decoders for process `\register_file.$proc$/Users/rein/mips_pipeline/src/register_file.v:11$65'.
     1/3: $1$memwr$\regs$/Users/rein/mips_pipeline/src/register_file.v:12$64_EN[31:0]$73
     2/3: $1$memwr$\regs$/Users/rein/mips_pipeline/src/register_file.v:12$64_DATA[31:0]$72
     3/3: $1$memwr$\regs$/Users/rein/mips_pipeline/src/register_file.v:12$64_ADDR[4:0]$71
Creating decoders for process `\id_ex_reg.$proc$/Users/rein/mips_pipeline/src/id_ex_reg.v:10$31'.
     1/1: { $0\pc_plus4_out[31:0] $0\rd1_out[31:0] $0\rd2_out[31:0] $0\imm_out[31:0] $0\rt_out[4:0] $0\rd_out[4:0] $0\ctrl_out[8:0] }
Creating decoders for process `\alu.$proc$/Users/rein/mips_pipeline/src/alu.v:7$23'.
     1/1: $1\result[31:0]
Creating decoders for process `\ex_mem_reg.$proc$/Users/rein/mips_pipeline/src/ex_mem_reg.v:10$22'.
     1/1: { $0\alu_result_out[31:0] $0\wd_out[31:0] $0\zero_out[0:0] $0\branch_out[0:0] $0\mem_read_out[0:0] $0\mem_write_out[0:0] $0\mem_to_reg_out[0:0] $0\reg_write_out[0:0] $0\rd_out[4:0] }
Creating decoders for process `\data_memory.$proc$/Users/rein/mips_pipeline/src/data_memory.v:7$13'.
     1/3: $1$memwr$\mem$/Users/rein/mips_pipeline/src/data_memory.v:8$12_EN[31:0]$19
     2/3: $1$memwr$\mem$/Users/rein/mips_pipeline/src/data_memory.v:8$12_DATA[31:0]$18
     3/3: $1$memwr$\mem$/Users/rein/mips_pipeline/src/data_memory.v:8$12_ADDR[7:0]$17
Creating decoders for process `\mem_wb_reg.$proc$/Users/rein/mips_pipeline/src/mem_wb_reg.v:10$11'.
     1/1: { $0\read_data_out[31:0] $0\alu_result_out[31:0] $0\mem_to_reg_out[0:0] $0\reg_write_out[0:0] $0\rd_out[4:0] }
Creating decoders for process `\if_id_reg.$proc$/Users/rein/mips_pipeline/src/if_id_reg.v:6$142'.
     1/1: { $0\pc_plus4_out[31:0] $0\instr_out[31:0] }

23. Executing PROC_DLATCH pass (convert process syncs to latches).
No latch inferred for signal `\control_unit.\reg_dst' from process `\control_unit.$proc$/Users/rein/mips_pipeline/src/control_unit.v:7$141'.
No latch inferred for signal `\control_unit.\branch' from process `\control_unit.$proc$/Users/rein/mips_pipeline/src/control_unit.v:7$141'.
No latch inferred for signal `\control_unit.\mem_read' from process `\control_unit.$proc$/Users/rein/mips_pipeline/src/control_unit.v:7$141'.
No latch inferred for signal `\control_unit.\mem_to_reg' from process `\control_unit.$proc$/Users/rein/mips_pipeline/src/control_unit.v:7$141'.
No latch inferred for signal `\control_unit.\mem_write' from process `\control_unit.$proc$/Users/rein/mips_pipeline/src/control_unit.v:7$141'.
No latch inferred for signal `\control_unit.\alu_src' from process `\control_unit.$proc$/Users/rein/mips_pipeline/src/control_unit.v:7$141'.
No latch inferred for signal `\control_unit.\reg_write' from process `\control_unit.$proc$/Users/rein/mips_pipeline/src/control_unit.v:7$141'.
No latch inferred for signal `\control_unit.\alu_op' from process `\control_unit.$proc$/Users/rein/mips_pipeline/src/control_unit.v:7$141'.
No latch inferred for signal `\register_file.\i' from process `\register_file.$proc$/Users/rein/mips_pipeline/src/register_file.v:9$108'.
No latch inferred for signal `\register_file.$memwr$\regs$/Users/rein/mips_pipeline/src/register_file.v:9$32_EN' from process `\register_file.$proc$/Users/rein/mips_pipeline/src/register_file.v:9$108'.
No latch inferred for signal `\register_file.$memwr$\regs$/Users/rein/mips_pipeline/src/register_file.v:9$33_EN' from process `\register_file.$proc$/Users/rein/mips_pipeline/src/register_file.v:9$108'.
No latch inferred for signal `\register_file.$memwr$\regs$/Users/rein/mips_pipeline/src/register_file.v:9$34_EN' from process `\register_file.$proc$/Users/rein/mips_pipeline/src/register_file.v:9$108'.
No latch inferred for signal `\register_file.$memwr$\regs$/Users/rein/mips_pipeline/src/register_file.v:9$35_EN' from process `\register_file.$proc$/Users/rein/mips_pipeline/src/register_file.v:9$108'.
No latch inferred for signal `\register_file.$memwr$\regs$/Users/rein/mips_pipeline/src/register_file.v:9$36_EN' from process `\register_file.$proc$/Users/rein/mips_pipeline/src/register_file.v:9$108'.
No latch inferred for signal `\register_file.$memwr$\regs$/Users/rein/mips_pipeline/src/register_file.v:9$37_EN' from process `\register_file.$proc$/Users/rein/mips_pipeline/src/register_file.v:9$108'.
No latch inferred for signal `\register_file.$memwr$\regs$/Users/rein/mips_pipeline/src/register_file.v:9$38_EN' from process `\register_file.$proc$/Users/rein/mips_pipeline/src/register_file.v:9$108'.
No latch inferred for signal `\register_file.$memwr$\regs$/Users/rein/mips_pipeline/src/register_file.v:9$39_EN' from process `\register_file.$proc$/Users/rein/mips_pipeline/src/register_file.v:9$108'.
No latch inferred for signal `\register_file.$memwr$\regs$/Users/rein/mips_pipeline/src/register_file.v:9$40_EN' from process `\register_file.$proc$/Users/rein/mips_pipeline/src/register_file.v:9$108'.
No latch inferred for signal `\register_file.$memwr$\regs$/Users/rein/mips_pipeline/src/register_file.v:9$41_EN' from process `\register_file.$proc$/Users/rein/mips_pipeline/src/register_file.v:9$108'.
No latch inferred for signal `\register_file.$memwr$\regs$/Users/rein/mips_pipeline/src/register_file.v:9$42_EN' from process `\register_file.$proc$/Users/rein/mips_pipeline/src/register_file.v:9$108'.
No latch inferred for signal `\register_file.$memwr$\regs$/Users/rein/mips_pipeline/src/register_file.v:9$43_EN' from process `\register_file.$proc$/Users/rein/mips_pipeline/src/register_file.v:9$108'.
No latch inferred for signal `\register_file.$memwr$\regs$/Users/rein/mips_pipeline/src/register_file.v:9$44_EN' from process `\register_file.$proc$/Users/rein/mips_pipeline/src/register_file.v:9$108'.
No latch inferred for signal `\register_file.$memwr$\regs$/Users/rein/mips_pipeline/src/register_file.v:9$45_EN' from process `\register_file.$proc$/Users/rein/mips_pipeline/src/register_file.v:9$108'.
No latch inferred for signal `\register_file.$memwr$\regs$/Users/rein/mips_pipeline/src/register_file.v:9$46_EN' from process `\register_file.$proc$/Users/rein/mips_pipeline/src/register_file.v:9$108'.
No latch inferred for signal `\register_file.$memwr$\regs$/Users/rein/mips_pipeline/src/register_file.v:9$47_EN' from process `\register_file.$proc$/Users/rein/mips_pipeline/src/register_file.v:9$108'.
No latch inferred for signal `\register_file.$memwr$\regs$/Users/rein/mips_pipeline/src/register_file.v:9$48_EN' from process `\register_file.$proc$/Users/rein/mips_pipeline/src/register_file.v:9$108'.
No latch inferred for signal `\register_file.$memwr$\regs$/Users/rein/mips_pipeline/src/register_file.v:9$49_EN' from process `\register_file.$proc$/Users/rein/mips_pipeline/src/register_file.v:9$108'.
No latch inferred for signal `\register_file.$memwr$\regs$/Users/rein/mips_pipeline/src/register_file.v:9$50_EN' from process `\register_file.$proc$/Users/rein/mips_pipeline/src/register_file.v:9$108'.
No latch inferred for signal `\register_file.$memwr$\regs$/Users/rein/mips_pipeline/src/register_file.v:9$51_EN' from process `\register_file.$proc$/Users/rein/mips_pipeline/src/register_file.v:9$108'.
No latch inferred for signal `\register_file.$memwr$\regs$/Users/rein/mips_pipeline/src/register_file.v:9$52_EN' from process `\register_file.$proc$/Users/rein/mips_pipeline/src/register_file.v:9$108'.
No latch inferred for signal `\register_file.$memwr$\regs$/Users/rein/mips_pipeline/src/register_file.v:9$53_EN' from process `\register_file.$proc$/Users/rein/mips_pipeline/src/register_file.v:9$108'.
No latch inferred for signal `\register_file.$memwr$\regs$/Users/rein/mips_pipeline/src/register_file.v:9$54_EN' from process `\register_file.$proc$/Users/rein/mips_pipeline/src/register_file.v:9$108'.
No latch inferred for signal `\register_file.$memwr$\regs$/Users/rein/mips_pipeline/src/register_file.v:9$55_EN' from process `\register_file.$proc$/Users/rein/mips_pipeline/src/register_file.v:9$108'.
No latch inferred for signal `\register_file.$memwr$\regs$/Users/rein/mips_pipeline/src/register_file.v:9$56_EN' from process `\register_file.$proc$/Users/rein/mips_pipeline/src/register_file.v:9$108'.
No latch inferred for signal `\register_file.$memwr$\regs$/Users/rein/mips_pipeline/src/register_file.v:9$57_EN' from process `\register_file.$proc$/Users/rein/mips_pipeline/src/register_file.v:9$108'.
No latch inferred for signal `\register_file.$memwr$\regs$/Users/rein/mips_pipeline/src/register_file.v:9$58_EN' from process `\register_file.$proc$/Users/rein/mips_pipeline/src/register_file.v:9$108'.
No latch inferred for signal `\register_file.$memwr$\regs$/Users/rein/mips_pipeline/src/register_file.v:9$59_EN' from process `\register_file.$proc$/Users/rein/mips_pipeline/src/register_file.v:9$108'.
No latch inferred for signal `\register_file.$memwr$\regs$/Users/rein/mips_pipeline/src/register_file.v:9$60_EN' from process `\register_file.$proc$/Users/rein/mips_pipeline/src/register_file.v:9$108'.
No latch inferred for signal `\register_file.$memwr$\regs$/Users/rein/mips_pipeline/src/register_file.v:9$61_EN' from process `\register_file.$proc$/Users/rein/mips_pipeline/src/register_file.v:9$108'.
No latch inferred for signal `\register_file.$memwr$\regs$/Users/rein/mips_pipeline/src/register_file.v:9$62_EN' from process `\register_file.$proc$/Users/rein/mips_pipeline/src/register_file.v:9$108'.
No latch inferred for signal `\register_file.$memwr$\regs$/Users/rein/mips_pipeline/src/register_file.v:9$63_EN' from process `\register_file.$proc$/Users/rein/mips_pipeline/src/register_file.v:9$108'.
No latch inferred for signal `\alu.\result' from process `\alu.$proc$/Users/rein/mips_pipeline/src/alu.v:7$23'.

24. Executing PROC_DFF pass (convert process syncs to FFs).
Creating register for signal `\mips_top.\pc' using process `\mips_top.$proc$/Users/rein/mips_pipeline/src/mips_top.v:9$4'.
  created $dff cell `$procdff$174' with positive edge clock.
Creating register for signal `\register_file.$memwr$\regs$/Users/rein/mips_pipeline/src/register_file.v:12$64_ADDR' using process `\register_file.$proc$/Users/rein/mips_pipeline/src/register_file.v:11$65'.
  created $dff cell `$procdff$175' with positive edge clock.
Creating register for signal `\register_file.$memwr$\regs$/Users/rein/mips_pipeline/src/register_file.v:12$64_DATA' using process `\register_file.$proc$/Users/rein/mips_pipeline/src/register_file.v:11$65'.
  created $dff cell `$procdff$176' with positive edge clock.
Creating register for signal `\register_file.$memwr$\regs$/Users/rein/mips_pipeline/src/register_file.v:12$64_EN' using process `\register_file.$proc$/Users/rein/mips_pipeline/src/register_file.v:11$65'.
  created $dff cell `$procdff$177' with positive edge clock.
Creating register for signal `\id_ex_reg.\pc_plus4_out' using process `\id_ex_reg.$proc$/Users/rein/mips_pipeline/src/id_ex_reg.v:10$31'.
  created $adff cell `$procdff$180' with positive edge clock and positive level reset.
Creating register for signal `\id_ex_reg.\rd1_out' using process `\id_ex_reg.$proc$/Users/rein/mips_pipeline/src/id_ex_reg.v:10$31'.
  created $adff cell `$procdff$183' with positive edge clock and positive level reset.
Creating register for signal `\id_ex_reg.\rd2_out' using process `\id_ex_reg.$proc$/Users/rein/mips_pipeline/src/id_ex_reg.v:10$31'.
  created $adff cell `$procdff$186' with positive edge clock and positive level reset.
Creating register for signal `\id_ex_reg.\imm_out' using process `\id_ex_reg.$proc$/Users/rein/mips_pipeline/src/id_ex_reg.v:10$31'.
  created $adff cell `$procdff$189' with positive edge clock and positive level reset.
Creating register for signal `\id_ex_reg.\rt_out' using process `\id_ex_reg.$proc$/Users/rein/mips_pipeline/src/id_ex_reg.v:10$31'.
  created $adff cell `$procdff$192' with positive edge clock and positive level reset.
Creating register for signal `\id_ex_reg.\rd_out' using process `\id_ex_reg.$proc$/Users/rein/mips_pipeline/src/id_ex_reg.v:10$31'.
  created $adff cell `$procdff$195' with positive edge clock and positive level reset.
Creating register for signal `\id_ex_reg.\ctrl_out' using process `\id_ex_reg.$proc$/Users/rein/mips_pipeline/src/id_ex_reg.v:10$31'.
  created $adff cell `$procdff$198' with positive edge clock and positive level reset.
Creating register for signal `\ex_mem_reg.\rd_out' using process `\ex_mem_reg.$proc$/Users/rein/mips_pipeline/src/ex_mem_reg.v:10$22'.
  created $adff cell `$procdff$201' with positive edge clock and positive level reset.
Creating register for signal `\ex_mem_reg.\alu_result_out' using process `\ex_mem_reg.$proc$/Users/rein/mips_pipeline/src/ex_mem_reg.v:10$22'.
  created $adff cell `$procdff$204' with positive edge clock and positive level reset.
Creating register for signal `\ex_mem_reg.\wd_out' using process `\ex_mem_reg.$proc$/Users/rein/mips_pipeline/src/ex_mem_reg.v:10$22'.
  created $adff cell `$procdff$207' with positive edge clock and positive level reset.
Creating register for signal `\ex_mem_reg.\zero_out' using process `\ex_mem_reg.$proc$/Users/rein/mips_pipeline/src/ex_mem_reg.v:10$22'.
  created $adff cell `$procdff$210' with positive edge clock and positive level reset.
Creating register for signal `\ex_mem_reg.\branch_out' using process `\ex_mem_reg.$proc$/Users/rein/mips_pipeline/src/ex_mem_reg.v:10$22'.
  created $adff cell `$procdff$213' with positive edge clock and positive level reset.
Creating register for signal `\ex_mem_reg.\mem_read_out' using process `\ex_mem_reg.$proc$/Users/rein/mips_pipeline/src/ex_mem_reg.v:10$22'.
  created $adff cell `$procdff$216' with positive edge clock and positive level reset.
Creating register for signal `\ex_mem_reg.\mem_write_out' using process `\ex_mem_reg.$proc$/Users/rein/mips_pipeline/src/ex_mem_reg.v:10$22'.
  created $adff cell `$procdff$219' with positive edge clock and positive level reset.
Creating register for signal `\ex_mem_reg.\mem_to_reg_out' using process `\ex_mem_reg.$proc$/Users/rein/mips_pipeline/src/ex_mem_reg.v:10$22'.
  created $adff cell `$procdff$222' with positive edge clock and positive level reset.
Creating register for signal `\ex_mem_reg.\reg_write_out' using process `\ex_mem_reg.$proc$/Users/rein/mips_pipeline/src/ex_mem_reg.v:10$22'.
  created $adff cell `$procdff$225' with positive edge clock and positive level reset.
Creating register for signal `\data_memory.$memwr$\mem$/Users/rein/mips_pipeline/src/data_memory.v:8$12_ADDR' using process `\data_memory.$proc$/Users/rein/mips_pipeline/src/data_memory.v:7$13'.
  created $dff cell `$procdff$226' with positive edge clock.
Creating register for signal `\data_memory.$memwr$\mem$/Users/rein/mips_pipeline/src/data_memory.v:8$12_DATA' using process `\data_memory.$proc$/Users/rein/mips_pipeline/src/data_memory.v:7$13'.
  created $dff cell `$procdff$227' with positive edge clock.
Creating register for signal `\data_memory.$memwr$\mem$/Users/rein/mips_pipeline/src/data_memory.v:8$12_EN' using process `\data_memory.$proc$/Users/rein/mips_pipeline/src/data_memory.v:7$13'.
  created $dff cell `$procdff$228' with positive edge clock.
Creating register for signal `\mem_wb_reg.\rd_out' using process `\mem_wb_reg.$proc$/Users/rein/mips_pipeline/src/mem_wb_reg.v:10$11'.
  created $adff cell `$procdff$231' with positive edge clock and positive level reset.
Creating register for signal `\mem_wb_reg.\alu_result_out' using process `\mem_wb_reg.$proc$/Users/rein/mips_pipeline/src/mem_wb_reg.v:10$11'.
  created $adff cell `$procdff$234' with positive edge clock and positive level reset.
Creating register for signal `\mem_wb_reg.\mem_to_reg_out' using process `\mem_wb_reg.$proc$/Users/rein/mips_pipeline/src/mem_wb_reg.v:10$11'.
  created $adff cell `$procdff$237' with positive edge clock and positive level reset.
Creating register for signal `\mem_wb_reg.\reg_write_out' using process `\mem_wb_reg.$proc$/Users/rein/mips_pipeline/src/mem_wb_reg.v:10$11'.
  created $adff cell `$procdff$240' with positive edge clock and positive level reset.
Creating register for signal `\mem_wb_reg.\read_data_out' using process `\mem_wb_reg.$proc$/Users/rein/mips_pipeline/src/mem_wb_reg.v:10$11'.
  created $adff cell `$procdff$243' with positive edge clock and positive level reset.
Creating register for signal `\if_id_reg.\pc_plus4_out' using process `\if_id_reg.$proc$/Users/rein/mips_pipeline/src/if_id_reg.v:6$142'.
  created $adff cell `$procdff$246' with positive edge clock and positive level reset.
Creating register for signal `\if_id_reg.\instr_out' using process `\if_id_reg.$proc$/Users/rein/mips_pipeline/src/if_id_reg.v:6$142'.
  created $adff cell `$procdff$249' with positive edge clock and positive level reset.

25. Executing PROC_MEMWR pass (convert process memory writes to cells).

26. Executing PROC_CLEAN pass (remove empty switches from decision trees).
Removing empty process `mips_top.$proc$/Users/rein/mips_pipeline/src/mips_top.v:9$4'.
Found and cleaned up 1 empty switch in `\control_unit.$proc$/Users/rein/mips_pipeline/src/control_unit.v:7$141'.
Removing empty process `control_unit.$proc$/Users/rein/mips_pipeline/src/control_unit.v:7$141'.
Removing empty process `register_file.$proc$/Users/rein/mips_pipeline/src/register_file.v:9$108'.
Found and cleaned up 1 empty switch in `\register_file.$proc$/Users/rein/mips_pipeline/src/register_file.v:11$65'.
Removing empty process `register_file.$proc$/Users/rein/mips_pipeline/src/register_file.v:11$65'.
Removing empty process `id_ex_reg.$proc$/Users/rein/mips_pipeline/src/id_ex_reg.v:10$31'.
Found and cleaned up 1 empty switch in `\alu.$proc$/Users/rein/mips_pipeline/src/alu.v:7$23'.
Removing empty process `alu.$proc$/Users/rein/mips_pipeline/src/alu.v:7$23'.
Removing empty process `ex_mem_reg.$proc$/Users/rein/mips_pipeline/src/ex_mem_reg.v:10$22'.
Found and cleaned up 1 empty switch in `\data_memory.$proc$/Users/rein/mips_pipeline/src/data_memory.v:7$13'.
Removing empty process `data_memory.$proc$/Users/rein/mips_pipeline/src/data_memory.v:7$13'.
Removing empty process `mem_wb_reg.$proc$/Users/rein/mips_pipeline/src/mem_wb_reg.v:10$11'.
Removing empty process `if_id_reg.$proc$/Users/rein/mips_pipeline/src/if_id_reg.v:6$142'.
Cleaned up 4 empty switches.

27. Executing CHECK pass (checking for obvious problems).
Checking module mips_top...
Checking module control_unit...
Checking module register_file...
Checking module id_ex_reg...
Checking module alu...
Checking module ex_mem_reg...
Checking module data_memory...
Checking module mem_wb_reg...
Checking module if_id_reg...
Found and reported 0 problems.

28. Executing OPT_EXPR pass (perform const folding).
Optimizing module mips_top.
Optimizing module control_unit.
<suppressed ~1 debug messages>
Optimizing module register_file.
<suppressed ~1 debug messages>
Optimizing module id_ex_reg.
<suppressed ~7 debug messages>
Optimizing module alu.
<suppressed ~2 debug messages>
Optimizing module ex_mem_reg.
<suppressed ~9 debug messages>
Optimizing module data_memory.
Optimizing module mem_wb_reg.
<suppressed ~5 debug messages>
Optimizing module if_id_reg.
<suppressed ~2 debug messages>

29. Executing FLATTEN pass (flatten design).
Deleting now unused module control_unit.
Deleting now unused module register_file.
Deleting now unused module id_ex_reg.
Deleting now unused module alu.
Deleting now unused module ex_mem_reg.
Deleting now unused module data_memory.
Deleting now unused module mem_wb_reg.
Deleting now unused module if_id_reg.
<suppressed ~8 debug messages>

30. Executing OPT_EXPR pass (perform const folding).
Optimizing module mips_top.

31. Executing OPT_CLEAN pass (remove unused cells and wires).
Finding unused cells or wires in module \mips_top..
Removed 102 unused cells and 304 unused wires.
<suppressed ~218 debug messages>

32. Executing OPT_EXPR pass (perform const folding).
Optimizing module mips_top.

33. Executing OPT_MERGE pass (detect identical cells).
Finding identical cells in module `\mips_top'.
Computing hashes of 8 cells of `\mips_top'.
Finding duplicate cells in `\mips_top'.
Removed a total of 0 cells.

34. Executing OPT_MUXTREE pass (detect dead branches in mux trees).
Running muxtree optimizer on module \mips_top..
  Creating internal representation of mux trees.
  No muxes found in this module.
Removed 0 multiplexer ports.

35. Executing OPT_REDUCE pass (consolidate $*mux and $reduce_* inputs).
  Optimizing cells in module \mips_top.
Performed a total of 0 changes.

36. Executing OPT_MERGE pass (detect identical cells).
Finding identical cells in module `\mips_top'.
Computing hashes of 8 cells of `\mips_top'.
Finding duplicate cells in `\mips_top'.
Removed a total of 0 cells.

37. Executing OPT_DFF pass (perform DFF optimizations).

38. Executing OPT_CLEAN pass (remove unused cells and wires).
Finding unused cells or wires in module \mips_top..

39. Executing OPT_EXPR pass (perform const folding).
Optimizing module mips_top.

40. Executing FSM pass (extract and optimize FSM).

40.1. Executing FSM_DETECT pass (finding FSMs in design).

40.2. Executing FSM_EXTRACT pass (extracting FSM from design).

40.3. Executing FSM_OPT pass (simple optimizations of FSMs).

40.4. Executing OPT_CLEAN pass (remove unused cells and wires).
Finding unused cells or wires in module \mips_top..

40.5. Executing FSM_OPT pass (simple optimizations of FSMs).

40.6. Executing FSM_RECODE pass (re-assigning FSM state encoding).

40.7. Executing FSM_INFO pass (dumping all available information on FSM cells).

40.8. Executing FSM_MAP pass (mapping FSMs to basic logic).

41. Executing OPT_EXPR pass (perform const folding).
Optimizing module mips_top.

42. Executing OPT_MERGE pass (detect identical cells).
Finding identical cells in module `\mips_top'.
Computing hashes of 8 cells of `\mips_top'.
Finding duplicate cells in `\mips_top'.
Removed a total of 0 cells.

43. Executing OPT_MUXTREE pass (detect dead branches in mux trees).
Running muxtree optimizer on module \mips_top..
  Creating internal representation of mux trees.
  No muxes found in this module.
Removed 0 multiplexer ports.

44. Executing OPT_REDUCE pass (consolidate $*mux and $reduce_* inputs).
  Optimizing cells in module \mips_top.
Performed a total of 0 changes.

45. Executing OPT_MERGE pass (detect identical cells).
Finding identical cells in module `\mips_top'.
Computing hashes of 8 cells of `\mips_top'.
Finding duplicate cells in `\mips_top'.
Removed a total of 0 cells.

46. Executing OPT_DFF pass (perform DFF optimizations).

47. Executing OPT_CLEAN pass (remove unused cells and wires).
Finding unused cells or wires in module \mips_top..

48. Executing OPT_EXPR pass (perform const folding).
Optimizing module mips_top.

49. Executing WREDUCE pass (reducing word size of cells).

50. Executing PEEPOPT pass (run peephole optimizers).

51. Executing OPT_CLEAN pass (remove unused cells and wires).
Finding unused cells or wires in module \mips_top..

52. Executing ALUMACC pass (create $alu and $macc cells).
Extracting $alu and $macc cells in module mips_top:
  created 0 $alu and 0 $macc cells.

53. Executing SHARE pass (SAT-based resource sharing).

54. Executing OPT_EXPR pass (perform const folding).
Optimizing module mips_top.

55. Executing OPT_MERGE pass (detect identical cells).
Finding identical cells in module `\mips_top'.
Computing hashes of 8 cells of `\mips_top'.
Finding duplicate cells in `\mips_top'.
Removed a total of 0 cells.

56. Executing OPT_MUXTREE pass (detect dead branches in mux trees).
Running muxtree optimizer on module \mips_top..
  Creating internal representation of mux trees.
  No muxes found in this module.
Removed 0 multiplexer ports.

57. Executing OPT_REDUCE pass (consolidate $*mux and $reduce_* inputs).
  Optimizing cells in module \mips_top.
Performed a total of 0 changes.

58. Executing OPT_MERGE pass (detect identical cells).
Finding identical cells in module `\mips_top'.
Computing hashes of 8 cells of `\mips_top'.
Finding duplicate cells in `\mips_top'.
Removed a total of 0 cells.

59. Executing OPT_DFF pass (perform DFF optimizations).

60. Executing OPT_CLEAN pass (remove unused cells and wires).
Finding unused cells or wires in module \mips_top..

61. Executing OPT_EXPR pass (perform const folding).
Optimizing module mips_top.

62. Executing MEMORY pass.

62.1. Executing OPT_MEM pass (optimize memories).
Performed a total of 0 transformations.

62.2. Executing OPT_MEM_PRIORITY pass (removing unnecessary memory write priority relations).
Performed a total of 0 transformations.

62.3. Executing OPT_MEM_FEEDBACK pass (finding memory read-to-write feedback paths).

62.4. Executing MEMORY_BMUX2ROM pass (converting muxes to ROMs).

62.5. Executing MEMORY_DFF pass (merging $dff cells to $memrd).

62.6. Executing OPT_CLEAN pass (remove unused cells and wires).
Finding unused cells or wires in module \mips_top..

62.7. Executing MEMORY_SHARE pass (consolidating $memrd/$memwr cells).

62.8. Executing OPT_MEM_WIDEN pass (optimize memories where all ports are wide).
Performed a total of 0 transformations.

62.9. Executing OPT_CLEAN pass (remove unused cells and wires).
Finding unused cells or wires in module \mips_top..

62.10. Executing MEMORY_COLLECT pass (generating $mem cells).

63. Executing OPT_CLEAN pass (remove unused cells and wires).
Finding unused cells or wires in module \mips_top..

64. Executing OPT_EXPR pass (perform const folding).
Optimizing module mips_top.
<suppressed ~6 debug messages>

65. Executing OPT_MERGE pass (detect identical cells).
Finding identical cells in module `\mips_top'.
Computing hashes of 8 cells of `\mips_top'.
Finding duplicate cells in `\mips_top'.
Removed a total of 0 cells.

66. Executing OPT_DFF pass (perform DFF optimizations).

67. Executing OPT_CLEAN pass (remove unused cells and wires).
Finding unused cells or wires in module \mips_top..

68. Executing MEMORY_MAP pass (converting memories to logic and flip-flops).

69. Executing OPT_EXPR pass (perform const folding).
Optimizing module mips_top.

70. Executing OPT_MERGE pass (detect identical cells).
Finding identical cells in module `\mips_top'.
Computing hashes of 8 cells of `\mips_top'.
Finding duplicate cells in `\mips_top'.
Removed a total of 0 cells.

71. Executing OPT_MUXTREE pass (detect dead branches in mux trees).
Running muxtree optimizer on module \mips_top..
  Creating internal representation of mux trees.
  No muxes found in this module.
Removed 0 multiplexer ports.

72. Executing OPT_REDUCE pass (consolidate $*mux and $reduce_* inputs).
  Optimizing cells in module \mips_top.
Performed a total of 0 changes.

73. Executing OPT_MERGE pass (detect identical cells).
Finding identical cells in module `\mips_top'.
Computing hashes of 8 cells of `\mips_top'.
Finding duplicate cells in `\mips_top'.
Removed a total of 0 cells.

74. Executing OPT_SHARE pass.

75. Executing OPT_DFF pass (perform DFF optimizations).

76. Executing OPT_CLEAN pass (remove unused cells and wires).
Finding unused cells or wires in module \mips_top..

77. Executing OPT_EXPR pass (perform const folding).
Optimizing module mips_top.

78. Executing TECHMAP pass (map to technology primitives).

78.1. Executing Verilog-2005 frontend: /nix/store/6s5yppv17pwkdm7m8rsrm6hvpf255c5a-yosys-with-plugins-0.62/bin/../share/yosys/techmap.v
Parsing Verilog input from `/nix/store/6s5yppv17pwkdm7m8rsrm6hvpf255c5a-yosys-with-plugins-0.62/bin/../share/yosys/techmap.v' to AST representation.
Generating RTLIL representation for module `\_90_simplemap_bool_ops'.
Generating RTLIL representation for module `\_90_simplemap_reduce_ops'.
Generating RTLIL representation for module `\_90_simplemap_logic_ops'.
Generating RTLIL representation for module `\_90_simplemap_compare_ops'.
Generating RTLIL representation for module `\_90_simplemap_various'.
Generating RTLIL representation for module `\_90_simplemap_registers'.
Generating RTLIL representation for module `\_90_shift_ops_shr_shl_sshl_sshr'.
Generating RTLIL representation for module `\_90_shift_shiftx'.
Generating RTLIL representation for module `\_90_fa'.
Generating RTLIL representation for module `\_90_lcu_brent_kung'.
Generating RTLIL representation for module `\_90_alu'.
Generating RTLIL representation for module `\_90_macc'.
Generating RTLIL representation for module `\_90_alumacc'.
Generating RTLIL representation for module `$__div_mod_u'.
Generating RTLIL representation for module `$__div_mod_trunc'.
Generating RTLIL representation for module `\_90_div'.
Generating RTLIL representation for module `\_90_mod'.
Generating RTLIL representation for module `$__div_mod_floor'.
Generating RTLIL representation for module `\_90_divfloor'.
Generating RTLIL representation for module `\_90_modfloor'.
Generating RTLIL representation for module `\_90_pow'.
Generating RTLIL representation for module `\_90_pmux'.
Generating RTLIL representation for module `\_90_demux'.
Generating RTLIL representation for module `\_90_lut'.
Generating RTLIL representation for module `$connect'.
Generating RTLIL representation for module `$input_port'.
Successfully finished Verilog frontend.

78.2. Continuing TECHMAP pass.
No more expansions possible.
<suppressed ~77 debug messages>

79. Executing OPT_EXPR pass (perform const folding).
Optimizing module mips_top.

80. Executing OPT_MERGE pass (detect identical cells).
Finding identical cells in module `\mips_top'.
Computing hashes of 8 cells of `\mips_top'.
Finding duplicate cells in `\mips_top'.
Removed a total of 0 cells.

81. Executing OPT_DFF pass (perform DFF optimizations).

82. Executing OPT_CLEAN pass (remove unused cells and wires).
Finding unused cells or wires in module \mips_top..

83. Executing OPT_EXPR pass (perform const folding).
Optimizing module mips_top.

84. Executing OPT_MERGE pass (detect identical cells).
Finding identical cells in module `\mips_top'.
Computing hashes of 8 cells of `\mips_top'.
Finding duplicate cells in `\mips_top'.
Removed a total of 0 cells.

85. Executing OPT_DFF pass (perform DFF optimizations).

86. Executing OPT_CLEAN pass (remove unused cells and wires).
Finding unused cells or wires in module \mips_top..

87. Executing ABC pass (technology mapping using ABC).

87.1. Extracting gate netlist of module `\mips_top' to `<abc-temp-dir>/input.blif'..
Don't call ABC as there is nothing to map.

87.1.1. Executed ABC.
Extracted 0 gates and 0 wires to a netlist network with 0 inputs and 0 outputs.
Removing temp directory.
Removing global temp directory.

88. Executing OPT pass (performing simple optimizations).

88.1. Executing OPT_EXPR pass (perform const folding).
Optimizing module mips_top.

88.2. Executing OPT_MERGE pass (detect identical cells).
Finding identical cells in module `\mips_top'.
Computing hashes of 8 cells of `\mips_top'.
Finding duplicate cells in `\mips_top'.
Removed a total of 0 cells.

88.3. Executing OPT_DFF pass (perform DFF optimizations).

88.4. Executing OPT_CLEAN pass (remove unused cells and wires).
Finding unused cells or wires in module \mips_top..

88.5. Finished fast OPT passes.

89. Executing HIERARCHY pass (managing design hierarchy).

89.1. Analyzing design hierarchy..
Top module:  \mips_top

89.2. Analyzing design hierarchy..
Top module:  \mips_top
Removed 0 unused modules.

90. Executing CHECK pass (checking for obvious problems).
Checking module mips_top...
Found and reported 0 problems.

91. Printing statistics.

=== mips_top ===

        +----------Local Count, excluding submodules.
        | 
       21 wires
      192 wire bits
       21 public wires
      192 public wire bits
        2 ports
        2 port bits
        8 cells
        8   $scopeinfo

92. Executing OPT pass (performing simple optimizations).

92.1. Executing OPT_EXPR pass (perform const folding).
Optimizing module mips_top.

92.2. Executing OPT_MERGE pass (detect identical cells).
Finding identical cells in module `\mips_top'.
Computing hashes of 8 cells of `\mips_top'.
Finding duplicate cells in `\mips_top'.
Removed a total of 0 cells.

92.3. Executing OPT_MUXTREE pass (detect dead branches in mux trees).
Running muxtree optimizer on module \mips_top..
  Creating internal representation of mux trees.
  No muxes found in this module.
Removed 0 multiplexer ports.

92.4. Executing OPT_REDUCE pass (consolidate $*mux and $reduce_* inputs).
  Optimizing cells in module \mips_top.
Performed a total of 0 changes.

92.5. Executing OPT_MERGE pass (detect identical cells).
Finding identical cells in module `\mips_top'.
Computing hashes of 8 cells of `\mips_top'.
Finding duplicate cells in `\mips_top'.
Removed a total of 0 cells.

92.6. Executing OPT_DFF pass (perform DFF optimizations).

92.7. Executing OPT_CLEAN pass (remove unused cells and wires).
Finding unused cells or wires in module \mips_top..

92.8. Executing OPT_EXPR pass (perform const folding).
Optimizing module mips_top.

92.9. Finished fast OPT passes. (There is nothing left to do.)

93. Executing OPT_CLEAN pass (remove unused cells and wires).
Finding unused cells or wires in module \mips_top..
Removed 8 unused cells and 19 unused wires.
<suppressed ~27 debug messages>
{
   "creator": "Yosys 0.62 (git sha1 7326bb7d6641500ecb285c291a54a662cb1e76cf, clang++ 21.1.2 -fPIC -O3)",
   "invocation": "stat -json -liberty /Users/rein/mips_pipeline/runs/RUN_2026-05-15_12-25-34/tmp/3ccfa0aaf236403d888759d2a9f12aa9.lib ",
   "modules": {
      "\\mips_top": {
         "num_wires":         2,
         "num_wire_bits":     2,
         "num_pub_wires":     2,
         "num_pub_wire_bits": 2,
         "num_ports":         2,
         "num_port_bits":     2,
         "num_memories":      0,
         "num_memory_bits":   0,
         "num_processes":     0,
         "num_cells":         0,
         "num_submodules":       0,
         "num_cells_by_type": {

         }
      }
   },
      "design": {
         "num_wires":         2,
         "num_wire_bits":     2,
         "num_pub_wires":     2,
         "num_pub_wire_bits": 2,
         "num_ports":         2,
         "num_port_bits":     2,
         "num_memories":      0,
         "num_memory_bits":   0,
         "num_processes":     0,
         "num_cells":         0,
         "num_submodules":       0,
         "num_cells_by_type": {

         }
      }
}

94. Printing statistics.

=== mips_top ===

        +----------Local Count, excluding submodules.
        | 
        2 wires
        2 wire bits
        2 public wires
        2 public wire bits
        2 ports
        2 port bits

[INFO] Applying tri-state buffer mapping from '/Users/rein/projects/librelane/pdks/ciel/ciel/sky130/versions/8afc8346a57fe1ab7934ba5a6056ea8b43078e71/sky130A/libs.tech/openlane/sky130_fd_sc_hd/tribuff_map.v'…

95. Executing TECHMAP pass (map to technology primitives).

95.1. Executing Verilog-2005 frontend: /Users/rein/projects/librelane/pdks/ciel/ciel/sky130/versions/8afc8346a57fe1ab7934ba5a6056ea8b43078e71/sky130A/libs.tech/openlane/sky130_fd_sc_hd/tribuff_map.v
Parsing Verilog input from `/Users/rein/projects/librelane/pdks/ciel/ciel/sky130/versions/8afc8346a57fe1ab7934ba5a6056ea8b43078e71/sky130A/libs.tech/openlane/sky130_fd_sc_hd/tribuff_map.v' to AST representation.
Generating RTLIL representation for module `$_TBUF_'.
Successfully finished Verilog frontend.

95.2. Continuing TECHMAP pass.
No more expansions possible.
<suppressed ~3 debug messages>

96. Executing SIMPLEMAP pass (map simple cells to gate primitives).
[INFO] Applying latch mapping from '/Users/rein/projects/librelane/pdks/ciel/ciel/sky130/versions/8afc8346a57fe1ab7934ba5a6056ea8b43078e71/sky130A/libs.tech/openlane/sky130_fd_sc_hd/latch_map.v'…

97. Executing TECHMAP pass (map to technology primitives).

97.1. Executing Verilog-2005 frontend: /Users/rein/projects/librelane/pdks/ciel/ciel/sky130/versions/8afc8346a57fe1ab7934ba5a6056ea8b43078e71/sky130A/libs.tech/openlane/sky130_fd_sc_hd/latch_map.v
Parsing Verilog input from `/Users/rein/projects/librelane/pdks/ciel/ciel/sky130/versions/8afc8346a57fe1ab7934ba5a6056ea8b43078e71/sky130A/libs.tech/openlane/sky130_fd_sc_hd/latch_map.v' to AST representation.
Generating RTLIL representation for module `$_DLATCH_P_'.
Generating RTLIL representation for module `$_DLATCH_N_'.
Successfully finished Verilog frontend.

97.2. Continuing TECHMAP pass.
No more expansions possible.
<suppressed ~4 debug messages>

98. Executing SIMPLEMAP pass (map simple cells to gate primitives).

99. Executing DFFLIBMAP pass (mapping DFF cells to sequential cells from liberty file).
  cell sky130_fd_sc_hd__dfxtp_2 (noninv, pins=3, area=21.27) is a direct match for cell type $_DFF_P_.
  cell sky130_fd_sc_hd__dfrtp_2 (noninv, pins=4, area=26.28) is a direct match for cell type $_DFF_PN0_.
  cell sky130_fd_sc_hd__dfstp_2 (noninv, pins=4, area=26.28) is a direct match for cell type $_DFF_PN1_.
  cell sky130_fd_sc_hd__dfbbn_2 (noninv, pins=6, area=35.03) is a direct match for cell type $_DFFSR_NNN_.
  final dff cell mappings:
    unmapped dff cell: $_DFF_N_
    \sky130_fd_sc_hd__dfxtp_2 _DFF_P_ (.CLK( C), .D( D), .Q( Q));
    unmapped dff cell: $_DFF_NN0_
    unmapped dff cell: $_DFF_NN1_
    unmapped dff cell: $_DFF_NP0_
    unmapped dff cell: $_DFF_NP1_
    \sky130_fd_sc_hd__dfrtp_2 _DFF_PN0_ (.CLK( C), .D( D), .Q( Q), .RESET_B( R));
    \sky130_fd_sc_hd__dfstp_2 _DFF_PN1_ (.CLK( C), .D( D), .Q( Q), .SET_B( R));
    unmapped dff cell: $_DFF_PP0_
    unmapped dff cell: $_DFF_PP1_
    unmapped dff cell: $_DFFE_NN_
    unmapped dff cell: $_DFFE_NP_
    unmapped dff cell: $_DFFE_PN_
    unmapped dff cell: $_DFFE_PP_
    \sky130_fd_sc_hd__dfbbn_2 _DFFSR_NNN_ (.CLK_N( C), .D( D), .Q( Q), .Q_N(~Q), .RESET_B( R), .SET_B( S));
    unmapped dff cell: $_DFFSR_NNP_
    unmapped dff cell: $_DFFSR_NPN_
    unmapped dff cell: $_DFFSR_NPP_
    unmapped dff cell: $_DFFSR_PNN_
    unmapped dff cell: $_DFFSR_PNP_
    unmapped dff cell: $_DFFSR_PPN_
    unmapped dff cell: $_DFFSR_PPP_

99.1. Executing DFFLEGALIZE pass (convert FFs to types supported by the target).
Mapping DFF cells in module `\mips_top':
{
   "creator": "Yosys 0.62 (git sha1 7326bb7d6641500ecb285c291a54a662cb1e76cf, clang++ 21.1.2 -fPIC -O3)",
   "invocation": "stat -json -liberty /Users/rein/mips_pipeline/runs/RUN_2026-05-15_12-25-34/tmp/3ccfa0aaf236403d888759d2a9f12aa9.lib ",
   "modules": {
      "\\mips_top": {
         "num_wires":         2,
         "num_wire_bits":     2,
         "num_pub_wires":     2,
         "num_pub_wire_bits": 2,
         "num_ports":         2,
         "num_port_bits":     2,
         "num_memories":      0,
         "num_memory_bits":   0,
         "num_processes":     0,
         "num_cells":         0,
         "num_submodules":       0,
         "num_cells_by_type": {

         }
      }
   },
      "design": {
         "num_wires":         2,
         "num_wire_bits":     2,
         "num_pub_wires":     2,
         "num_pub_wire_bits": 2,
         "num_ports":         2,
         "num_port_bits":     2,
         "num_memories":      0,
         "num_memory_bits":   0,
         "num_processes":     0,
         "num_cells":         0,
         "num_submodules":       0,
         "num_cells_by_type": {

         }
      }
}

100. Printing statistics.

=== mips_top ===

        +----------Local Count, excluding submodules.
        | 
        2 wires
        2 wire bits
        2 public wires
        2 public wire bits
        2 ports
        2 port bits

[INFO] Using generated ABC script '/Users/rein/mips_pipeline/runs/RUN_2026-05-15_12-25-34/06-yosys-synthesis/AREA_0.abc'…

101. Executing ABC pass (technology mapping using ABC).

101.1. Extracting gate netlist of module `\mips_top' to `/tmp/yosys-abc-UU0x74/input.blif'..
Don't call ABC as there is nothing to map.

101.1.1. Executed ABC.
Extracted 0 gates and 0 wires to a netlist network with 0 inputs and 0 outputs.
Removing temp directory.
Removing global temp directory.

102. Executing SETUNDEF pass (replace undef values with defined constants).

103. Executing HILOMAP pass (mapping to constant drivers).

104. Executing SPLITNETS pass (splitting up multi-bit signals).

105. Executing OPT_CLEAN pass (remove unused cells and wires).
Finding unused cells or wires in module \mips_top..

106. Executing INSBUF pass (insert buffer cells for connected wires).

107. Executing CHECK pass (checking for obvious problems).
Checking module mips_top...
Found and reported 0 problems.
{
   "creator": "Yosys 0.62 (git sha1 7326bb7d6641500ecb285c291a54a662cb1e76cf, clang++ 21.1.2 -fPIC -O3)",
   "invocation": "stat -json -liberty /Users/rein/mips_pipeline/runs/RUN_2026-05-15_12-25-34/tmp/3ccfa0aaf236403d888759d2a9f12aa9.lib ",
   "modules": {
      "\\mips_top": {
         "num_wires":         2,
         "num_wire_bits":     2,
         "num_pub_wires":     2,
         "num_pub_wire_bits": 2,
         "num_ports":         2,
         "num_port_bits":     2,
         "num_memories":      0,
         "num_memory_bits":   0,
         "num_processes":     0,
         "num_cells":         0,
         "num_submodules":       0,
         "num_cells_by_type": {

         }
      }
   },
      "design": {
         "num_wires":         2,
         "num_wire_bits":     2,
         "num_pub_wires":     2,
         "num_pub_wire_bits": 2,
         "num_ports":         2,
         "num_port_bits":     2,
         "num_memories":      0,
         "num_memory_bits":   0,
         "num_processes":     0,
         "num_cells":         0,
         "num_submodules":       0,
         "num_cells_by_type": {

         }
      }
}

108. Printing statistics.

=== mips_top ===

        +----------Local Count, excluding submodules.
        | 
        2 wires
        2 wire bits
        2 public wires
        2 public wire bits
        2 ports
        2 port bits

109. Executing Verilog backend.
Dumping module `\mips_top'.

110. Executing JSON backend.
