
===========================================================================
report_checks -unconstrained
===========================================================================
======================= nom_ss_100C_1v60 Corner ===================================

Startpoint: rst (input port clocked by clk)
Endpoint: _191_ (rising edge-triggered flip-flop clocked by clk)
Path Group: clk
Path Type: max

Fanout         Cap        Slew       Delay        Time   Description
---------------------------------------------------------------------------------------------
                                  0.000000    0.000000   clock clk (rise edge)
                                  0.000000    0.000000   clock network delay (propagated)
                                  4.000000    4.000000 ^ input external delay
     1    0.003580    0.037467    0.019910    4.019910 ^ rst (in)
                                                         rst (net)
                      0.037467    0.000000    4.019910 ^ input1/A (sky130_fd_sc_hd__clkdlybuf4s25_1)
     1    0.003314    0.080683    0.452900    4.472809 ^ input1/X (sky130_fd_sc_hd__clkdlybuf4s25_1)
                                                         net1 (net)
                      0.080683    0.000102    4.472911 ^ fanout37/A (sky130_fd_sc_hd__clkdlybuf4s25_1)
     7    0.042788    0.685511    0.909418    5.382329 ^ fanout37/X (sky130_fd_sc_hd__clkdlybuf4s25_1)
                                                         net37 (net)
                      0.685511    0.000874    5.383204 ^ fanout35/A (sky130_fd_sc_hd__clkdlybuf4s25_1)
     6    0.032602    0.527698    1.019334    6.402537 ^ fanout35/X (sky130_fd_sc_hd__clkdlybuf4s25_1)
                                                         net35 (net)
                      0.527698    0.000662    6.403200 ^ load_slew36/A (sky130_fd_sc_hd__buf_4)
     5    0.031072    0.155657    0.464282    6.867482 ^ load_slew36/X (sky130_fd_sc_hd__buf_4)
                                                         net36 (net)
                      0.155661    0.001099    6.868581 ^ _149_/B1 (sky130_fd_sc_hd__a21oi_2)
     1    0.002933    0.077998    0.083882    6.952463 v _149_/Y (sky130_fd_sc_hd__a21oi_2)
                                                         _047_ (net)
                      0.077998    0.000086    6.952549 v _150_/B1 (sky130_fd_sc_hd__o21a_2)
     1    0.003206    0.060072    0.211049    7.163598 v _150_/X (sky130_fd_sc_hd__o21a_2)
                                                         _023_ (net)
                      0.060072    0.000095    7.163692 v _191_/D (sky130_fd_sc_hd__dfxtp_2)
                                              7.163692   data arrival time

                                 20.000000   20.000000   clock clk (rise edge)
                                  0.000000   20.000000   clock source latency
     1    0.013603    0.105834    0.070386   20.070387 ^ clk (in)
                                                         clk (net)
                      0.105836    0.000000   20.070387 ^ clkbuf_0_clk/A (sky130_fd_sc_hd__clkbuf_16)
     4    0.039247    0.093617    0.264951   20.335337 ^ clkbuf_0_clk/X (sky130_fd_sc_hd__clkbuf_16)
                                                         clknet_0_clk (net)
                      0.093626    0.000966   20.336304 ^ clkbuf_2_1__f_clk/A (sky130_fd_sc_hd__clkbuf_16)
     8    0.022711    0.070829    0.236133   20.572437 ^ clkbuf_2_1__f_clk/X (sky130_fd_sc_hd__clkbuf_16)
                                                         clknet_2_1__leaf_clk (net)
                      0.070831    0.000545   20.572983 ^ _191_/CLK (sky130_fd_sc_hd__dfxtp_2)
                                 -0.250000   20.322983   clock uncertainty
                                  0.000000   20.322983   clock reconvergence pessimism
                                 -0.270034   20.052948   library setup time
                                             20.052948   data required time
---------------------------------------------------------------------------------------------
                                             20.052948   data required time
                                             -7.163692   data arrival time
---------------------------------------------------------------------------------------------
                                             12.889256   slack (MET)




===========================================================================
report_checks --slack_max -0.01
============================================================================
======================= nom_ss_100C_1v60 Corner ===================================

No paths found.


===========================================================================
 report_check_types -max_slew -max_cap -max_fanout -violators
============================================================================
======================= nom_ss_100C_1v60 Corner ===================================



===========================================================================
report_parasitic_annotation -report_unannotated
============================================================================
Found 68 unannotated drivers.
 clkload0/X
 clkload1/X
 mips_top/HI
 mips_top_100/HI
 mips_top_101/HI
 mips_top_102/HI
 mips_top_38/HI
 mips_top_39/HI
 mips_top_40/HI
 mips_top_41/HI
 mips_top_42/HI
 mips_top_43/HI
 mips_top_44/HI
 mips_top_45/HI
 mips_top_46/HI
 mips_top_47/HI
 mips_top_48/HI
 mips_top_49/HI
 mips_top_50/HI
 mips_top_51/HI
 mips_top_52/HI
 mips_top_53/HI
 mips_top_54/HI
 mips_top_55/HI
 mips_top_56/HI
 mips_top_57/HI
 mips_top_58/HI
 mips_top_59/HI
 mips_top_60/HI
 mips_top_61/HI
 mips_top_62/HI
 mips_top_63/HI
 mips_top_64/HI
 mips_top_65/HI
 mips_top_66/HI
 mips_top_67/HI
 mips_top_68/HI
 mips_top_69/HI
 mips_top_70/HI
 mips_top_71/HI
 mips_top_72/HI
 mips_top_73/HI
 mips_top_74/HI
 mips_top_75/HI
 mips_top_76/HI
 mips_top_77/HI
 mips_top_78/HI
 mips_top_79/HI
 mips_top_80/HI
 mips_top_81/HI
 mips_top_82/HI
 mips_top_83/HI
 mips_top_84/HI
 mips_top_85/HI
 mips_top_86/HI
 mips_top_87/HI
 mips_top_88/HI
 mips_top_89/HI
 mips_top_90/HI
 mips_top_91/HI
 mips_top_92/HI
 mips_top_93/HI
 mips_top_94/HI
 mips_top_95/HI
 mips_top_96/HI
 mips_top_97/HI
 mips_top_98/HI
 mips_top_99/HI
Found 0 partially unannotated drivers.

===========================================================================
max slew violation count 0
max fanout violation count 0
max cap violation count 0
============================================================================

===========================================================================
check_setup -verbose -unconstrained_endpoints -multiple_clock -no_clock -no_input_delay -loops -generated_clocks
===========================================================================
