Clock: clk
Sources: clk 
Generated: no
Virtual: yes
Propagated: no
Period: 20.000000

===========================================================================
report_clock_properties
============================================================================
Clock                   Period          Waveform
----------------------------------------------------
clk                  20.000000    0.000000 10.000000

===========================================================================
report_clock_latency
============================================================================
Clock clk
rise -> rise
    min     max
0.000000 0.000000 source latency
0.571938         network latency _194_/CLK
        0.574147 network latency _192_/CLK
---------------
0.571938 0.574147 latency
        0.002209 skew

fall -> fall
    min     max
0.000000 0.000000 source latency
0.570559         network latency _194_/CLK
        0.572324 network latency _192_/CLK
---------------
0.570559 0.572324 latency
        0.001765 skew



===========================================================================
report_clock_min_period
============================================================================
clk period_min = 6.60 fmax = 151.59
