Clock: clk
Sources: clk 
Generated: no
Virtual: yes
Propagated: no
Period: 20.000000

===========================================================================
report_clock_properties
============================================================================
Clock                   Period          Waveform
----------------------------------------------------
clk                  20.000000    0.000000 10.000000

===========================================================================
report_clock_latency
============================================================================
Clock clk
rise -> rise
    min     max
0.000000 0.000000 source latency
0.313696         network latency _186_/CLK
        0.314647 network latency _195_/CLK
---------------
0.313696 0.314647 latency
        0.000950 skew

fall -> fall
    min     max
0.000000 0.000000 source latency
0.309614         network latency _186_/CLK
        0.310420 network latency _195_/CLK
---------------
0.309614 0.310420 latency
        0.000806 skew



===========================================================================
report_clock_min_period
============================================================================
clk period_min = 3.19 fmax = 313.42
