
===========================================================================
report_checks -unconstrained
===========================================================================
======================= min_ss_100C_1v60 Corner ===================================

Startpoint: rst (input port clocked by clk)
Endpoint: _191_ (rising edge-triggered flip-flop clocked by clk)
Path Group: clk
Path Type: max

Fanout         Cap        Slew       Delay        Time   Description
---------------------------------------------------------------------------------------------
                                  0.000000    0.000000   clock clk (rise edge)
                                  0.000000    0.000000   clock network delay (propagated)
                                  4.000000    4.000000 ^ input external delay
     1    0.003436    0.036490    0.019120    4.019120 ^ rst (in)
                                                         rst (net)
                      0.036490    0.000000    4.019120 ^ input1/A (sky130_fd_sc_hd__clkdlybuf4s25_1)
     1    0.003224    0.079432    0.451406    4.470527 ^ input1/X (sky130_fd_sc_hd__clkdlybuf4s25_1)
                                                         net1 (net)
                      0.079432    0.000039    4.470566 ^ fanout37/A (sky130_fd_sc_hd__clkdlybuf4s25_1)
     7    0.041118    0.659361    0.890982    5.361548 ^ fanout37/X (sky130_fd_sc_hd__clkdlybuf4s25_1)
                                                         net37 (net)
                      0.659361    0.000354    5.361902 ^ fanout35/A (sky130_fd_sc_hd__clkdlybuf4s25_1)
     6    0.031887    0.516610    1.005538    6.367440 ^ fanout35/X (sky130_fd_sc_hd__clkdlybuf4s25_1)
                                                         net35 (net)
                      0.516610    0.000333    6.367773 ^ load_slew36/A (sky130_fd_sc_hd__buf_4)
     5    0.030299    0.152339    0.457805    6.825579 ^ load_slew36/X (sky130_fd_sc_hd__buf_4)
                                                         net36 (net)
                      0.152339    0.000548    6.826127 ^ _149_/B1 (sky130_fd_sc_hd__a21oi_2)
     1    0.002880    0.077066    0.082629    6.908755 v _149_/Y (sky130_fd_sc_hd__a21oi_2)
                                                         _047_ (net)
                      0.077066    0.000028    6.908783 v _150_/B1 (sky130_fd_sc_hd__o21a_2)
     1    0.003031    0.058927    0.209408    7.118192 v _150_/X (sky130_fd_sc_hd__o21a_2)
                                                         _023_ (net)
                      0.058927    0.000038    7.118229 v _191_/D (sky130_fd_sc_hd__dfxtp_2)
                                              7.118229   data arrival time

                                 20.000000   20.000000   clock clk (rise edge)
                                  0.000000   20.000000   clock source latency
     1    0.013103    0.102381    0.067821   20.067822 ^ clk (in)
                                                         clk (net)
                      0.102382    0.000000   20.067822 ^ clkbuf_0_clk/A (sky130_fd_sc_hd__clkbuf_16)
     4    0.038637    0.092573    0.262830   20.330652 ^ clkbuf_0_clk/X (sky130_fd_sc_hd__clkbuf_16)
                                                         clknet_0_clk (net)
                      0.092573    0.000410   20.331062 ^ clkbuf_2_1__f_clk/A (sky130_fd_sc_hd__clkbuf_16)
     8    0.021935    0.069861    0.234655   20.565718 ^ clkbuf_2_1__f_clk/X (sky130_fd_sc_hd__clkbuf_16)
                                                         clknet_2_1__leaf_clk (net)
                      0.069862    0.000234   20.565950 ^ _191_/CLK (sky130_fd_sc_hd__dfxtp_2)
                                 -0.250000   20.315952   clock uncertainty
                                  0.000000   20.315952   clock reconvergence pessimism
                                 -0.269821   20.046133   library setup time
                                             20.046133   data required time
---------------------------------------------------------------------------------------------
                                             20.046133   data required time
                                             -7.118229   data arrival time
---------------------------------------------------------------------------------------------
                                             12.927902   slack (MET)




===========================================================================
report_checks --slack_max -0.01
============================================================================
======================= min_ss_100C_1v60 Corner ===================================

No paths found.


===========================================================================
 report_check_types -max_slew -max_cap -max_fanout -violators
============================================================================
======================= min_ss_100C_1v60 Corner ===================================



===========================================================================
report_parasitic_annotation -report_unannotated
============================================================================
Found 68 unannotated drivers.
 clkload0/X
 clkload1/X
 mips_top/HI
 mips_top_100/HI
 mips_top_101/HI
 mips_top_102/HI
 mips_top_38/HI
 mips_top_39/HI
 mips_top_40/HI
 mips_top_41/HI
 mips_top_42/HI
 mips_top_43/HI
 mips_top_44/HI
 mips_top_45/HI
 mips_top_46/HI
 mips_top_47/HI
 mips_top_48/HI
 mips_top_49/HI
 mips_top_50/HI
 mips_top_51/HI
 mips_top_52/HI
 mips_top_53/HI
 mips_top_54/HI
 mips_top_55/HI
 mips_top_56/HI
 mips_top_57/HI
 mips_top_58/HI
 mips_top_59/HI
 mips_top_60/HI
 mips_top_61/HI
 mips_top_62/HI
 mips_top_63/HI
 mips_top_64/HI
 mips_top_65/HI
 mips_top_66/HI
 mips_top_67/HI
 mips_top_68/HI
 mips_top_69/HI
 mips_top_70/HI
 mips_top_71/HI
 mips_top_72/HI
 mips_top_73/HI
 mips_top_74/HI
 mips_top_75/HI
 mips_top_76/HI
 mips_top_77/HI
 mips_top_78/HI
 mips_top_79/HI
 mips_top_80/HI
 mips_top_81/HI
 mips_top_82/HI
 mips_top_83/HI
 mips_top_84/HI
 mips_top_85/HI
 mips_top_86/HI
 mips_top_87/HI
 mips_top_88/HI
 mips_top_89/HI
 mips_top_90/HI
 mips_top_91/HI
 mips_top_92/HI
 mips_top_93/HI
 mips_top_94/HI
 mips_top_95/HI
 mips_top_96/HI
 mips_top_97/HI
 mips_top_98/HI
 mips_top_99/HI
Found 0 partially unannotated drivers.

===========================================================================
max slew violation count 0
max fanout violation count 0
max cap violation count 0
============================================================================

===========================================================================
check_setup -verbose -unconstrained_endpoints -multiple_clock -no_clock -no_input_delay -loops -generated_clocks
===========================================================================
