Clock: clk
Sources: clk 
Generated: no
Virtual: yes
Propagated: no
Period: 20.000000

===========================================================================
report_clock_properties
============================================================================
Clock                   Period          Waveform
----------------------------------------------------
clk                  20.000000    0.000000 10.000000

===========================================================================
report_clock_latency
============================================================================
Clock clk
rise -> rise
    min     max
0.000000 0.000000 source latency
0.564980         network latency _171_/CLK
        0.567036 network latency _192_/CLK
---------------
0.564980 0.567036 latency
        0.002056 skew

fall -> fall
    min     max
0.000000 0.000000 source latency
0.565637         network latency _171_/CLK
        0.567264 network latency _192_/CLK
---------------
0.565637 0.567264 latency
        0.001627 skew



===========================================================================
report_clock_min_period
============================================================================
clk period_min = 6.55 fmax = 152.64
