Reading timing models for corner nom_tt_025C_1v80…
Reading timing library for the 'nom_tt_025C_1v80' corner at '/Users/rein/projects/librelane/pdks/ciel/ciel/sky130/versions/8afc8346a57fe1ab7934ba5a6056ea8b43078e71/sky130A/libs.ref/sky130_fd_sc_hd/lib/sky130_fd_sc_hd__tt_025C_1v80.lib'…
Reading OpenROAD database at '/Users/rein/mips_pipeline/runs/RUN_2026-05-15_12-29-19/39-openroad-globalrouting/mips_top.odb'…
Reading design constraints file at '/nix/store/7xzs1bi9a4c6d3r2fd77rbyy4dv6cqs8-python3-3.13.9-env/lib/python3.13/site-packages/librelane/scripts/base.sdc'…
[INFO] Using clock clk…
[INFO] Setting output delay to: 4
[INFO] Setting input delay to: 4
[INFO] Setting load to: 0.033442
[INFO] Setting clock uncertainty to: 0.25
[INFO] Setting clock transition to: 0.1499999999999999944488848768742172978818416595458984375
[INFO] Setting timing derate to: 5%
+ repair_antennas sky130_fd_sc_hd__diode_2 -iterations 3 -ratio_margin 10
[INFO GRT-0012] Found 0 antenna violations.
Setting global connections for newly added cells…
[INFO] Setting global connections...
[INFO ODB-0403] 0 connections made, 0 conflicts skipped.
Updating metrics…
Cell type report:                       Count       Area
  Fill cell                                46     172.67
  Tap cell                                 50      62.56
  Clock buffer                              7     140.13
  Timing Repair Buffer                     72     715.69
  Sequential cell                          30     638.11
  Multi-Input combinational cell          150     953.41
  Total                                   355    2682.57
Writing OpenROAD database to '/Users/rein/mips_pipeline/runs/RUN_2026-05-15_12-29-19/42-openroad-repairantennas/1-openroad-diodeinsertion/mips_top.odb'…
Writing layout to '/Users/rein/mips_pipeline/runs/RUN_2026-05-15_12-29-19/42-openroad-repairantennas/1-openroad-diodeinsertion/mips_top.def'…
