
 /----------------------------------------------------------------------------\
 |  yosys -- Yosys Open SYnthesis Suite                                       |
 |  Copyright (C) 2012 - 2026  Claire Xenia Wolf <claire@yosyshq.com>         |
 |  Distributed under an ISC-like license, type "license" to see terms        |
 \----------------------------------------------------------------------------/
 Yosys 0.62 (git sha1 7326bb7d6641500ecb285c291a54a662cb1e76cf, clang++ 21.1.2 -fPIC -O3)

1. Executing Verilog-2005 frontend: /Users/rein/mips_pipeline/runs/RUN_2026-05-15_12-28-18/tmp/cb3253022a49423facacfe92fcb1e4e5.bb.v
Parsing SystemVerilog input from `/Users/rein/mips_pipeline/runs/RUN_2026-05-15_12-28-18/tmp/cb3253022a49423facacfe92fcb1e4e5.bb.v' to AST representation.
Generating RTLIL representation for module `\sky130_ef_sc_hd__decap_12'.
Generating RTLIL representation for module `\sky130_ef_sc_hd__decap_20_12'.
Generating RTLIL representation for module `\sky130_ef_sc_hd__decap_40_12'.
Generating RTLIL representation for module `\sky130_ef_sc_hd__decap_60_12'.
Generating RTLIL representation for module `\sky130_ef_sc_hd__decap_80_12'.
Generating RTLIL representation for module `\sky130_ef_sc_hd__fill_12'.
Generating RTLIL representation for module `\sky130_ef_sc_hd__fill_2'.
Generating RTLIL representation for module `\sky130_ef_sc_hd__fill_4'.
Generating RTLIL representation for module `\sky130_ef_sc_hd__fill_8'.
Generating RTLIL representation for module `\sky130_fd_sc_hd__a2111o_1'.
Generating RTLIL representation for module `\sky130_fd_sc_hd__a2111o_2'.
Generating RTLIL representation for module `\sky130_fd_sc_hd__a2111o_4'.
Generating RTLIL representation for module `\sky130_fd_sc_hd__a2111oi_0'.
Generating RTLIL representation for module `\sky130_fd_sc_hd__a2111oi_1'.
Generating RTLIL representation for module `\sky130_fd_sc_hd__a2111oi_2'.
Generating RTLIL representation for module `\sky130_fd_sc_hd__a2111oi_4'.
Generating RTLIL representation for module `\sky130_fd_sc_hd__a211o_1'.
Generating RTLIL representation for module `\sky130_fd_sc_hd__a211o_2'.
Generating RTLIL representation for module `\sky130_fd_sc_hd__a211o_4'.
Generating RTLIL representation for module `\sky130_fd_sc_hd__a211oi_1'.
Generating RTLIL representation for module `\sky130_fd_sc_hd__a211oi_2'.
Generating RTLIL representation for module `\sky130_fd_sc_hd__a211oi_4'.
Generating RTLIL representation for module `\sky130_fd_sc_hd__a21bo_1'.
Generating RTLIL representation for module `\sky130_fd_sc_hd__a21bo_2'.
Generating RTLIL representation for module `\sky130_fd_sc_hd__a21bo_4'.
Generating RTLIL representation for module `\sky130_fd_sc_hd__a21boi_0'.
Generating RTLIL representation for module `\sky130_fd_sc_hd__a21boi_1'.
Generating RTLIL representation for module `\sky130_fd_sc_hd__a21boi_2'.
Generating RTLIL representation for module `\sky130_fd_sc_hd__a21boi_4'.
Generating RTLIL representation for module `\sky130_fd_sc_hd__a21o_1'.
Generating RTLIL representation for module `\sky130_fd_sc_hd__a21o_2'.
Generating RTLIL representation for module `\sky130_fd_sc_hd__a21o_4'.
Generating RTLIL representation for module `\sky130_fd_sc_hd__a21oi_1'.
Generating RTLIL representation for module `\sky130_fd_sc_hd__a21oi_2'.
Generating RTLIL representation for module `\sky130_fd_sc_hd__a21oi_4'.
Generating RTLIL representation for module `\sky130_fd_sc_hd__a221o_1'.
Generating RTLIL representation for module `\sky130_fd_sc_hd__a221o_2'.
Generating RTLIL representation for module `\sky130_fd_sc_hd__a221o_4'.
Generating RTLIL representation for module `\sky130_fd_sc_hd__a221oi_1'.
Generating RTLIL representation for module `\sky130_fd_sc_hd__a221oi_2'.
Generating RTLIL representation for module `\sky130_fd_sc_hd__a221oi_4'.
Generating RTLIL representation for module `\sky130_fd_sc_hd__a222oi_1'.
Generating RTLIL representation for module `\sky130_fd_sc_hd__a22o_1'.
Generating RTLIL representation for module `\sky130_fd_sc_hd__a22o_2'.
Generating RTLIL representation for module `\sky130_fd_sc_hd__a22o_4'.
Generating RTLIL representation for module `\sky130_fd_sc_hd__a22oi_1'.
Generating RTLIL representation for module `\sky130_fd_sc_hd__a22oi_2'.
Generating RTLIL representation for module `\sky130_fd_sc_hd__a22oi_4'.
Generating RTLIL representation for module `\sky130_fd_sc_hd__a2bb2o_1'.
Generating RTLIL representation for module `\sky130_fd_sc_hd__a2bb2o_2'.
Generating RTLIL representation for module `\sky130_fd_sc_hd__a2bb2o_4'.
Generating RTLIL representation for module `\sky130_fd_sc_hd__a2bb2oi_1'.
Generating RTLIL representation for module `\sky130_fd_sc_hd__a2bb2oi_2'.
Generating RTLIL representation for module `\sky130_fd_sc_hd__a2bb2oi_4'.
Generating RTLIL representation for module `\sky130_fd_sc_hd__a311o_1'.
Generating RTLIL representation for module `\sky130_fd_sc_hd__a311o_2'.
Generating RTLIL representation for module `\sky130_fd_sc_hd__a311o_4'.
Generating RTLIL representation for module `\sky130_fd_sc_hd__a311oi_1'.
Generating RTLIL representation for module `\sky130_fd_sc_hd__a311oi_2'.
Generating RTLIL representation for module `\sky130_fd_sc_hd__a311oi_4'.
Generating RTLIL representation for module `\sky130_fd_sc_hd__a31o_1'.
Generating RTLIL representation for module `\sky130_fd_sc_hd__a31o_2'.
Generating RTLIL representation for module `\sky130_fd_sc_hd__a31o_4'.
Generating RTLIL representation for module `\sky130_fd_sc_hd__a31oi_1'.
Generating RTLIL representation for module `\sky130_fd_sc_hd__a31oi_2'.
Generating RTLIL representation for module `\sky130_fd_sc_hd__a31oi_4'.
Generating RTLIL representation for module `\sky130_fd_sc_hd__a32o_1'.
Generating RTLIL representation for module `\sky130_fd_sc_hd__a32o_2'.
Generating RTLIL representation for module `\sky130_fd_sc_hd__a32o_4'.
Generating RTLIL representation for module `\sky130_fd_sc_hd__a32oi_1'.
Generating RTLIL representation for module `\sky130_fd_sc_hd__a32oi_2'.
Generating RTLIL representation for module `\sky130_fd_sc_hd__a32oi_4'.
Generating RTLIL representation for module `\sky130_fd_sc_hd__a41o_1'.
Generating RTLIL representation for module `\sky130_fd_sc_hd__a41o_2'.
Generating RTLIL representation for module `\sky130_fd_sc_hd__a41o_4'.
Generating RTLIL representation for module `\sky130_fd_sc_hd__a41oi_1'.
Generating RTLIL representation for module `\sky130_fd_sc_hd__a41oi_2'.
Generating RTLIL representation for module `\sky130_fd_sc_hd__a41oi_4'.
Generating RTLIL representation for module `\sky130_fd_sc_hd__and2_0'.
Generating RTLIL representation for module `\sky130_fd_sc_hd__and2_1'.
Generating RTLIL representation for module `\sky130_fd_sc_hd__and2_2'.
Generating RTLIL representation for module `\sky130_fd_sc_hd__and2_4'.
Generating RTLIL representation for module `\sky130_fd_sc_hd__and2b_1'.
Generating RTLIL representation for module `\sky130_fd_sc_hd__and2b_2'.
Generating RTLIL representation for module `\sky130_fd_sc_hd__and2b_4'.
Generating RTLIL representation for module `\sky130_fd_sc_hd__and3_1'.
Generating RTLIL representation for module `\sky130_fd_sc_hd__and3_2'.
Generating RTLIL representation for module `\sky130_fd_sc_hd__and3_4'.
Generating RTLIL representation for module `\sky130_fd_sc_hd__and3b_1'.
Generating RTLIL representation for module `\sky130_fd_sc_hd__and3b_2'.
Generating RTLIL representation for module `\sky130_fd_sc_hd__and3b_4'.
Generating RTLIL representation for module `\sky130_fd_sc_hd__and4_1'.
Generating RTLIL representation for module `\sky130_fd_sc_hd__and4_2'.
Generating RTLIL representation for module `\sky130_fd_sc_hd__and4_4'.
Generating RTLIL representation for module `\sky130_fd_sc_hd__and4b_1'.
Generating RTLIL representation for module `\sky130_fd_sc_hd__and4b_2'.
Generating RTLIL representation for module `\sky130_fd_sc_hd__and4b_4'.
Generating RTLIL representation for module `\sky130_fd_sc_hd__and4bb_1'.
Generating RTLIL representation for module `\sky130_fd_sc_hd__and4bb_2'.
Generating RTLIL representation for module `\sky130_fd_sc_hd__and4bb_4'.
Generating RTLIL representation for module `\sky130_fd_sc_hd__buf_1'.
Generating RTLIL representation for module `\sky130_fd_sc_hd__buf_12'.
Generating RTLIL representation for module `\sky130_fd_sc_hd__buf_16'.
Generating RTLIL representation for module `\sky130_fd_sc_hd__buf_2'.
Generating RTLIL representation for module `\sky130_fd_sc_hd__buf_4'.
Generating RTLIL representation for module `\sky130_fd_sc_hd__buf_6'.
Generating RTLIL representation for module `\sky130_fd_sc_hd__buf_8'.
Generating RTLIL representation for module `\sky130_fd_sc_hd__bufbuf_16'.
Generating RTLIL representation for module `\sky130_fd_sc_hd__bufbuf_8'.
Generating RTLIL representation for module `\sky130_fd_sc_hd__bufinv_16'.
Generating RTLIL representation for module `\sky130_fd_sc_hd__bufinv_8'.
Generating RTLIL representation for module `\sky130_fd_sc_hd__clkbuf_1'.
Generating RTLIL representation for module `\sky130_fd_sc_hd__clkbuf_16'.
Generating RTLIL representation for module `\sky130_fd_sc_hd__clkbuf_2'.
Generating RTLIL representation for module `\sky130_fd_sc_hd__clkbuf_4'.
Generating RTLIL representation for module `\sky130_fd_sc_hd__clkbuf_8'.
Generating RTLIL representation for module `\sky130_fd_sc_hd__clkdlybuf4s15_1'.
Generating RTLIL representation for module `\sky130_fd_sc_hd__clkdlybuf4s15_2'.
Generating RTLIL representation for module `\sky130_fd_sc_hd__clkdlybuf4s18_1'.
Generating RTLIL representation for module `\sky130_fd_sc_hd__clkdlybuf4s18_2'.
Generating RTLIL representation for module `\sky130_fd_sc_hd__clkdlybuf4s25_1'.
Generating RTLIL representation for module `\sky130_fd_sc_hd__clkdlybuf4s25_2'.
Generating RTLIL representation for module `\sky130_fd_sc_hd__clkdlybuf4s50_1'.
Generating RTLIL representation for module `\sky130_fd_sc_hd__clkdlybuf4s50_2'.
Generating RTLIL representation for module `\sky130_fd_sc_hd__clkinv_1'.
Generating RTLIL representation for module `\sky130_fd_sc_hd__clkinv_16'.
Generating RTLIL representation for module `\sky130_fd_sc_hd__clkinv_2'.
Generating RTLIL representation for module `\sky130_fd_sc_hd__clkinv_4'.
Generating RTLIL representation for module `\sky130_fd_sc_hd__clkinv_8'.
Generating RTLIL representation for module `\sky130_fd_sc_hd__clkinvlp_2'.
Generating RTLIL representation for module `\sky130_fd_sc_hd__clkinvlp_4'.
Generating RTLIL representation for module `\sky130_fd_sc_hd__conb_1'.
Generating RTLIL representation for module `\sky130_fd_sc_hd__decap_12'.
Generating RTLIL representation for module `\sky130_fd_sc_hd__decap_3'.
Generating RTLIL representation for module `\sky130_fd_sc_hd__decap_4'.
Generating RTLIL representation for module `\sky130_fd_sc_hd__decap_6'.
Generating RTLIL representation for module `\sky130_fd_sc_hd__decap_8'.
Generating RTLIL representation for module `\sky130_fd_sc_hd__dfbbn_1'.
Generating RTLIL representation for module `\sky130_fd_sc_hd__dfbbn_2'.
Generating RTLIL representation for module `\sky130_fd_sc_hd__dfbbp_1'.
Generating RTLIL representation for module `\sky130_fd_sc_hd__dfrbp_1'.
Generating RTLIL representation for module `\sky130_fd_sc_hd__dfrbp_2'.
Generating RTLIL representation for module `\sky130_fd_sc_hd__dfrtn_1'.
Generating RTLIL representation for module `\sky130_fd_sc_hd__dfrtp_1'.
Generating RTLIL representation for module `\sky130_fd_sc_hd__dfrtp_2'.
Generating RTLIL representation for module `\sky130_fd_sc_hd__dfrtp_4'.
Generating RTLIL representation for module `\sky130_fd_sc_hd__dfsbp_1'.
Generating RTLIL representation for module `\sky130_fd_sc_hd__dfsbp_2'.
Generating RTLIL representation for module `\sky130_fd_sc_hd__dfstp_1'.
Generating RTLIL representation for module `\sky130_fd_sc_hd__dfstp_2'.
Generating RTLIL representation for module `\sky130_fd_sc_hd__dfstp_4'.
Generating RTLIL representation for module `\sky130_fd_sc_hd__dfxbp_1'.
Generating RTLIL representation for module `\sky130_fd_sc_hd__dfxbp_2'.
Generating RTLIL representation for module `\sky130_fd_sc_hd__dfxtp_1'.
Generating RTLIL representation for module `\sky130_fd_sc_hd__dfxtp_2'.
Generating RTLIL representation for module `\sky130_fd_sc_hd__dfxtp_4'.
Generating RTLIL representation for module `\sky130_fd_sc_hd__diode_2'.
Generating RTLIL representation for module `\sky130_fd_sc_hd__dlclkp_1'.
Generating RTLIL representation for module `\sky130_fd_sc_hd__dlclkp_2'.
Generating RTLIL representation for module `\sky130_fd_sc_hd__dlclkp_4'.
Generating RTLIL representation for module `\sky130_fd_sc_hd__dlrbn_1'.
Generating RTLIL representation for module `\sky130_fd_sc_hd__dlrbn_2'.
Generating RTLIL representation for module `\sky130_fd_sc_hd__dlrbp_1'.
Generating RTLIL representation for module `\sky130_fd_sc_hd__dlrbp_2'.
Generating RTLIL representation for module `\sky130_fd_sc_hd__dlrtn_1'.
Generating RTLIL representation for module `\sky130_fd_sc_hd__dlrtn_2'.
Generating RTLIL representation for module `\sky130_fd_sc_hd__dlrtn_4'.
Generating RTLIL representation for module `\sky130_fd_sc_hd__dlrtp_1'.
Generating RTLIL representation for module `\sky130_fd_sc_hd__dlrtp_2'.
Generating RTLIL representation for module `\sky130_fd_sc_hd__dlrtp_4'.
Generating RTLIL representation for module `\sky130_fd_sc_hd__dlxbn_1'.
Generating RTLIL representation for module `\sky130_fd_sc_hd__dlxbn_2'.
Generating RTLIL representation for module `\sky130_fd_sc_hd__dlxbp_1'.
Generating RTLIL representation for module `\sky130_fd_sc_hd__dlxtn_1'.
Generating RTLIL representation for module `\sky130_fd_sc_hd__dlxtn_2'.
Generating RTLIL representation for module `\sky130_fd_sc_hd__dlxtn_4'.
Generating RTLIL representation for module `\sky130_fd_sc_hd__dlxtp_1'.
Generating RTLIL representation for module `\sky130_fd_sc_hd__dlygate4sd1_1'.
Generating RTLIL representation for module `\sky130_fd_sc_hd__dlygate4sd2_1'.
Generating RTLIL representation for module `\sky130_fd_sc_hd__dlygate4sd3_1'.
Generating RTLIL representation for module `\sky130_fd_sc_hd__dlymetal6s2s_1'.
Generating RTLIL representation for module `\sky130_fd_sc_hd__dlymetal6s4s_1'.
Generating RTLIL representation for module `\sky130_fd_sc_hd__dlymetal6s6s_1'.
Generating RTLIL representation for module `\sky130_fd_sc_hd__ebufn_1'.
Generating RTLIL representation for module `\sky130_fd_sc_hd__ebufn_2'.
Generating RTLIL representation for module `\sky130_fd_sc_hd__ebufn_4'.
Generating RTLIL representation for module `\sky130_fd_sc_hd__ebufn_8'.
Generating RTLIL representation for module `\sky130_fd_sc_hd__edfxbp_1'.
Generating RTLIL representation for module `\sky130_fd_sc_hd__edfxtp_1'.
Generating RTLIL representation for module `\sky130_fd_sc_hd__einvn_0'.
Generating RTLIL representation for module `\sky130_fd_sc_hd__einvn_1'.
Generating RTLIL representation for module `\sky130_fd_sc_hd__einvn_2'.
Generating RTLIL representation for module `\sky130_fd_sc_hd__einvn_4'.
Generating RTLIL representation for module `\sky130_fd_sc_hd__einvn_8'.
Generating RTLIL representation for module `\sky130_fd_sc_hd__einvp_1'.
Generating RTLIL representation for module `\sky130_fd_sc_hd__einvp_2'.
Generating RTLIL representation for module `\sky130_fd_sc_hd__einvp_4'.
Generating RTLIL representation for module `\sky130_fd_sc_hd__einvp_8'.
Generating RTLIL representation for module `\sky130_fd_sc_hd__fa_1'.
Generating RTLIL representation for module `\sky130_fd_sc_hd__fa_2'.
Generating RTLIL representation for module `\sky130_fd_sc_hd__fa_4'.
Generating RTLIL representation for module `\sky130_fd_sc_hd__fah_1'.
Generating RTLIL representation for module `\sky130_fd_sc_hd__fahcin_1'.
Generating RTLIL representation for module `\sky130_fd_sc_hd__fahcon_1'.
Generating RTLIL representation for module `\sky130_fd_sc_hd__fill_1'.
Generating RTLIL representation for module `\sky130_fd_sc_hd__fill_2'.
Generating RTLIL representation for module `\sky130_fd_sc_hd__fill_4'.
Generating RTLIL representation for module `\sky130_fd_sc_hd__fill_8'.
Generating RTLIL representation for module `\sky130_fd_sc_hd__ha_1'.
Generating RTLIL representation for module `\sky130_fd_sc_hd__ha_2'.
Generating RTLIL representation for module `\sky130_fd_sc_hd__ha_4'.
Generating RTLIL representation for module `\sky130_fd_sc_hd__inv_1'.
Generating RTLIL representation for module `\sky130_fd_sc_hd__inv_12'.
Generating RTLIL representation for module `\sky130_fd_sc_hd__inv_16'.
Generating RTLIL representation for module `\sky130_fd_sc_hd__inv_2'.
Generating RTLIL representation for module `\sky130_fd_sc_hd__inv_4'.
Generating RTLIL representation for module `\sky130_fd_sc_hd__inv_6'.
Generating RTLIL representation for module `\sky130_fd_sc_hd__inv_8'.
Generating RTLIL representation for module `\sky130_fd_sc_hd__lpflow_bleeder_1'.
Generating RTLIL representation for module `\sky130_fd_sc_hd__lpflow_clkbufkapwr_1'.
Generating RTLIL representation for module `\sky130_fd_sc_hd__lpflow_clkbufkapwr_16'.
Generating RTLIL representation for module `\sky130_fd_sc_hd__lpflow_clkbufkapwr_2'.
Generating RTLIL representation for module `\sky130_fd_sc_hd__lpflow_clkbufkapwr_4'.
Generating RTLIL representation for module `\sky130_fd_sc_hd__lpflow_clkbufkapwr_8'.
Generating RTLIL representation for module `\sky130_fd_sc_hd__lpflow_clkinvkapwr_1'.
Generating RTLIL representation for module `\sky130_fd_sc_hd__lpflow_clkinvkapwr_16'.
Generating RTLIL representation for module `\sky130_fd_sc_hd__lpflow_clkinvkapwr_2'.
Generating RTLIL representation for module `\sky130_fd_sc_hd__lpflow_clkinvkapwr_4'.
Generating RTLIL representation for module `\sky130_fd_sc_hd__lpflow_clkinvkapwr_8'.
Generating RTLIL representation for module `\sky130_fd_sc_hd__lpflow_decapkapwr_12'.
Generating RTLIL representation for module `\sky130_fd_sc_hd__lpflow_decapkapwr_3'.
Generating RTLIL representation for module `\sky130_fd_sc_hd__lpflow_decapkapwr_4'.
Generating RTLIL representation for module `\sky130_fd_sc_hd__lpflow_decapkapwr_6'.
Generating RTLIL representation for module `\sky130_fd_sc_hd__lpflow_decapkapwr_8'.
Generating RTLIL representation for module `\sky130_fd_sc_hd__lpflow_inputiso0n_1'.
Generating RTLIL representation for module `\sky130_fd_sc_hd__lpflow_inputiso0p_1'.
Generating RTLIL representation for module `\sky130_fd_sc_hd__lpflow_inputiso1n_1'.
Generating RTLIL representation for module `\sky130_fd_sc_hd__lpflow_inputiso1p_1'.
Generating RTLIL representation for module `\sky130_fd_sc_hd__lpflow_inputisolatch_1'.
Generating RTLIL representation for module `\sky130_fd_sc_hd__lpflow_isobufsrc_1'.
Generating RTLIL representation for module `\sky130_fd_sc_hd__lpflow_isobufsrc_16'.
Generating RTLIL representation for module `\sky130_fd_sc_hd__lpflow_isobufsrc_2'.
Generating RTLIL representation for module `\sky130_fd_sc_hd__lpflow_isobufsrc_4'.
Generating RTLIL representation for module `\sky130_fd_sc_hd__lpflow_isobufsrc_8'.
Generating RTLIL representation for module `\sky130_fd_sc_hd__lpflow_isobufsrckapwr_16'.
Generating RTLIL representation for module `\sky130_fd_sc_hd__lpflow_lsbuf_lh_hl_isowell_tap_1'.
Generating RTLIL representation for module `\sky130_fd_sc_hd__lpflow_lsbuf_lh_hl_isowell_tap_2'.
Generating RTLIL representation for module `\sky130_fd_sc_hd__lpflow_lsbuf_lh_hl_isowell_tap_4'.
Generating RTLIL representation for module `\sky130_fd_sc_hd__lpflow_lsbuf_lh_isowell_4'.
Generating RTLIL representation for module `\sky130_fd_sc_hd__lpflow_lsbuf_lh_isowell_tap_1'.
Generating RTLIL representation for module `\sky130_fd_sc_hd__lpflow_lsbuf_lh_isowell_tap_2'.
Generating RTLIL representation for module `\sky130_fd_sc_hd__lpflow_lsbuf_lh_isowell_tap_4'.
Generating RTLIL representation for module `\sky130_fd_sc_hd__macro_sparecell'.
Generating RTLIL representation for module `\sky130_fd_sc_hd__maj3_1'.
Generating RTLIL representation for module `\sky130_fd_sc_hd__maj3_2'.
Generating RTLIL representation for module `\sky130_fd_sc_hd__maj3_4'.
Generating RTLIL representation for module `\sky130_fd_sc_hd__mux2_1'.
Generating RTLIL representation for module `\sky130_fd_sc_hd__mux2_2'.
Generating RTLIL representation for module `\sky130_fd_sc_hd__mux2_4'.
Generating RTLIL representation for module `\sky130_fd_sc_hd__mux2_8'.
Generating RTLIL representation for module `\sky130_fd_sc_hd__mux2i_1'.
Generating RTLIL representation for module `\sky130_fd_sc_hd__mux2i_2'.
Generating RTLIL representation for module `\sky130_fd_sc_hd__mux2i_4'.
Generating RTLIL representation for module `\sky130_fd_sc_hd__mux4_1'.
Generating RTLIL representation for module `\sky130_fd_sc_hd__mux4_2'.
Generating RTLIL representation for module `\sky130_fd_sc_hd__mux4_4'.
Generating RTLIL representation for module `\sky130_fd_sc_hd__nand2_1'.
Generating RTLIL representation for module `\sky130_fd_sc_hd__nand2_2'.
Generating RTLIL representation for module `\sky130_fd_sc_hd__nand2_4'.
Generating RTLIL representation for module `\sky130_fd_sc_hd__nand2_8'.
Generating RTLIL representation for module `\sky130_fd_sc_hd__nand2b_1'.
Generating RTLIL representation for module `\sky130_fd_sc_hd__nand2b_2'.
Generating RTLIL representation for module `\sky130_fd_sc_hd__nand2b_4'.
Generating RTLIL representation for module `\sky130_fd_sc_hd__nand3_1'.
Generating RTLIL representation for module `\sky130_fd_sc_hd__nand3_2'.
Generating RTLIL representation for module `\sky130_fd_sc_hd__nand3_4'.
Generating RTLIL representation for module `\sky130_fd_sc_hd__nand3b_1'.
Generating RTLIL representation for module `\sky130_fd_sc_hd__nand3b_2'.
Generating RTLIL representation for module `\sky130_fd_sc_hd__nand3b_4'.
Generating RTLIL representation for module `\sky130_fd_sc_hd__nand4_1'.
Generating RTLIL representation for module `\sky130_fd_sc_hd__nand4_2'.
Generating RTLIL representation for module `\sky130_fd_sc_hd__nand4_4'.
Generating RTLIL representation for module `\sky130_fd_sc_hd__nand4b_1'.
Generating RTLIL representation for module `\sky130_fd_sc_hd__nand4b_2'.
Generating RTLIL representation for module `\sky130_fd_sc_hd__nand4b_4'.
Generating RTLIL representation for module `\sky130_fd_sc_hd__nand4bb_1'.
Generating RTLIL representation for module `\sky130_fd_sc_hd__nand4bb_2'.
Generating RTLIL representation for module `\sky130_fd_sc_hd__nand4bb_4'.
Generating RTLIL representation for module `\sky130_fd_sc_hd__nor2_1'.
Generating RTLIL representation for module `\sky130_fd_sc_hd__nor2_2'.
Generating RTLIL representation for module `\sky130_fd_sc_hd__nor2_4'.
Generating RTLIL representation for module `\sky130_fd_sc_hd__nor2_8'.
Generating RTLIL representation for module `\sky130_fd_sc_hd__nor2b_1'.
Generating RTLIL representation for module `\sky130_fd_sc_hd__nor2b_2'.
Generating RTLIL representation for module `\sky130_fd_sc_hd__nor2b_4'.
Generating RTLIL representation for module `\sky130_fd_sc_hd__nor3_1'.
Generating RTLIL representation for module `\sky130_fd_sc_hd__nor3_2'.
Generating RTLIL representation for module `\sky130_fd_sc_hd__nor3_4'.
Generating RTLIL representation for module `\sky130_fd_sc_hd__nor3b_1'.
Generating RTLIL representation for module `\sky130_fd_sc_hd__nor3b_2'.
Generating RTLIL representation for module `\sky130_fd_sc_hd__nor3b_4'.
Generating RTLIL representation for module `\sky130_fd_sc_hd__nor4_1'.
Generating RTLIL representation for module `\sky130_fd_sc_hd__nor4_2'.
Generating RTLIL representation for module `\sky130_fd_sc_hd__nor4_4'.
Generating RTLIL representation for module `\sky130_fd_sc_hd__nor4b_1'.
Generating RTLIL representation for module `\sky130_fd_sc_hd__nor4b_2'.
Generating RTLIL representation for module `\sky130_fd_sc_hd__nor4b_4'.
Generating RTLIL representation for module `\sky130_fd_sc_hd__nor4bb_1'.
Generating RTLIL representation for module `\sky130_fd_sc_hd__nor4bb_2'.
Generating RTLIL representation for module `\sky130_fd_sc_hd__nor4bb_4'.
Generating RTLIL representation for module `\sky130_fd_sc_hd__o2111a_1'.
Generating RTLIL representation for module `\sky130_fd_sc_hd__o2111a_2'.
Generating RTLIL representation for module `\sky130_fd_sc_hd__o2111a_4'.
Generating RTLIL representation for module `\sky130_fd_sc_hd__o2111ai_1'.
Generating RTLIL representation for module `\sky130_fd_sc_hd__o2111ai_2'.
Generating RTLIL representation for module `\sky130_fd_sc_hd__o2111ai_4'.
Generating RTLIL representation for module `\sky130_fd_sc_hd__o211a_1'.
Generating RTLIL representation for module `\sky130_fd_sc_hd__o211a_2'.
Generating RTLIL representation for module `\sky130_fd_sc_hd__o211a_4'.
Generating RTLIL representation for module `\sky130_fd_sc_hd__o211ai_1'.
Generating RTLIL representation for module `\sky130_fd_sc_hd__o211ai_2'.
Generating RTLIL representation for module `\sky130_fd_sc_hd__o211ai_4'.
Generating RTLIL representation for module `\sky130_fd_sc_hd__o21a_1'.
Generating RTLIL representation for module `\sky130_fd_sc_hd__o21a_2'.
Generating RTLIL representation for module `\sky130_fd_sc_hd__o21a_4'.
Generating RTLIL representation for module `\sky130_fd_sc_hd__o21ai_0'.
Generating RTLIL representation for module `\sky130_fd_sc_hd__o21ai_1'.
Generating RTLIL representation for module `\sky130_fd_sc_hd__o21ai_2'.
Generating RTLIL representation for module `\sky130_fd_sc_hd__o21ai_4'.
Generating RTLIL representation for module `\sky130_fd_sc_hd__o21ba_1'.
Generating RTLIL representation for module `\sky130_fd_sc_hd__o21ba_2'.
Generating RTLIL representation for module `\sky130_fd_sc_hd__o21ba_4'.
Generating RTLIL representation for module `\sky130_fd_sc_hd__o21bai_1'.
Generating RTLIL representation for module `\sky130_fd_sc_hd__o21bai_2'.
Generating RTLIL representation for module `\sky130_fd_sc_hd__o21bai_4'.
Generating RTLIL representation for module `\sky130_fd_sc_hd__o221a_1'.
Generating RTLIL representation for module `\sky130_fd_sc_hd__o221a_2'.
Generating RTLIL representation for module `\sky130_fd_sc_hd__o221a_4'.
Generating RTLIL representation for module `\sky130_fd_sc_hd__o221ai_1'.
Generating RTLIL representation for module `\sky130_fd_sc_hd__o221ai_2'.
Generating RTLIL representation for module `\sky130_fd_sc_hd__o221ai_4'.
Generating RTLIL representation for module `\sky130_fd_sc_hd__o22a_1'.
Generating RTLIL representation for module `\sky130_fd_sc_hd__o22a_2'.
Generating RTLIL representation for module `\sky130_fd_sc_hd__o22a_4'.
Generating RTLIL representation for module `\sky130_fd_sc_hd__o22ai_1'.
Generating RTLIL representation for module `\sky130_fd_sc_hd__o22ai_2'.
Generating RTLIL representation for module `\sky130_fd_sc_hd__o22ai_4'.
Generating RTLIL representation for module `\sky130_fd_sc_hd__o2bb2a_1'.
Generating RTLIL representation for module `\sky130_fd_sc_hd__o2bb2a_2'.
Generating RTLIL representation for module `\sky130_fd_sc_hd__o2bb2a_4'.
Generating RTLIL representation for module `\sky130_fd_sc_hd__o2bb2ai_1'.
Generating RTLIL representation for module `\sky130_fd_sc_hd__o2bb2ai_2'.
Generating RTLIL representation for module `\sky130_fd_sc_hd__o2bb2ai_4'.
Generating RTLIL representation for module `\sky130_fd_sc_hd__o311a_1'.
Generating RTLIL representation for module `\sky130_fd_sc_hd__o311a_2'.
Generating RTLIL representation for module `\sky130_fd_sc_hd__o311a_4'.
Generating RTLIL representation for module `\sky130_fd_sc_hd__o311ai_0'.
Generating RTLIL representation for module `\sky130_fd_sc_hd__o311ai_1'.
Generating RTLIL representation for module `\sky130_fd_sc_hd__o311ai_2'.
Generating RTLIL representation for module `\sky130_fd_sc_hd__o311ai_4'.
Generating RTLIL representation for module `\sky130_fd_sc_hd__o31a_1'.
Generating RTLIL representation for module `\sky130_fd_sc_hd__o31a_2'.
Generating RTLIL representation for module `\sky130_fd_sc_hd__o31a_4'.
Generating RTLIL representation for module `\sky130_fd_sc_hd__o31ai_1'.
Generating RTLIL representation for module `\sky130_fd_sc_hd__o31ai_2'.
Generating RTLIL representation for module `\sky130_fd_sc_hd__o31ai_4'.
Generating RTLIL representation for module `\sky130_fd_sc_hd__o32a_1'.
Generating RTLIL representation for module `\sky130_fd_sc_hd__o32a_2'.
Generating RTLIL representation for module `\sky130_fd_sc_hd__o32a_4'.
Generating RTLIL representation for module `\sky130_fd_sc_hd__o32ai_1'.
Generating RTLIL representation for module `\sky130_fd_sc_hd__o32ai_2'.
Generating RTLIL representation for module `\sky130_fd_sc_hd__o32ai_4'.
Generating RTLIL representation for module `\sky130_fd_sc_hd__o41a_1'.
Generating RTLIL representation for module `\sky130_fd_sc_hd__o41a_2'.
Generating RTLIL representation for module `\sky130_fd_sc_hd__o41a_4'.
Generating RTLIL representation for module `\sky130_fd_sc_hd__o41ai_1'.
Generating RTLIL representation for module `\sky130_fd_sc_hd__o41ai_2'.
Generating RTLIL representation for module `\sky130_fd_sc_hd__o41ai_4'.
Generating RTLIL representation for module `\sky130_fd_sc_hd__or2_0'.
Generating RTLIL representation for module `\sky130_fd_sc_hd__or2_1'.
Generating RTLIL representation for module `\sky130_fd_sc_hd__or2_2'.
Generating RTLIL representation for module `\sky130_fd_sc_hd__or2_4'.
Generating RTLIL representation for module `\sky130_fd_sc_hd__or2b_1'.
Generating RTLIL representation for module `\sky130_fd_sc_hd__or2b_2'.
Generating RTLIL representation for module `\sky130_fd_sc_hd__or2b_4'.
Generating RTLIL representation for module `\sky130_fd_sc_hd__or3_1'.
Generating RTLIL representation for module `\sky130_fd_sc_hd__or3_2'.
Generating RTLIL representation for module `\sky130_fd_sc_hd__or3_4'.
Generating RTLIL representation for module `\sky130_fd_sc_hd__or3b_1'.
Generating RTLIL representation for module `\sky130_fd_sc_hd__or3b_2'.
Generating RTLIL representation for module `\sky130_fd_sc_hd__or3b_4'.
Generating RTLIL representation for module `\sky130_fd_sc_hd__or4_1'.
Generating RTLIL representation for module `\sky130_fd_sc_hd__or4_2'.
Generating RTLIL representation for module `\sky130_fd_sc_hd__or4_4'.
Generating RTLIL representation for module `\sky130_fd_sc_hd__or4b_1'.
Generating RTLIL representation for module `\sky130_fd_sc_hd__or4b_2'.
Generating RTLIL representation for module `\sky130_fd_sc_hd__or4b_4'.
Generating RTLIL representation for module `\sky130_fd_sc_hd__or4bb_1'.
Generating RTLIL representation for module `\sky130_fd_sc_hd__or4bb_2'.
Generating RTLIL representation for module `\sky130_fd_sc_hd__or4bb_4'.
Generating RTLIL representation for module `\sky130_fd_sc_hd__probe_p_8'.
Generating RTLIL representation for module `\sky130_fd_sc_hd__probec_p_8'.
Generating RTLIL representation for module `\sky130_fd_sc_hd__sdfbbn_1'.
Generating RTLIL representation for module `\sky130_fd_sc_hd__sdfbbn_2'.
Generating RTLIL representation for module `\sky130_fd_sc_hd__sdfbbp_1'.
Generating RTLIL representation for module `\sky130_fd_sc_hd__sdfrbp_1'.
Generating RTLIL representation for module `\sky130_fd_sc_hd__sdfrbp_2'.
Generating RTLIL representation for module `\sky130_fd_sc_hd__sdfrtn_1'.
Generating RTLIL representation for module `\sky130_fd_sc_hd__sdfrtp_1'.
Generating RTLIL representation for module `\sky130_fd_sc_hd__sdfrtp_2'.
Generating RTLIL representation for module `\sky130_fd_sc_hd__sdfrtp_4'.
Generating RTLIL representation for module `\sky130_fd_sc_hd__sdfsbp_1'.
Generating RTLIL representation for module `\sky130_fd_sc_hd__sdfsbp_2'.
Generating RTLIL representation for module `\sky130_fd_sc_hd__sdfstp_1'.
Generating RTLIL representation for module `\sky130_fd_sc_hd__sdfstp_2'.
Generating RTLIL representation for module `\sky130_fd_sc_hd__sdfstp_4'.
Generating RTLIL representation for module `\sky130_fd_sc_hd__sdfxbp_1'.
Generating RTLIL representation for module `\sky130_fd_sc_hd__sdfxbp_2'.
Generating RTLIL representation for module `\sky130_fd_sc_hd__sdfxtp_1'.
Generating RTLIL representation for module `\sky130_fd_sc_hd__sdfxtp_2'.
Generating RTLIL representation for module `\sky130_fd_sc_hd__sdfxtp_4'.
Generating RTLIL representation for module `\sky130_fd_sc_hd__sdlclkp_1'.
Generating RTLIL representation for module `\sky130_fd_sc_hd__sdlclkp_2'.
Generating RTLIL representation for module `\sky130_fd_sc_hd__sdlclkp_4'.
Generating RTLIL representation for module `\sky130_fd_sc_hd__sedfxbp_1'.
Generating RTLIL representation for module `\sky130_fd_sc_hd__sedfxbp_2'.
Generating RTLIL representation for module `\sky130_fd_sc_hd__sedfxtp_1'.
Generating RTLIL representation for module `\sky130_fd_sc_hd__sedfxtp_2'.
Generating RTLIL representation for module `\sky130_fd_sc_hd__sedfxtp_4'.
Generating RTLIL representation for module `\sky130_fd_sc_hd__tap_1'.
Generating RTLIL representation for module `\sky130_fd_sc_hd__tap_2'.
Generating RTLIL representation for module `\sky130_fd_sc_hd__tapvgnd2_1'.
Generating RTLIL representation for module `\sky130_fd_sc_hd__tapvgnd_1'.
Generating RTLIL representation for module `\sky130_fd_sc_hd__tapvpwrvgnd_1'.
Generating RTLIL representation for module `\sky130_fd_sc_hd__xnor2_1'.
Generating RTLIL representation for module `\sky130_fd_sc_hd__xnor2_2'.
Generating RTLIL representation for module `\sky130_fd_sc_hd__xnor2_4'.
Generating RTLIL representation for module `\sky130_fd_sc_hd__xnor3_1'.
Generating RTLIL representation for module `\sky130_fd_sc_hd__xnor3_2'.
Generating RTLIL representation for module `\sky130_fd_sc_hd__xnor3_4'.
Generating RTLIL representation for module `\sky130_fd_sc_hd__xor2_1'.
Generating RTLIL representation for module `\sky130_fd_sc_hd__xor2_2'.
Generating RTLIL representation for module `\sky130_fd_sc_hd__xor2_4'.
Generating RTLIL representation for module `\sky130_fd_sc_hd__xor3_1'.
Generating RTLIL representation for module `\sky130_fd_sc_hd__xor3_2'.
Generating RTLIL representation for module `\sky130_fd_sc_hd__xor3_4'.
Successfully finished Verilog frontend.
wtaf

2. Executing Verilog-2005 frontend: /Users/rein/mips_pipeline/src/mips_top.v
Parsing SystemVerilog input from `/Users/rein/mips_pipeline/src/mips_top.v' to AST representation.
Storing AST representation for module `$abstract\mips_top'.
Successfully finished Verilog frontend.

3. Executing Verilog-2005 frontend: /Users/rein/mips_pipeline/src/control_unit.v
Parsing SystemVerilog input from `/Users/rein/mips_pipeline/src/control_unit.v' to AST representation.
Storing AST representation for module `$abstract\control_unit'.
Successfully finished Verilog frontend.

4. Executing Verilog-2005 frontend: /Users/rein/mips_pipeline/src/alu.v
Parsing SystemVerilog input from `/Users/rein/mips_pipeline/src/alu.v' to AST representation.
Storing AST representation for module `$abstract\alu'.
Successfully finished Verilog frontend.

5. Executing Verilog-2005 frontend: /Users/rein/mips_pipeline/src/register_file.v
Parsing SystemVerilog input from `/Users/rein/mips_pipeline/src/register_file.v' to AST representation.
Storing AST representation for module `$abstract\register_file'.
Successfully finished Verilog frontend.

6. Executing Verilog-2005 frontend: /Users/rein/mips_pipeline/src/data_memory.v
Parsing SystemVerilog input from `/Users/rein/mips_pipeline/src/data_memory.v' to AST representation.
Storing AST representation for module `$abstract\data_memory'.
Successfully finished Verilog frontend.

7. Executing Verilog-2005 frontend: /Users/rein/mips_pipeline/src/if_id_reg.v
Parsing SystemVerilog input from `/Users/rein/mips_pipeline/src/if_id_reg.v' to AST representation.
Storing AST representation for module `$abstract\if_id_reg'.
Successfully finished Verilog frontend.

8. Executing Verilog-2005 frontend: /Users/rein/mips_pipeline/src/id_ex_reg.v
Parsing SystemVerilog input from `/Users/rein/mips_pipeline/src/id_ex_reg.v' to AST representation.
Storing AST representation for module `$abstract\id_ex_reg'.
Successfully finished Verilog frontend.

9. Executing Verilog-2005 frontend: /Users/rein/mips_pipeline/src/ex_mem_reg.v
Parsing SystemVerilog input from `/Users/rein/mips_pipeline/src/ex_mem_reg.v' to AST representation.
Storing AST representation for module `$abstract\ex_mem_reg'.
Successfully finished Verilog frontend.

10. Executing Verilog-2005 frontend: /Users/rein/mips_pipeline/src/mem_wb_reg.v
Parsing SystemVerilog input from `/Users/rein/mips_pipeline/src/mem_wb_reg.v' to AST representation.
Storing AST representation for module `$abstract\mem_wb_reg'.
Successfully finished Verilog frontend.

11. Executing HIERARCHY pass (managing design hierarchy).

12. Executing AST frontend in derive mode using pre-parsed AST for module `\mips_top'.
Generating RTLIL representation for module `\mips_top'.

12.1. Analyzing design hierarchy..
Top module:  \mips_top

12.2. Executing AST frontend in derive mode using pre-parsed AST for module `\mem_wb_reg'.
Generating RTLIL representation for module `\mem_wb_reg'.

12.3. Executing AST frontend in derive mode using pre-parsed AST for module `\data_memory'.
Generating RTLIL representation for module `\data_memory'.

12.4. Executing AST frontend in derive mode using pre-parsed AST for module `\ex_mem_reg'.
Generating RTLIL representation for module `\ex_mem_reg'.

12.5. Executing AST frontend in derive mode using pre-parsed AST for module `\alu'.
Generating RTLIL representation for module `\alu'.

12.6. Executing AST frontend in derive mode using pre-parsed AST for module `\id_ex_reg'.
Generating RTLIL representation for module `\id_ex_reg'.

12.7. Executing AST frontend in derive mode using pre-parsed AST for module `\register_file'.
Generating RTLIL representation for module `\register_file'.

12.8. Executing AST frontend in derive mode using pre-parsed AST for module `\control_unit'.
Generating RTLIL representation for module `\control_unit'.

12.9. Executing AST frontend in derive mode using pre-parsed AST for module `\if_id_reg'.
Generating RTLIL representation for module `\if_id_reg'.

12.10. Analyzing design hierarchy..
Top module:  \mips_top
Used module:     \mem_wb_reg
Used module:     \data_memory
Used module:     \ex_mem_reg
Used module:     \alu
Used module:     \id_ex_reg
Used module:     \register_file
Used module:     \control_unit
Used module:     \if_id_reg

12.11. Analyzing design hierarchy..
Top module:  \mips_top
Used module:     \mem_wb_reg
Used module:     \data_memory
Used module:     \ex_mem_reg
Used module:     \alu
Used module:     \id_ex_reg
Used module:     \register_file
Used module:     \control_unit
Used module:     \if_id_reg
Removing unused module `$abstract\mem_wb_reg'.
Removing unused module `$abstract\ex_mem_reg'.
Removing unused module `$abstract\id_ex_reg'.
Removing unused module `$abstract\if_id_reg'.
Removing unused module `$abstract\data_memory'.
Removing unused module `$abstract\register_file'.
Removing unused module `$abstract\alu'.
Removing unused module `$abstract\control_unit'.
Removing unused module `$abstract\mips_top'.
Removed 9 unused modules.
Renaming module mips_top to mips_top.

13. Executing PROC pass (convert processes to netlists).

13.1. Executing PROC_CLEAN pass (remove empty switches from decision trees).
Cleaned up 0 empty switches.

13.2. Executing PROC_RMDEAD pass (remove dead branches from decision trees).
Marked 1 switch rules as full_case in process $proc$/Users/rein/mips_pipeline/src/mips_top.v:9$4 in module mips_top.
Marked 1 switch rules as full_case in process $proc$/Users/rein/mips_pipeline/src/control_unit.v:7$140 in module control_unit.
Marked 1 switch rules as full_case in process $proc$/Users/rein/mips_pipeline/src/register_file.v:11$64 in module register_file.
Marked 1 switch rules as full_case in process $proc$/Users/rein/mips_pipeline/src/id_ex_reg.v:10$30 in module id_ex_reg.
Marked 1 switch rules as full_case in process $proc$/Users/rein/mips_pipeline/src/alu.v:7$22 in module alu.
Marked 1 switch rules as full_case in process $proc$/Users/rein/mips_pipeline/src/ex_mem_reg.v:10$21 in module ex_mem_reg.
Marked 1 switch rules as full_case in process $proc$/Users/rein/mips_pipeline/src/data_memory.v:7$12 in module data_memory.
Marked 1 switch rules as full_case in process $proc$/Users/rein/mips_pipeline/src/mem_wb_reg.v:10$10 in module mem_wb_reg.
Marked 1 switch rules as full_case in process $proc$/Users/rein/mips_pipeline/src/if_id_reg.v:6$141 in module if_id_reg.
Removed a total of 0 dead cases.

13.3. Executing PROC_PRUNE pass (remove redundant assignments in processes).
Removed 24 redundant assignments.
Promoted 48 assignments to connections.

13.4. Executing PROC_INIT pass (extract init attributes).

13.5. Executing PROC_ARST pass (detect async resets in processes).

13.6. Executing PROC_ROM pass (convert switches to ROMs).
Converted 0 switches.
<suppressed ~9 debug messages>

13.7. Executing PROC_MUX pass (convert decision trees to multiplexers).
Creating decoders for process `\mips_top.$proc$/Users/rein/mips_pipeline/src/mips_top.v:9$4'.
     1/1: $0\pc[31:0]
Creating decoders for process `\control_unit.$proc$/Users/rein/mips_pipeline/src/control_unit.v:7$140'.
     1/1: { $1\reg_dst[0:0] $1\alu_src[0:0] $1\mem_to_reg[0:0] $1\reg_write[0:0] $1\mem_read[0:0] $1\mem_write[0:0] $1\branch[0:0] $1\alu_op[1:0] }
Creating decoders for process `\register_file.$proc$/Users/rein/mips_pipeline/src/register_file.v:9$107'.
Creating decoders for process `\register_file.$proc$/Users/rein/mips_pipeline/src/register_file.v:11$64'.
     1/3: $1$memwr$\regs$/Users/rein/mips_pipeline/src/register_file.v:12$63_EN[31:0]$72
     2/3: $1$memwr$\regs$/Users/rein/mips_pipeline/src/register_file.v:12$63_DATA[31:0]$71
     3/3: $1$memwr$\regs$/Users/rein/mips_pipeline/src/register_file.v:12$63_ADDR[4:0]$70
Creating decoders for process `\id_ex_reg.$proc$/Users/rein/mips_pipeline/src/id_ex_reg.v:10$30'.
     1/1: { $0\pc_plus4_out[31:0] $0\rd1_out[31:0] $0\rd2_out[31:0] $0\imm_out[31:0] $0\rt_out[4:0] $0\rd_out[4:0] $0\ctrl_out[8:0] }
Creating decoders for process `\alu.$proc$/Users/rein/mips_pipeline/src/alu.v:7$22'.
     1/1: $1\result[31:0]
Creating decoders for process `\ex_mem_reg.$proc$/Users/rein/mips_pipeline/src/ex_mem_reg.v:10$21'.
     1/1: { $0\alu_result_out[31:0] $0\wd_out[31:0] $0\zero_out[0:0] $0\branch_out[0:0] $0\mem_read_out[0:0] $0\mem_write_out[0:0] $0\mem_to_reg_out[0:0] $0\reg_write_out[0:0] $0\rd_out[4:0] }
Creating decoders for process `\data_memory.$proc$/Users/rein/mips_pipeline/src/data_memory.v:7$12'.
     1/3: $1$memwr$\mem$/Users/rein/mips_pipeline/src/data_memory.v:8$11_EN[31:0]$18
     2/3: $1$memwr$\mem$/Users/rein/mips_pipeline/src/data_memory.v:8$11_DATA[31:0]$17
     3/3: $1$memwr$\mem$/Users/rein/mips_pipeline/src/data_memory.v:8$11_ADDR[7:0]$16
Creating decoders for process `\mem_wb_reg.$proc$/Users/rein/mips_pipeline/src/mem_wb_reg.v:10$10'.
     1/1: { $0\read_data_out[31:0] $0\alu_result_out[31:0] $0\mem_to_reg_out[0:0] $0\reg_write_out[0:0] $0\rd_out[4:0] }
Creating decoders for process `\if_id_reg.$proc$/Users/rein/mips_pipeline/src/if_id_reg.v:6$141'.
     1/1: { $0\pc_plus4_out[31:0] $0\instr_out[31:0] }

13.8. Executing PROC_DLATCH pass (convert process syncs to latches).
No latch inferred for signal `\control_unit.\reg_dst' from process `\control_unit.$proc$/Users/rein/mips_pipeline/src/control_unit.v:7$140'.
No latch inferred for signal `\control_unit.\branch' from process `\control_unit.$proc$/Users/rein/mips_pipeline/src/control_unit.v:7$140'.
No latch inferred for signal `\control_unit.\mem_read' from process `\control_unit.$proc$/Users/rein/mips_pipeline/src/control_unit.v:7$140'.
No latch inferred for signal `\control_unit.\mem_to_reg' from process `\control_unit.$proc$/Users/rein/mips_pipeline/src/control_unit.v:7$140'.
No latch inferred for signal `\control_unit.\mem_write' from process `\control_unit.$proc$/Users/rein/mips_pipeline/src/control_unit.v:7$140'.
No latch inferred for signal `\control_unit.\alu_src' from process `\control_unit.$proc$/Users/rein/mips_pipeline/src/control_unit.v:7$140'.
No latch inferred for signal `\control_unit.\reg_write' from process `\control_unit.$proc$/Users/rein/mips_pipeline/src/control_unit.v:7$140'.
No latch inferred for signal `\control_unit.\alu_op' from process `\control_unit.$proc$/Users/rein/mips_pipeline/src/control_unit.v:7$140'.
No latch inferred for signal `\register_file.\i' from process `\register_file.$proc$/Users/rein/mips_pipeline/src/register_file.v:9$107'.
No latch inferred for signal `\register_file.$memwr$\regs$/Users/rein/mips_pipeline/src/register_file.v:9$31_EN' from process `\register_file.$proc$/Users/rein/mips_pipeline/src/register_file.v:9$107'.
No latch inferred for signal `\register_file.$memwr$\regs$/Users/rein/mips_pipeline/src/register_file.v:9$32_EN' from process `\register_file.$proc$/Users/rein/mips_pipeline/src/register_file.v:9$107'.
No latch inferred for signal `\register_file.$memwr$\regs$/Users/rein/mips_pipeline/src/register_file.v:9$33_EN' from process `\register_file.$proc$/Users/rein/mips_pipeline/src/register_file.v:9$107'.
No latch inferred for signal `\register_file.$memwr$\regs$/Users/rein/mips_pipeline/src/register_file.v:9$34_EN' from process `\register_file.$proc$/Users/rein/mips_pipeline/src/register_file.v:9$107'.
No latch inferred for signal `\register_file.$memwr$\regs$/Users/rein/mips_pipeline/src/register_file.v:9$35_EN' from process `\register_file.$proc$/Users/rein/mips_pipeline/src/register_file.v:9$107'.
No latch inferred for signal `\register_file.$memwr$\regs$/Users/rein/mips_pipeline/src/register_file.v:9$36_EN' from process `\register_file.$proc$/Users/rein/mips_pipeline/src/register_file.v:9$107'.
No latch inferred for signal `\register_file.$memwr$\regs$/Users/rein/mips_pipeline/src/register_file.v:9$37_EN' from process `\register_file.$proc$/Users/rein/mips_pipeline/src/register_file.v:9$107'.
No latch inferred for signal `\register_file.$memwr$\regs$/Users/rein/mips_pipeline/src/register_file.v:9$38_EN' from process `\register_file.$proc$/Users/rein/mips_pipeline/src/register_file.v:9$107'.
No latch inferred for signal `\register_file.$memwr$\regs$/Users/rein/mips_pipeline/src/register_file.v:9$39_EN' from process `\register_file.$proc$/Users/rein/mips_pipeline/src/register_file.v:9$107'.
No latch inferred for signal `\register_file.$memwr$\regs$/Users/rein/mips_pipeline/src/register_file.v:9$40_EN' from process `\register_file.$proc$/Users/rein/mips_pipeline/src/register_file.v:9$107'.
No latch inferred for signal `\register_file.$memwr$\regs$/Users/rein/mips_pipeline/src/register_file.v:9$41_EN' from process `\register_file.$proc$/Users/rein/mips_pipeline/src/register_file.v:9$107'.
No latch inferred for signal `\register_file.$memwr$\regs$/Users/rein/mips_pipeline/src/register_file.v:9$42_EN' from process `\register_file.$proc$/Users/rein/mips_pipeline/src/register_file.v:9$107'.
No latch inferred for signal `\register_file.$memwr$\regs$/Users/rein/mips_pipeline/src/register_file.v:9$43_EN' from process `\register_file.$proc$/Users/rein/mips_pipeline/src/register_file.v:9$107'.
No latch inferred for signal `\register_file.$memwr$\regs$/Users/rein/mips_pipeline/src/register_file.v:9$44_EN' from process `\register_file.$proc$/Users/rein/mips_pipeline/src/register_file.v:9$107'.
No latch inferred for signal `\register_file.$memwr$\regs$/Users/rein/mips_pipeline/src/register_file.v:9$45_EN' from process `\register_file.$proc$/Users/rein/mips_pipeline/src/register_file.v:9$107'.
No latch inferred for signal `\register_file.$memwr$\regs$/Users/rein/mips_pipeline/src/register_file.v:9$46_EN' from process `\register_file.$proc$/Users/rein/mips_pipeline/src/register_file.v:9$107'.
No latch inferred for signal `\register_file.$memwr$\regs$/Users/rein/mips_pipeline/src/register_file.v:9$47_EN' from process `\register_file.$proc$/Users/rein/mips_pipeline/src/register_file.v:9$107'.
No latch inferred for signal `\register_file.$memwr$\regs$/Users/rein/mips_pipeline/src/register_file.v:9$48_EN' from process `\register_file.$proc$/Users/rein/mips_pipeline/src/register_file.v:9$107'.
No latch inferred for signal `\register_file.$memwr$\regs$/Users/rein/mips_pipeline/src/register_file.v:9$49_EN' from process `\register_file.$proc$/Users/rein/mips_pipeline/src/register_file.v:9$107'.
No latch inferred for signal `\register_file.$memwr$\regs$/Users/rein/mips_pipeline/src/register_file.v:9$50_EN' from process `\register_file.$proc$/Users/rein/mips_pipeline/src/register_file.v:9$107'.
No latch inferred for signal `\register_file.$memwr$\regs$/Users/rein/mips_pipeline/src/register_file.v:9$51_EN' from process `\register_file.$proc$/Users/rein/mips_pipeline/src/register_file.v:9$107'.
No latch inferred for signal `\register_file.$memwr$\regs$/Users/rein/mips_pipeline/src/register_file.v:9$52_EN' from process `\register_file.$proc$/Users/rein/mips_pipeline/src/register_file.v:9$107'.
No latch inferred for signal `\register_file.$memwr$\regs$/Users/rein/mips_pipeline/src/register_file.v:9$53_EN' from process `\register_file.$proc$/Users/rein/mips_pipeline/src/register_file.v:9$107'.
No latch inferred for signal `\register_file.$memwr$\regs$/Users/rein/mips_pipeline/src/register_file.v:9$54_EN' from process `\register_file.$proc$/Users/rein/mips_pipeline/src/register_file.v:9$107'.
No latch inferred for signal `\register_file.$memwr$\regs$/Users/rein/mips_pipeline/src/register_file.v:9$55_EN' from process `\register_file.$proc$/Users/rein/mips_pipeline/src/register_file.v:9$107'.
No latch inferred for signal `\register_file.$memwr$\regs$/Users/rein/mips_pipeline/src/register_file.v:9$56_EN' from process `\register_file.$proc$/Users/rein/mips_pipeline/src/register_file.v:9$107'.
No latch inferred for signal `\register_file.$memwr$\regs$/Users/rein/mips_pipeline/src/register_file.v:9$57_EN' from process `\register_file.$proc$/Users/rein/mips_pipeline/src/register_file.v:9$107'.
No latch inferred for signal `\register_file.$memwr$\regs$/Users/rein/mips_pipeline/src/register_file.v:9$58_EN' from process `\register_file.$proc$/Users/rein/mips_pipeline/src/register_file.v:9$107'.
No latch inferred for signal `\register_file.$memwr$\regs$/Users/rein/mips_pipeline/src/register_file.v:9$59_EN' from process `\register_file.$proc$/Users/rein/mips_pipeline/src/register_file.v:9$107'.
No latch inferred for signal `\register_file.$memwr$\regs$/Users/rein/mips_pipeline/src/register_file.v:9$60_EN' from process `\register_file.$proc$/Users/rein/mips_pipeline/src/register_file.v:9$107'.
No latch inferred for signal `\register_file.$memwr$\regs$/Users/rein/mips_pipeline/src/register_file.v:9$61_EN' from process `\register_file.$proc$/Users/rein/mips_pipeline/src/register_file.v:9$107'.
No latch inferred for signal `\register_file.$memwr$\regs$/Users/rein/mips_pipeline/src/register_file.v:9$62_EN' from process `\register_file.$proc$/Users/rein/mips_pipeline/src/register_file.v:9$107'.
No latch inferred for signal `\alu.\result' from process `\alu.$proc$/Users/rein/mips_pipeline/src/alu.v:7$22'.

13.9. Executing PROC_DFF pass (convert process syncs to FFs).
Creating register for signal `\mips_top.\pc' using process `\mips_top.$proc$/Users/rein/mips_pipeline/src/mips_top.v:9$4'.
  created $dff cell `$procdff$188' with positive edge clock.
Creating register for signal `\register_file.$memwr$\regs$/Users/rein/mips_pipeline/src/register_file.v:12$63_ADDR' using process `\register_file.$proc$/Users/rein/mips_pipeline/src/register_file.v:11$64'.
  created $dff cell `$procdff$189' with positive edge clock.
Creating register for signal `\register_file.$memwr$\regs$/Users/rein/mips_pipeline/src/register_file.v:12$63_DATA' using process `\register_file.$proc$/Users/rein/mips_pipeline/src/register_file.v:11$64'.
  created $dff cell `$procdff$190' with positive edge clock.
Creating register for signal `\register_file.$memwr$\regs$/Users/rein/mips_pipeline/src/register_file.v:12$63_EN' using process `\register_file.$proc$/Users/rein/mips_pipeline/src/register_file.v:11$64'.
  created $dff cell `$procdff$191' with positive edge clock.
Creating register for signal `\id_ex_reg.\pc_plus4_out' using process `\id_ex_reg.$proc$/Users/rein/mips_pipeline/src/id_ex_reg.v:10$30'.
  created $dff cell `$procdff$192' with positive edge clock.
Creating register for signal `\id_ex_reg.\rd1_out' using process `\id_ex_reg.$proc$/Users/rein/mips_pipeline/src/id_ex_reg.v:10$30'.
  created $dff cell `$procdff$193' with positive edge clock.
Creating register for signal `\id_ex_reg.\rd2_out' using process `\id_ex_reg.$proc$/Users/rein/mips_pipeline/src/id_ex_reg.v:10$30'.
  created $dff cell `$procdff$194' with positive edge clock.
Creating register for signal `\id_ex_reg.\imm_out' using process `\id_ex_reg.$proc$/Users/rein/mips_pipeline/src/id_ex_reg.v:10$30'.
  created $dff cell `$procdff$195' with positive edge clock.
Creating register for signal `\id_ex_reg.\rt_out' using process `\id_ex_reg.$proc$/Users/rein/mips_pipeline/src/id_ex_reg.v:10$30'.
  created $dff cell `$procdff$196' with positive edge clock.
Creating register for signal `\id_ex_reg.\rd_out' using process `\id_ex_reg.$proc$/Users/rein/mips_pipeline/src/id_ex_reg.v:10$30'.
  created $dff cell `$procdff$197' with positive edge clock.
Creating register for signal `\id_ex_reg.\ctrl_out' using process `\id_ex_reg.$proc$/Users/rein/mips_pipeline/src/id_ex_reg.v:10$30'.
  created $dff cell `$procdff$198' with positive edge clock.
Creating register for signal `\ex_mem_reg.\rd_out' using process `\ex_mem_reg.$proc$/Users/rein/mips_pipeline/src/ex_mem_reg.v:10$21'.
  created $dff cell `$procdff$199' with positive edge clock.
Creating register for signal `\ex_mem_reg.\alu_result_out' using process `\ex_mem_reg.$proc$/Users/rein/mips_pipeline/src/ex_mem_reg.v:10$21'.
  created $dff cell `$procdff$200' with positive edge clock.
Creating register for signal `\ex_mem_reg.\wd_out' using process `\ex_mem_reg.$proc$/Users/rein/mips_pipeline/src/ex_mem_reg.v:10$21'.
  created $dff cell `$procdff$201' with positive edge clock.
Creating register for signal `\ex_mem_reg.\zero_out' using process `\ex_mem_reg.$proc$/Users/rein/mips_pipeline/src/ex_mem_reg.v:10$21'.
  created $dff cell `$procdff$202' with positive edge clock.
Creating register for signal `\ex_mem_reg.\branch_out' using process `\ex_mem_reg.$proc$/Users/rein/mips_pipeline/src/ex_mem_reg.v:10$21'.
  created $dff cell `$procdff$203' with positive edge clock.
Creating register for signal `\ex_mem_reg.\mem_read_out' using process `\ex_mem_reg.$proc$/Users/rein/mips_pipeline/src/ex_mem_reg.v:10$21'.
  created $dff cell `$procdff$204' with positive edge clock.
Creating register for signal `\ex_mem_reg.\mem_write_out' using process `\ex_mem_reg.$proc$/Users/rein/mips_pipeline/src/ex_mem_reg.v:10$21'.
  created $dff cell `$procdff$205' with positive edge clock.
Creating register for signal `\ex_mem_reg.\mem_to_reg_out' using process `\ex_mem_reg.$proc$/Users/rein/mips_pipeline/src/ex_mem_reg.v:10$21'.
  created $dff cell `$procdff$206' with positive edge clock.
Creating register for signal `\ex_mem_reg.\reg_write_out' using process `\ex_mem_reg.$proc$/Users/rein/mips_pipeline/src/ex_mem_reg.v:10$21'.
  created $dff cell `$procdff$207' with positive edge clock.
Creating register for signal `\data_memory.$memwr$\mem$/Users/rein/mips_pipeline/src/data_memory.v:8$11_ADDR' using process `\data_memory.$proc$/Users/rein/mips_pipeline/src/data_memory.v:7$12'.
  created $dff cell `$procdff$208' with positive edge clock.
Creating register for signal `\data_memory.$memwr$\mem$/Users/rein/mips_pipeline/src/data_memory.v:8$11_DATA' using process `\data_memory.$proc$/Users/rein/mips_pipeline/src/data_memory.v:7$12'.
  created $dff cell `$procdff$209' with positive edge clock.
Creating register for signal `\data_memory.$memwr$\mem$/Users/rein/mips_pipeline/src/data_memory.v:8$11_EN' using process `\data_memory.$proc$/Users/rein/mips_pipeline/src/data_memory.v:7$12'.
  created $dff cell `$procdff$210' with positive edge clock.
Creating register for signal `\mem_wb_reg.\rd_out' using process `\mem_wb_reg.$proc$/Users/rein/mips_pipeline/src/mem_wb_reg.v:10$10'.
  created $dff cell `$procdff$211' with positive edge clock.
Creating register for signal `\mem_wb_reg.\alu_result_out' using process `\mem_wb_reg.$proc$/Users/rein/mips_pipeline/src/mem_wb_reg.v:10$10'.
  created $dff cell `$procdff$212' with positive edge clock.
Creating register for signal `\mem_wb_reg.\mem_to_reg_out' using process `\mem_wb_reg.$proc$/Users/rein/mips_pipeline/src/mem_wb_reg.v:10$10'.
  created $dff cell `$procdff$213' with positive edge clock.
Creating register for signal `\mem_wb_reg.\reg_write_out' using process `\mem_wb_reg.$proc$/Users/rein/mips_pipeline/src/mem_wb_reg.v:10$10'.
  created $dff cell `$procdff$214' with positive edge clock.
Creating register for signal `\mem_wb_reg.\read_data_out' using process `\mem_wb_reg.$proc$/Users/rein/mips_pipeline/src/mem_wb_reg.v:10$10'.
  created $dff cell `$procdff$215' with positive edge clock.
Creating register for signal `\if_id_reg.\pc_plus4_out' using process `\if_id_reg.$proc$/Users/rein/mips_pipeline/src/if_id_reg.v:6$141'.
  created $dff cell `$procdff$216' with positive edge clock.
Creating register for signal `\if_id_reg.\instr_out' using process `\if_id_reg.$proc$/Users/rein/mips_pipeline/src/if_id_reg.v:6$141'.
  created $dff cell `$procdff$217' with positive edge clock.

13.10. Executing PROC_MEMWR pass (convert process memory writes to cells).

13.11. Executing PROC_CLEAN pass (remove empty switches from decision trees).
Found and cleaned up 1 empty switch in `\mips_top.$proc$/Users/rein/mips_pipeline/src/mips_top.v:9$4'.
Removing empty process `mips_top.$proc$/Users/rein/mips_pipeline/src/mips_top.v:9$4'.
Found and cleaned up 1 empty switch in `\control_unit.$proc$/Users/rein/mips_pipeline/src/control_unit.v:7$140'.
Removing empty process `control_unit.$proc$/Users/rein/mips_pipeline/src/control_unit.v:7$140'.
Removing empty process `register_file.$proc$/Users/rein/mips_pipeline/src/register_file.v:9$107'.
Found and cleaned up 1 empty switch in `\register_file.$proc$/Users/rein/mips_pipeline/src/register_file.v:11$64'.
Removing empty process `register_file.$proc$/Users/rein/mips_pipeline/src/register_file.v:11$64'.
Found and cleaned up 1 empty switch in `\id_ex_reg.$proc$/Users/rein/mips_pipeline/src/id_ex_reg.v:10$30'.
Removing empty process `id_ex_reg.$proc$/Users/rein/mips_pipeline/src/id_ex_reg.v:10$30'.
Found and cleaned up 1 empty switch in `\alu.$proc$/Users/rein/mips_pipeline/src/alu.v:7$22'.
Removing empty process `alu.$proc$/Users/rein/mips_pipeline/src/alu.v:7$22'.
Found and cleaned up 1 empty switch in `\ex_mem_reg.$proc$/Users/rein/mips_pipeline/src/ex_mem_reg.v:10$21'.
Removing empty process `ex_mem_reg.$proc$/Users/rein/mips_pipeline/src/ex_mem_reg.v:10$21'.
Found and cleaned up 1 empty switch in `\data_memory.$proc$/Users/rein/mips_pipeline/src/data_memory.v:7$12'.
Removing empty process `data_memory.$proc$/Users/rein/mips_pipeline/src/data_memory.v:7$12'.
Found and cleaned up 1 empty switch in `\mem_wb_reg.$proc$/Users/rein/mips_pipeline/src/mem_wb_reg.v:10$10'.
Removing empty process `mem_wb_reg.$proc$/Users/rein/mips_pipeline/src/mem_wb_reg.v:10$10'.
Found and cleaned up 1 empty switch in `\if_id_reg.$proc$/Users/rein/mips_pipeline/src/if_id_reg.v:6$141'.
Removing empty process `if_id_reg.$proc$/Users/rein/mips_pipeline/src/if_id_reg.v:6$141'.
Cleaned up 9 empty switches.

13.12. Executing OPT_EXPR pass (perform const folding).
Optimizing module mips_top.
Optimizing module control_unit.
<suppressed ~1 debug messages>
Optimizing module register_file.
<suppressed ~1 debug messages>
Optimizing module id_ex_reg.
Optimizing module alu.
<suppressed ~2 debug messages>
Optimizing module ex_mem_reg.
Optimizing module data_memory.
Optimizing module mem_wb_reg.
Optimizing module if_id_reg.

14. Executing FLATTEN pass (flatten design).
Deleting now unused module control_unit.
Deleting now unused module register_file.
Deleting now unused module id_ex_reg.
Deleting now unused module alu.
Deleting now unused module ex_mem_reg.
Deleting now unused module data_memory.
Deleting now unused module mem_wb_reg.
Deleting now unused module if_id_reg.
<suppressed ~8 debug messages>

15. Executing OPT_CLEAN pass (remove unused cells and wires).
Finding unused cells or wires in module \mips_top..
Removed 114 unused cells and 309 unused wires.
<suppressed ~249 debug messages>
